TN:
SF:src\server.js
FN:59,initializeApplication
FN:106,startServer
FN:122,(anonymous_2)
FN:147,(anonymous_3)
FN:209,(anonymous_4)
FN:235,(anonymous_5)
FN:249,(anonymous_6)
FN:263,(anonymous_7)
FN:270,(anonymous_8)
FN:314,(anonymous_9)
FN:327,(anonymous_10)
FNF:11
FNH:7
FNDA:0,initializeApplication
FNDA:2,startServer
FNDA:63,(anonymous_2)
FNDA:3,(anonymous_3)
FNDA:1,(anonymous_4)
FNDA:1,(anonymous_5)
FNDA:1,(anonymous_6)
FNDA:0,(anonymous_7)
FNDA:0,(anonymous_8)
FNDA:1,(anonymous_9)
FNDA:0,(anonymous_10)
DA:1,2
DA:2,2
DA:3,2
DA:4,2
DA:5,2
DA:6,2
DA:8,2
DA:9,2
DA:10,2
DA:11,2
DA:12,2
DA:13,2
DA:14,2
DA:15,2
DA:16,2
DA:17,2
DA:18,2
DA:19,2
DA:20,2
DA:21,2
DA:22,2
DA:23,2
DA:24,2
DA:25,2
DA:26,2
DA:27,2
DA:28,2
DA:29,2
DA:30,2
DA:31,2
DA:32,2
DA:33,2
DA:34,2
DA:35,2
DA:36,2
DA:37,2
DA:38,2
DA:39,2
DA:40,2
DA:41,2
DA:42,2
DA:43,2
DA:44,2
DA:45,2
DA:46,2
DA:47,2
DA:49,2
DA:52,2
DA:55,2
DA:56,2
DA:60,0
DA:61,0
DA:64,0
DA:65,0
DA:67,0
DA:68,0
DA:72,0
DA:75,0
DA:76,0
DA:82,0
DA:85,0
DA:88,0
DA:89,0
DA:90,0
DA:91,0
DA:94,0
DA:97,0
DA:100,0
DA:101,0
DA:108,2
DA:109,2
DA:116,2
DA:124,63
DA:125,0
DA:128,63
DA:133,2
DA:134,2
DA:137,2
DA:138,2
DA:141,2
DA:144,2
DA:147,2
DA:148,3
DA:209,2
DA:210,1
DA:211,1
DA:212,1
DA:213,1
DA:220,1
DA:228,0
DA:235,2
DA:236,1
DA:245,1
DA:249,2
DA:250,1
DA:259,1
DA:263,2
DA:264,0
DA:265,0
DA:266,0
DA:270,2
DA:271,0
DA:275,2
DA:276,2
DA:277,2
DA:278,2
DA:279,2
DA:280,2
DA:281,2
DA:282,2
DA:283,2
DA:284,2
DA:285,2
DA:286,2
DA:287,2
DA:288,2
DA:289,2
DA:290,2
DA:291,2
DA:292,2
DA:293,2
DA:294,2
DA:295,2
DA:296,2
DA:297,2
DA:298,2
DA:299,2
DA:300,2
DA:301,2
DA:302,2
DA:305,2
DA:306,2
DA:307,2
DA:308,2
DA:311,2
DA:314,2
DA:315,1
DA:322,2
DA:325,2
DA:326,0
DA:327,0
DA:328,0
DA:334,0
DA:335,0
DA:336,0
DA:337,0
DA:343,2
DA:345,2
DA:346,0
DA:347,0
DA:350,2
LF:151
LH:117
BRDA:67,0,0,0
BRDA:67,0,1,0
BRDA:75,1,0,0
BRDA:75,1,1,0
BRDA:89,2,0,0
BRDA:89,2,1,0
BRDA:110,3,0,2
BRDA:110,3,1,0
BRDA:124,4,0,0
BRDA:124,4,1,63
BRDA:124,5,0,63
BRDA:124,5,1,0
BRDA:153,6,0,3
BRDA:153,6,1,0
BRDA:221,7,0,1
BRDA:221,7,1,0
BRDA:222,8,0,1
BRDA:222,8,1,0
BRDA:325,9,0,0
BRDA:325,9,1,2
BRDA:326,10,0,0
BRDA:326,10,1,0
BRDA:330,11,0,0
BRDA:330,11,1,0
BRDA:335,12,0,0
BRDA:335,12,1,0
BRDA:343,13,0,2
BRDA:343,13,1,0
BRDA:346,14,0,0
BRDA:346,14,1,0
BRF:30
BRH:8
end_of_record
TN:
SF:src\config\cloudinary.js
FN:13,(anonymous_0)
FN:72,(anonymous_1)
FN:79,(anonymous_2)
FN:89,(anonymous_3)
FN:100,(anonymous_4)
FN:111,(anonymous_5)
FN:116,(anonymous_6)
FN:117,(anonymous_7)
FNF:8
FNH:2
FNDA:39,(anonymous_0)
FNDA:39,(anonymous_1)
FNDA:0,(anonymous_2)
FNDA:0,(anonymous_3)
FNDA:0,(anonymous_4)
FNDA:0,(anonymous_5)
FNDA:0,(anonymous_6)
FNDA:0,(anonymous_7)
DA:1,3
DA:2,3
DA:3,3
DA:6,3
DA:13,3
DA:14,39
DA:29,3
DA:71,3
DA:72,3
DA:73,39
DA:81,0
DA:87,3
DA:90,0
DA:91,0
DA:92,0
DA:94,0
DA:95,0
DA:101,0
DA:102,0
DA:103,0
DA:105,0
DA:106,0
DA:112,0
DA:117,0
DA:124,3
LF:25
LH:12
BRDA:13,0,0,0
BRDA:111,1,0,0
BRDA:116,2,0,0
BRF:3
BRH:0
end_of_record
TN:
SF:src\config\database.js
FN:4,(anonymous_0)
FN:63,(anonymous_1)
FN:72,(anonymous_2)
FN:79,(anonymous_3)
FN:83,(anonymous_4)
FN:88,(anonymous_5)
FNF:6
FNH:0
FNDA:0,(anonymous_0)
FNDA:0,(anonymous_1)
FNDA:0,(anonymous_2)
FNDA:0,(anonymous_3)
FNDA:0,(anonymous_4)
FNDA:0,(anonymous_5)
DA:1,2
DA:4,2
DA:5,0
DA:6,0
DA:9,0
DA:47,0
DA:48,0
DA:55,0
DA:56,0
DA:57,0
DA:60,0
DA:63,0
DA:64,0
DA:72,0
DA:73,0
DA:79,0
DA:80,0
DA:83,0
DA:84,0
DA:88,0
DA:89,0
DA:90,0
DA:91,0
DA:92,0
DA:94,0
DA:95,0
DA:99,0
DA:108,0
DA:117,0
DA:118,0
DA:119,0
DA:120,0
DA:121,0
DA:122,0
DA:123,0
DA:124,0
DA:125,0
DA:127,0
DA:130,0
DA:134,2
LF:40
LH:3
BRDA:6,0,0,0
BRDA:6,0,1,0
BRDA:11,1,0,0
BRDA:11,1,1,0
BRDA:12,2,0,0
BRDA:12,2,1,0
BRDA:15,3,0,0
BRDA:15,3,1,0
BRDA:16,4,0,0
BRDA:16,4,1,0
BRDA:17,5,0,0
BRDA:17,5,1,0
BRDA:47,6,0,0
BRDA:47,6,1,0
BRDA:47,7,0,0
BRDA:47,7,1,0
BRDA:55,8,0,0
BRDA:55,8,1,0
BRDA:104,9,0,0
BRDA:104,9,1,0
BRDA:111,10,0,0
BRDA:111,10,1,0
BRDA:117,11,0,0
BRDA:117,11,1,0
BRDA:122,12,0,0
BRDA:122,12,1,0
BRF:26
BRH:0
end_of_record
TN:
SF:src\config\databaseTransport.js
FN:5,(anonymous_0)
FN:22,(anonymous_1)
FN:23,(anonymous_2)
FN:38,(anonymous_3)
FN:95,(anonymous_4)
FN:104,(anonymous_5)
FN:114,(anonymous_6)
FN:120,(anonymous_7)
FN:129,(anonymous_8)
FN:135,(anonymous_9)
FN:139,(anonymous_10)
FN:149,(anonymous_11)
FN:155,(anonymous_12)
FN:159,(anonymous_13)
FN:169,(anonymous_14)
FN:206,(anonymous_15)
FN:210,(anonymous_16)
FN:215,(anonymous_17)
FN:223,(anonymous_18)
FNF:19
FNH:0
FNDA:0,(anonymous_0)
FNDA:0,(anonymous_1)
FNDA:0,(anonymous_2)
FNDA:0,(anonymous_3)
FNDA:0,(anonymous_4)
FNDA:0,(anonymous_5)
FNDA:0,(anonymous_6)
FNDA:0,(anonymous_7)
FNDA:0,(anonymous_8)
FNDA:0,(anonymous_9)
FNDA:0,(anonymous_10)
FNDA:0,(anonymous_11)
FNDA:0,(anonymous_12)
FNDA:0,(anonymous_13)
FNDA:0,(anonymous_14)
FNDA:0,(anonymous_15)
FNDA:0,(anonymous_16)
FNDA:0,(anonymous_17)
FNDA:0,(anonymous_18)
DA:1,0
DA:2,0
DA:6,0
DA:7,0
DA:8,0
DA:9,0
DA:10,0
DA:11,0
DA:12,0
DA:13,0
DA:16,0
DA:17,0
DA:23,0
DA:24,0
DA:28,0
DA:31,0
DA:32,0
DA:35,0
DA:39,0
DA:40,0
DA:42,0
DA:54,0
DA:55,0
DA:69,0
DA:70,0
DA:78,0
DA:79,0
DA:89,0
DA:90,0
DA:94,0
DA:95,0
DA:96,0
DA:97,0
DA:101,0
DA:105,0
DA:106,0
DA:107,0
DA:108,0
DA:109,0
DA:110,0
DA:111,0
DA:115,0
DA:117,0
DA:118,0
DA:120,0
DA:121,0
DA:122,0
DA:126,0
DA:130,0
DA:132,0
DA:133,0
DA:135,0
DA:136,0
DA:137,0
DA:138,0
DA:139,0
DA:140,0
DA:145,0
DA:146,0
DA:150,0
DA:152,0
DA:153,0
DA:155,0
DA:156,0
DA:157,0
DA:158,0
DA:159,0
DA:160,0
DA:165,0
DA:166,0
DA:170,0
DA:171,0
DA:175,0
DA:176,0
DA:177,0
DA:178,0
DA:179,0
DA:183,0
DA:184,0
DA:185,0
DA:187,0
DA:188,0
DA:191,0
DA:194,0
DA:195,0
DA:196,0
DA:198,0
DA:202,0
DA:207,0
DA:208,0
DA:210,0
DA:211,0
DA:216,0
DA:217,0
DA:218,0
DA:224,0
DA:225,0
DA:229,0
LF:98
LH:0
BRDA:5,0,0,0
BRDA:8,1,0,0
BRDA:8,1,1,0
BRDA:9,2,0,0
BRDA:9,2,1,0
BRDA:10,3,0,0
BRDA:10,3,1,0
BRDA:16,4,0,0
BRDA:16,4,1,0
BRDA:31,5,0,0
BRDA:31,5,1,0
BRDA:48,6,0,0
BRDA:48,6,1,0
BRDA:49,7,0,0
BRDA:49,7,1,0
BRDA:54,8,0,0
BRDA:54,8,1,0
BRDA:69,9,0,0
BRDA:69,9,1,0
BRDA:78,10,0,0
BRDA:78,10,1,0
BRDA:78,11,0,0
BRDA:78,11,1,0
BRDA:80,12,0,0
BRDA:80,12,1,0
BRDA:81,13,0,0
BRDA:81,13,1,0
BRDA:82,14,0,0
BRDA:82,14,1,0
BRDA:89,15,0,0
BRDA:89,15,1,0
BRDA:96,16,0,0
BRDA:96,16,1,0
BRDA:105,17,0,0
BRDA:105,17,1,0
BRDA:106,18,0,0
BRDA:106,18,1,0
BRDA:107,19,0,0
BRDA:107,19,1,0
BRDA:108,20,0,0
BRDA:108,20,1,0
BRDA:109,21,0,0
BRDA:109,21,1,0
BRDA:110,22,0,0
BRDA:110,22,1,0
BRDA:115,23,0,0
BRDA:115,23,1,0
BRDA:115,24,0,0
BRDA:115,24,1,0
BRDA:121,25,0,0
BRDA:121,25,1,0
BRDA:130,26,0,0
BRDA:130,26,1,0
BRDA:130,27,0,0
BRDA:130,27,1,0
BRDA:137,28,0,0
BRDA:137,28,1,0
BRDA:137,29,0,0
BRDA:137,29,1,0
BRDA:139,30,0,0
BRDA:139,30,1,0
BRDA:150,31,0,0
BRDA:150,31,1,0
BRDA:150,32,0,0
BRDA:150,32,1,0
BRDA:157,33,0,0
BRDA:157,33,1,0
BRDA:157,34,0,0
BRDA:157,34,1,0
BRDA:159,35,0,0
BRDA:159,35,1,0
BRDA:170,36,0,0
BRDA:170,36,1,0
BRDA:170,37,0,0
BRDA:170,37,1,0
BRDA:175,38,0,0
BRDA:175,38,1,0
BRDA:177,39,0,0
BRDA:177,39,1,0
BRDA:207,40,0,0
BRDA:207,40,1,0
BRDA:216,41,0,0
BRDA:216,41,1,0
BRF:83
BRH:0
end_of_record
TN:
SF:src\config\envValidation.js
FN:189,(anonymous_0)
FN:198,(anonymous_1)
FN:206,(anonymous_2)
FN:211,(anonymous_3)
FN:224,validateEnvVar
FN:275,validateConditionalRequirements
FN:327,validateEnvironment
FN:358,(anonymous_7)
FN:363,(anonymous_8)
FN:380,getEnvironmentSummary
FNF:10
FNH:0
FNDA:0,(anonymous_0)
FNDA:0,(anonymous_1)
FNDA:0,(anonymous_2)
FNDA:0,(anonymous_3)
FNDA:0,validateEnvVar
FNDA:0,validateConditionalRequirements
FNDA:0,validateEnvironment
FNDA:0,(anonymous_7)
FNDA:0,(anonymous_8)
FNDA:0,getEnvironmentSummary
DA:1,0
DA:7,0
DA:188,0
DA:190,0
DA:191,0
DA:192,0
DA:193,0
DA:194,0
DA:195,0
DA:199,0
DA:200,0
DA:201,0
DA:202,0
DA:203,0
DA:207,0
DA:208,0
DA:212,0
DA:213,0
DA:214,0
DA:216,0
DA:225,0
DA:228,0
DA:229,0
DA:230,0
DA:234,0
DA:235,0
DA:239,0
DA:240,0
DA:241,0
DA:242,0
DA:245,0
DA:246,0
DA:249,0
DA:250,0
DA:252,0
DA:253,0
DA:255,0
DA:256,0
DA:258,0
DA:259,0
DA:261,0
DA:262,0
DA:264,0
DA:265,0
DA:269,0
DA:276,0
DA:277,0
DA:280,0
DA:281,0
DA:284,0
DA:285,0
DA:288,0
DA:289,0
DA:290,0
DA:291,0
DA:292,0
DA:296,0
DA:297,0
DA:300,0
DA:301,0
DA:304,0
DA:305,0
DA:308,0
DA:309,0
DA:313,0
DA:314,0
DA:317,0
DA:318,0
DA:321,0
DA:328,0
DA:329,0
DA:331,0
DA:334,0
DA:335,0
DA:336,0
DA:337,0
DA:341,0
DA:342,0
DA:345,0
DA:346,0
DA:347,0
DA:350,0
DA:351,0
DA:356,0
DA:357,0
DA:358,0
DA:361,0
DA:362,0
DA:363,0
DA:366,0
DA:367,0
DA:370,0
DA:381,0
DA:410,0
DA:413,0
LF:95
LH:0
BRDA:190,0,0,0
BRDA:190,0,1,0
BRDA:191,1,0,0
BRDA:191,1,1,0
BRDA:191,2,0,0
BRDA:191,2,1,0
BRDA:192,3,0,0
BRDA:192,3,1,0
BRDA:192,4,0,0
BRDA:192,4,1,0
BRDA:193,5,0,0
BRDA:193,5,1,0
BRDA:193,6,0,0
BRDA:193,6,1,0
BRDA:194,7,0,0
BRDA:194,7,1,0
BRDA:194,8,0,0
BRDA:194,8,1,0
BRDA:200,9,0,0
BRDA:200,9,1,0
BRDA:201,10,0,0
BRDA:201,10,1,0
BRDA:201,11,0,0
BRDA:201,11,1,0
BRDA:202,12,0,0
BRDA:202,12,1,0
BRDA:202,13,0,0
BRDA:202,13,1,0
BRDA:228,14,0,0
BRDA:228,14,1,0
BRDA:228,15,0,0
BRDA:228,15,1,0
BRDA:228,15,2,0
BRDA:234,16,0,0
BRDA:234,16,1,0
BRDA:234,17,0,0
BRDA:234,17,1,0
BRDA:234,17,2,0
BRDA:240,18,0,0
BRDA:240,18,1,0
BRDA:245,19,0,0
BRDA:245,19,1,0
BRDA:249,20,0,0
BRDA:249,20,1,0
BRDA:249,21,0,0
BRDA:249,21,1,0
BRDA:252,22,0,0
BRDA:252,22,1,0
BRDA:252,23,0,0
BRDA:252,23,1,0
BRDA:255,24,0,0
BRDA:255,24,1,0
BRDA:255,25,0,0
BRDA:255,25,1,0
BRDA:258,26,0,0
BRDA:258,26,1,0
BRDA:258,27,0,0
BRDA:258,27,1,0
BRDA:261,28,0,0
BRDA:261,28,1,0
BRDA:261,29,0,0
BRDA:261,29,1,0
BRDA:264,30,0,0
BRDA:264,30,1,0
BRDA:264,31,0,0
BRDA:264,31,1,0
BRDA:280,32,0,0
BRDA:280,32,1,0
BRDA:280,33,0,0
BRDA:280,33,1,0
BRDA:284,34,0,0
BRDA:284,34,1,0
BRDA:284,35,0,0
BRDA:284,35,1,0
BRDA:288,36,0,0
BRDA:288,36,1,0
BRDA:288,37,0,0
BRDA:288,37,1,0
BRDA:289,38,0,0
BRDA:289,38,1,0
BRDA:290,39,0,0
BRDA:290,39,1,0
BRDA:291,40,0,0
BRDA:291,40,1,0
BRDA:292,41,0,0
BRDA:292,41,1,0
BRDA:296,42,0,0
BRDA:296,42,1,0
BRDA:296,43,0,0
BRDA:296,43,1,0
BRDA:300,44,0,0
BRDA:300,44,1,0
BRDA:300,45,0,0
BRDA:300,45,1,0
BRDA:304,46,0,0
BRDA:304,46,1,0
BRDA:304,47,0,0
BRDA:304,47,1,0
BRDA:308,48,0,0
BRDA:308,48,1,0
BRDA:308,49,0,0
BRDA:308,49,1,0
BRDA:313,50,0,0
BRDA:313,50,1,0
BRDA:313,51,0,0
BRDA:313,51,1,0
BRDA:317,52,0,0
BRDA:317,52,1,0
BRDA:317,53,0,0
BRDA:317,53,1,0
BRDA:345,54,0,0
BRDA:345,54,1,0
BRDA:346,55,0,0
BRDA:346,55,1,0
BRDA:346,56,0,0
BRDA:346,56,1,0
BRDA:350,57,0,0
BRDA:350,57,1,0
BRDA:350,58,0,0
BRDA:350,58,1,0
BRDA:356,59,0,0
BRDA:356,59,1,0
BRDA:361,60,0,0
BRDA:361,60,1,0
BRDA:366,61,0,0
BRDA:366,61,1,0
BRDA:366,62,0,0
BRDA:366,62,1,0
BRDA:382,63,0,0
BRDA:382,63,1,0
BRDA:383,64,0,0
BRDA:383,64,1,0
BRDA:389,65,0,0
BRDA:389,65,1,0
BRDA:390,66,0,0
BRDA:390,66,1,0
BRDA:390,66,2,0
BRDA:394,67,0,0
BRDA:394,67,1,0
BRDA:394,67,2,0
BRDA:401,68,0,0
BRDA:401,68,1,0
BRDA:402,69,0,0
BRDA:402,69,1,0
BRDA:406,70,0,0
BRDA:406,70,1,0
BRF:146
BRH:0
end_of_record
TN:
SF:src\config\logger.js
FN:35,(anonymous_0)
FN:105,(anonymous_1)
FN:111,(anonymous_2)
FN:131,(anonymous_3)
FN:157,(anonymous_4)
FN:173,(anonymous_5)
FN:184,(anonymous_6)
FNF:7
FNH:1
FNDA:4,(anonymous_0)
FNDA:0,(anonymous_1)
FNDA:0,(anonymous_2)
FNDA:0,(anonymous_3)
FNDA:0,(anonymous_4)
FNDA:0,(anonymous_5)
FNDA:0,(anonymous_6)
DA:1,3
DA:2,3
DA:3,3
DA:4,3
DA:7,3
DA:16,3
DA:25,3
DA:28,3
DA:35,4
DA:89,3
DA:97,3
DA:98,3
DA:99,3
DA:100,0
DA:104,3
DA:106,0
DA:111,3
DA:112,0
DA:123,0
DA:124,0
DA:126,0
DA:131,3
DA:132,0
DA:140,0
DA:141,0
DA:153,0
DA:157,3
DA:158,0
DA:165,0
DA:166,0
DA:168,0
DA:173,3
DA:174,0
DA:180,0
DA:184,3
DA:185,0
DA:191,0
DA:194,3
LF:38
LH:20
BRDA:82,0,0,3
BRDA:82,0,1,3
BRDA:83,1,0,3
BRDA:83,1,1,3
BRDA:84,2,0,3
BRDA:84,2,1,3
BRDA:90,3,0,0
BRDA:90,3,1,3
BRDA:99,4,0,0
BRDA:99,4,1,3
BRDA:118,5,0,0
BRDA:118,5,1,0
BRDA:119,6,0,0
BRDA:119,6,1,0
BRDA:123,7,0,0
BRDA:123,7,1,0
BRDA:131,8,0,0
BRDA:131,9,0,0
BRDA:140,10,0,0
BRDA:140,10,1,0
BRDA:148,11,0,0
BRDA:148,11,1,0
BRDA:149,12,0,0
BRDA:149,12,1,0
BRDA:157,13,0,0
BRDA:165,14,0,0
BRDA:165,14,1,0
BRDA:173,15,0,0
BRDA:184,16,0,0
BRF:29
BRH:8
end_of_record
TN:
SF:src\controllers\academyController.js
FN:9,(anonymous_0)
FN:83,(anonymous_1)
FN:125,(anonymous_2)
FN:153,(anonymous_3)
FN:194,(anonymous_4)
FN:233,(anonymous_5)
FN:303,(anonymous_6)
FN:372,(anonymous_7)
FN:425,(anonymous_8)
FN:445,(anonymous_9)
FN:496,(anonymous_10)
FN:518,(anonymous_11)
FN:558,(anonymous_12)
FN:580,(anonymous_13)
FN:599,(anonymous_14)
FN:619,(anonymous_15)
FN:641,(anonymous_16)
FN:657,(anonymous_17)
FN:659,(anonymous_18)
FN:689,(anonymous_19)
FN:721,(anonymous_20)
FN:754,(anonymous_21)
FN:783,(anonymous_22)
FNF:23
FNH:0
FNDA:0,(anonymous_0)
FNDA:0,(anonymous_1)
FNDA:0,(anonymous_2)
FNDA:0,(anonymous_3)
FNDA:0,(anonymous_4)
FNDA:0,(anonymous_5)
FNDA:0,(anonymous_6)
FNDA:0,(anonymous_7)
FNDA:0,(anonymous_8)
FNDA:0,(anonymous_9)
FNDA:0,(anonymous_10)
FNDA:0,(anonymous_11)
FNDA:0,(anonymous_12)
FNDA:0,(anonymous_13)
FNDA:0,(anonymous_14)
FNDA:0,(anonymous_15)
FNDA:0,(anonymous_16)
FNDA:0,(anonymous_17)
FNDA:0,(anonymous_18)
FNDA:0,(anonymous_19)
FNDA:0,(anonymous_20)
FNDA:0,(anonymous_21)
FNDA:0,(anonymous_22)
DA:1,2
DA:2,2
DA:3,2
DA:4,2
DA:9,2
DA:10,0
DA:20,0
DA:23,0
DA:26,0
DA:27,0
DA:35,0
DA:36,0
DA:40,0
DA:41,0
DA:45,0
DA:46,0
DA:50,0
DA:51,0
DA:53,0
DA:55,0
DA:61,0
DA:63,0
DA:72,0
DA:73,0
DA:83,2
DA:84,0
DA:86,0
DA:87,0
DA:93,0
DA:98,0
DA:99,0
DA:106,0
DA:107,0
DA:109,0
DA:114,0
DA:115,0
DA:125,2
DA:126,0
DA:127,0
DA:132,0
DA:134,0
DA:136,0
DA:142,0
DA:143,0
DA:153,2
DA:154,0
DA:155,0
DA:157,0
DA:158,0
DA:165,0
DA:166,0
DA:172,0
DA:177,0
DA:183,0
DA:184,0
DA:194,2
DA:195,0
DA:196,0
DA:198,0
DA:199,0
DA:206,0
DA:207,0
DA:214,0
DA:215,0
DA:217,0
DA:222,0
DA:223,0
DA:233,2
DA:234,0
DA:235,0
DA:236,0
DA:242,0
DA:244,0
DA:245,0
DA:252,0
DA:253,0
DA:260,0
DA:265,0
DA:266,0
DA:274,0
DA:275,0
DA:279,0
DA:284,0
DA:286,0
DA:292,0
DA:293,0
DA:303,2
DA:304,0
DA:305,0
DA:306,0
DA:312,0
DA:314,0
DA:315,0
DA:322,0
DA:323,0
DA:330,0
DA:335,0
DA:336,0
DA:344,0
DA:352,0
DA:353,0
DA:355,0
DA:361,0
DA:362,0
DA:372,2
DA:373,0
DA:374,0
DA:376,0
DA:378,0
DA:379,0
DA:386,0
DA:387,0
DA:393,0
DA:395,0
DA:396,0
DA:403,0
DA:406,0
DA:407,0
DA:409,0
DA:414,0
DA:415,0
DA:425,2
DA:426,0
DA:427,0
DA:429,0
DA:430,0
DA:436,0
DA:437,0
DA:444,0
DA:445,0
DA:448,0
DA:449,0
DA:456,0
DA:463,0
DA:464,0
DA:467,0
DA:468,0
DA:479,0
DA:485,0
DA:486,0
DA:496,2
DA:497,0
DA:498,0
DA:500,0
DA:501,0
DA:507,0
DA:509,0
DA:510,0
DA:517,0
DA:518,0
DA:521,0
DA:522,0
DA:529,0
DA:530,0
DA:531,0
DA:534,0
DA:535,0
DA:536,0
DA:539,0
DA:541,0
DA:547,0
DA:548,0
DA:558,2
DA:559,0
DA:560,0
DA:562,0
DA:563,0
DA:569,0
DA:571,0
DA:572,0
DA:579,0
DA:580,0
DA:583,0
DA:584,0
DA:590,0
DA:591,0
DA:598,0
DA:599,0
DA:602,0
DA:603,0
DA:609,0
DA:616,0
DA:619,0
DA:620,0
DA:622,0
DA:624,0
DA:630,0
DA:631,0
DA:641,2
DA:642,0
DA:643,0
DA:644,0
DA:647,0
DA:648,0
DA:650,0
DA:657,0
DA:658,0
DA:659,0
DA:661,0
DA:667,0
DA:669,0
DA:678,0
DA:679,0
DA:689,2
DA:690,0
DA:691,0
DA:692,0
DA:694,0
DA:699,0
DA:701,0
DA:710,0
DA:711,0
DA:721,2
DA:722,0
DA:723,0
DA:738,0
DA:743,0
DA:744,0
DA:754,2
DA:755,0
DA:756,0
DA:758,0
DA:766,0
DA:772,0
DA:773,0
DA:783,2
DA:784,0
DA:786,0
DA:789,0
DA:802,0
DA:812,0
DA:827,0
DA:837,0
DA:838,0
DA:845,2
LF:235
LH:21
BRDA:16,0,0,0
BRDA:17,1,0,0
BRDA:18,2,0,0
BRDA:19,3,0,0
BRDA:26,4,0,0
BRDA:26,4,1,0
BRDA:35,5,0,0
BRDA:35,5,1,0
BRDA:40,6,0,0
BRDA:40,6,1,0
BRDA:45,7,0,0
BRDA:45,7,1,0
BRDA:51,8,0,0
BRDA:51,8,1,0
BRDA:86,9,0,0
BRDA:86,9,1,0
BRDA:98,10,0,0
BRDA:98,10,1,0
BRDA:157,11,0,0
BRDA:157,11,1,0
BRDA:165,12,0,0
BRDA:165,12,1,0
BRDA:198,13,0,0
BRDA:198,13,1,0
BRDA:206,14,0,0
BRDA:206,14,1,0
BRDA:235,15,0,0
BRDA:235,15,1,0
BRDA:244,16,0,0
BRDA:244,16,1,0
BRDA:252,17,0,0
BRDA:252,17,1,0
BRDA:265,18,0,0
BRDA:265,18,1,0
BRDA:274,19,0,0
BRDA:274,19,1,0
BRDA:274,20,0,0
BRDA:274,20,1,0
BRDA:305,21,0,0
BRDA:305,21,1,0
BRDA:314,22,0,0
BRDA:314,22,1,0
BRDA:322,23,0,0
BRDA:322,23,1,0
BRDA:335,24,0,0
BRDA:335,24,1,0
BRDA:345,25,0,0
BRDA:345,25,1,0
BRDA:348,26,0,0
BRDA:348,26,1,0
BRDA:378,27,0,0
BRDA:378,27,1,0
BRDA:386,28,0,0
BRDA:386,28,1,0
BRDA:395,29,0,0
BRDA:395,29,1,0
BRDA:429,30,0,0
BRDA:429,30,1,0
BRDA:436,31,0,0
BRDA:436,31,1,0
BRDA:448,32,0,0
BRDA:448,32,1,0
BRDA:500,33,0,0
BRDA:500,33,1,0
BRDA:509,34,0,0
BRDA:509,34,1,0
BRDA:521,35,0,0
BRDA:521,35,1,0
BRDA:530,36,0,0
BRDA:530,36,1,0
BRDA:534,37,0,0
BRDA:534,37,1,0
BRDA:562,38,0,0
BRDA:562,38,1,0
BRDA:562,39,0,0
BRDA:562,39,1,0
BRDA:562,39,2,0
BRDA:571,40,0,0
BRDA:571,40,1,0
BRDA:583,41,0,0
BRDA:583,41,1,0
BRDA:590,42,0,0
BRDA:590,42,1,0
BRDA:602,43,0,0
BRDA:602,43,1,0
BRDA:643,44,0,0
BRDA:643,45,0,0
BRDA:648,46,0,0
BRDA:648,46,1,0
BRDA:691,47,0,0
BRDA:691,48,0,0
BRDA:756,49,0,0
BRDA:832,50,0,0
BRDA:832,50,1,0
BRF:94
BRH:0
end_of_record
TN:
SF:src\controllers\activityController.js
FN:6,(anonymous_0)
FN:74,(anonymous_1)
FN:134,(anonymous_2)
FN:235,(anonymous_3)
FN:294,(anonymous_4)
FN:343,(anonymous_5)
FN:405,(anonymous_6)
FN:456,(anonymous_7)
FN:521,(anonymous_8)
FN:577,(anonymous_9)
FN:615,(anonymous_10)
FN:729,(anonymous_11)
FN:798,(anonymous_12)
FNF:13
FNH:0
FNDA:0,(anonymous_0)
FNDA:0,(anonymous_1)
FNDA:0,(anonymous_2)
FNDA:0,(anonymous_3)
FNDA:0,(anonymous_4)
FNDA:0,(anonymous_5)
FNDA:0,(anonymous_6)
FNDA:0,(anonymous_7)
FNDA:0,(anonymous_8)
FNDA:0,(anonymous_9)
FNDA:0,(anonymous_10)
FNDA:0,(anonymous_11)
FNDA:0,(anonymous_12)
DA:1,2
DA:2,2
DA:3,2
DA:6,2
DA:7,0
DA:8,0
DA:17,0
DA:19,0
DA:29,0
DA:30,0
DA:39,0
DA:46,0
DA:61,0
DA:66,0
DA:74,2
DA:75,0
DA:76,0
DA:83,0
DA:85,0
DA:93,0
DA:94,0
DA:99,0
DA:106,0
DA:121,0
DA:126,0
DA:134,2
DA:135,0
DA:136,0
DA:137,0
DA:144,0
DA:147,0
DA:150,0
DA:163,0
DA:169,0
DA:185,0
DA:193,0
DA:194,0
DA:199,0
DA:206,0
DA:221,0
DA:227,0
DA:235,2
DA:236,0
DA:237,0
DA:238,0
DA:240,0
DA:249,0
DA:250,0
DA:257,0
DA:258,0
DA:259,0
DA:266,0
DA:267,0
DA:270,0
DA:276,0
DA:281,0
DA:286,0
DA:294,2
DA:295,0
DA:296,0
DA:297,0
DA:303,0
DA:304,0
DA:310,0
DA:311,0
DA:313,0
DA:314,0
DA:315,0
DA:317,0
DA:324,0
DA:330,0
DA:335,0
DA:343,2
DA:344,0
DA:345,0
DA:346,0
DA:347,0
DA:349,0
DA:354,0
DA:355,0
DA:362,0
DA:363,0
DA:369,0
DA:378,0
DA:385,0
DA:391,0
DA:397,0
DA:405,2
DA:406,0
DA:407,0
DA:408,0
DA:410,0
DA:415,0
DA:416,0
DA:423,0
DA:424,0
DA:430,0
DA:432,0
DA:438,0
DA:443,0
DA:448,0
DA:456,2
DA:457,0
DA:458,0
DA:459,0
DA:460,0
DA:462,0
DA:463,0
DA:469,0
DA:474,0
DA:475,0
DA:482,0
DA:483,0
DA:484,0
DA:490,0
DA:492,0
DA:498,0
DA:507,0
DA:513,0
DA:521,2
DA:522,0
DA:523,0
DA:524,0
DA:525,0
DA:527,0
DA:528,0
DA:534,0
DA:539,0
DA:540,0
DA:546,0
DA:548,0
DA:554,0
DA:563,0
DA:569,0
DA:577,2
DA:578,0
DA:579,0
DA:580,0
DA:582,0
DA:584,0
DA:589,0
DA:602,0
DA:607,0
DA:615,2
DA:616,0
DA:617,0
DA:620,0
DA:621,0
DA:627,0
DA:629,0
DA:637,0
DA:639,0
DA:697,0
DA:702,0
DA:716,0
DA:721,0
DA:729,2
DA:730,0
DA:731,0
DA:766,0
DA:772,0
DA:773,0
DA:775,0
DA:786,0
DA:790,0
DA:798,2
DA:799,0
DA:801,0
DA:805,0
DA:806,0
DA:810,0
DA:811,0
DA:815,0
DA:816,0
DA:819,0
DA:820,0
DA:825,0
DA:828,2
LF:178
LH:17
BRDA:10,0,0,0
BRDA:11,1,0,0
BRDA:12,2,0,0
BRDA:13,3,0,0
BRDA:14,4,0,0
BRDA:15,5,0,0
BRDA:16,6,0,0
BRDA:22,7,0,0
BRDA:22,7,1,0
BRDA:23,8,0,0
BRDA:23,8,1,0
BRDA:78,9,0,0
BRDA:79,10,0,0
BRDA:80,11,0,0
BRDA:81,12,0,0
BRDA:82,13,0,0
BRDA:88,14,0,0
BRDA:88,14,1,0
BRDA:89,15,0,0
BRDA:89,15,1,0
BRDA:139,16,0,0
BRDA:140,17,0,0
BRDA:141,18,0,0
BRDA:142,19,0,0
BRDA:143,20,0,0
BRDA:147,21,0,0
BRDA:147,21,1,0
BRDA:147,22,0,0
BRDA:147,22,1,0
BRDA:188,23,0,0
BRDA:188,23,1,0
BRDA:189,24,0,0
BRDA:189,24,1,0
BRDA:249,25,0,0
BRDA:249,25,1,0
BRDA:258,26,0,0
BRDA:258,26,1,0
BRDA:266,27,0,0
BRDA:266,27,1,0
BRDA:266,28,0,0
BRDA:266,28,1,0
BRDA:303,29,0,0
BRDA:303,29,1,0
BRDA:303,30,0,0
BRDA:303,30,1,0
BRDA:303,30,2,0
BRDA:354,31,0,0
BRDA:354,31,1,0
BRDA:362,32,0,0
BRDA:362,32,1,0
BRDA:362,33,0,0
BRDA:362,33,1,0
BRDA:415,34,0,0
BRDA:415,34,1,0
BRDA:423,35,0,0
BRDA:423,35,1,0
BRDA:423,36,0,0
BRDA:423,36,1,0
BRDA:459,37,0,0
BRDA:462,38,0,0
BRDA:462,38,1,0
BRDA:462,39,0,0
BRDA:462,39,1,0
BRDA:474,40,0,0
BRDA:474,40,1,0
BRDA:483,41,0,0
BRDA:483,41,1,0
BRDA:527,42,0,0
BRDA:527,42,1,0
BRDA:527,43,0,0
BRDA:527,43,1,0
BRDA:539,44,0,0
BRDA:539,44,1,0
BRDA:580,45,0,0
BRDA:593,46,0,0
BRDA:593,46,1,0
BRDA:620,47,0,0
BRDA:620,47,1,0
BRDA:627,48,0,0
BRDA:706,49,0,0
BRDA:706,49,1,0
BRDA:799,50,0,0
BRDA:799,50,1,0
BRDA:805,51,0,0
BRDA:805,51,1,0
BRDA:810,52,0,0
BRDA:810,52,1,0
BRDA:815,53,0,0
BRDA:815,53,1,0
BRDA:819,54,0,0
BRDA:819,54,1,0
BRF:91
BRH:0
end_of_record
TN:
SF:src\controllers\adsController.js
FN:9,(anonymous_0)
FN:76,(anonymous_1)
FN:116,(anonymous_2)
FN:223,(anonymous_3)
FN:241,(anonymous_4)
FN:282,(anonymous_5)
FN:321,(anonymous_6)
FN:347,(anonymous_7)
FN:354,(anonymous_8)
FN:355,(anonymous_9)
FN:388,(anonymous_10)
FN:441,(anonymous_11)
FN:473,(anonymous_12)
FN:517,(anonymous_13)
FN:548,(anonymous_14)
FN:570,(anonymous_15)
FN:574,(anonymous_16)
FN:595,(anonymous_17)
FN:624,(anonymous_18)
FN:682,(anonymous_19)
FN:707,(anonymous_20)
FNF:21
FNH:0
FNDA:0,(anonymous_0)
FNDA:0,(anonymous_1)
FNDA:0,(anonymous_2)
FNDA:0,(anonymous_3)
FNDA:0,(anonymous_4)
FNDA:0,(anonymous_5)
FNDA:0,(anonymous_6)
FNDA:0,(anonymous_7)
FNDA:0,(anonymous_8)
FNDA:0,(anonymous_9)
FNDA:0,(anonymous_10)
FNDA:0,(anonymous_11)
FNDA:0,(anonymous_12)
FNDA:0,(anonymous_13)
FNDA:0,(anonymous_14)
FNDA:0,(anonymous_15)
FNDA:0,(anonymous_16)
FNDA:0,(anonymous_17)
FNDA:0,(anonymous_18)
FNDA:0,(anonymous_19)
FNDA:0,(anonymous_20)
DA:1,2
DA:2,2
DA:3,2
DA:4,2
DA:9,2
DA:10,0
DA:19,0
DA:22,0
DA:25,0
DA:26,0
DA:33,0
DA:34,0
DA:38,0
DA:39,0
DA:43,0
DA:44,0
DA:46,0
DA:48,0
DA:54,0
DA:56,0
DA:65,0
DA:66,0
DA:76,2
DA:77,0
DA:79,0
DA:80,0
DA:86,0
DA:89,0
DA:90,0
DA:97,0
DA:98,0
DA:100,0
DA:105,0
DA:106,0
DA:116,2
DA:117,0
DA:127,0
DA:130,0
DA:131,0
DA:138,0
DA:139,0
DA:146,0
DA:147,0
DA:154,0
DA:155,0
DA:157,0
DA:158,0
DA:164,0
DA:165,0
DA:172,0
DA:173,0
DA:175,0
DA:176,0
DA:182,0
DA:183,0
DA:189,0
DA:209,0
DA:211,0
DA:213,0
DA:219,0
DA:222,0
DA:223,0
DA:224,0
DA:231,0
DA:241,2
DA:242,0
DA:243,0
DA:245,0
DA:246,0
DA:253,0
DA:254,0
DA:260,0
DA:265,0
DA:271,0
DA:272,0
DA:282,2
DA:283,0
DA:284,0
DA:286,0
DA:287,0
DA:294,0
DA:295,0
DA:302,0
DA:303,0
DA:305,0
DA:310,0
DA:311,0
DA:321,2
DA:322,0
DA:323,0
DA:324,0
DA:330,0
DA:332,0
DA:333,0
DA:340,0
DA:341,0
DA:347,0
DA:348,0
DA:351,0
DA:353,0
DA:354,0
DA:355,0
DA:360,0
DA:361,0
DA:368,0
DA:369,0
DA:371,0
DA:377,0
DA:378,0
DA:388,2
DA:389,0
DA:390,0
DA:392,0
DA:394,0
DA:395,0
DA:402,0
DA:403,0
DA:409,0
DA:411,0
DA:412,0
DA:419,0
DA:422,0
DA:423,0
DA:425,0
DA:430,0
DA:431,0
DA:441,2
DA:442,0
DA:443,0
DA:444,0
DA:446,0
DA:451,0
DA:453,0
DA:462,0
DA:463,0
DA:473,2
DA:474,0
DA:475,0
DA:477,0
DA:478,0
DA:485,0
DA:486,0
DA:492,0
DA:501,0
DA:506,0
DA:507,0
DA:517,2
DA:518,0
DA:519,0
DA:521,0
DA:522,0
DA:529,0
DA:530,0
DA:532,0
DA:537,0
DA:538,0
DA:548,2
DA:549,0
DA:551,0
DA:553,0
DA:569,0
DA:570,0
DA:571,0
DA:574,0
DA:579,0
DA:584,0
DA:585,0
DA:595,2
DA:596,0
DA:597,0
DA:599,0
DA:607,0
DA:613,0
DA:614,0
DA:624,2
DA:625,0
DA:626,0
DA:628,0
DA:629,0
DA:635,0
DA:637,0
DA:638,0
DA:645,0
DA:646,0
DA:653,0
DA:662,0
DA:663,0
DA:665,0
DA:671,0
DA:672,0
DA:682,2
DA:683,0
DA:684,0
DA:691,0
DA:696,0
DA:697,0
DA:707,2
DA:708,0
DA:710,0
DA:713,0
DA:723,0
DA:736,0
DA:747,0
DA:762,0
DA:773,0
DA:774,0
DA:781,2
LF:207
LH:20
BRDA:15,0,0,0
BRDA:16,1,0,0
BRDA:17,2,0,0
BRDA:18,3,0,0
BRDA:25,4,0,0
BRDA:25,4,1,0
BRDA:33,5,0,0
BRDA:33,5,1,0
BRDA:38,6,0,0
BRDA:38,6,1,0
BRDA:44,7,0,0
BRDA:44,7,1,0
BRDA:79,8,0,0
BRDA:79,8,1,0
BRDA:89,9,0,0
BRDA:89,9,1,0
BRDA:130,10,0,0
BRDA:130,10,1,0
BRDA:130,11,0,0
BRDA:130,11,1,0
BRDA:130,11,2,0
BRDA:130,11,3,0
BRDA:138,12,0,0
BRDA:138,12,1,0
BRDA:138,13,0,0
BRDA:138,13,1,0
BRDA:146,14,0,0
BRDA:146,14,1,0
BRDA:146,15,0,0
BRDA:146,15,1,0
BRDA:146,15,2,0
BRDA:157,16,0,0
BRDA:157,16,1,0
BRDA:164,17,0,0
BRDA:164,17,1,0
BRDA:175,18,0,0
BRDA:175,18,1,0
BRDA:175,19,0,0
BRDA:175,19,1,0
BRDA:182,20,0,0
BRDA:182,20,1,0
BRDA:196,21,0,0
BRDA:196,21,1,0
BRDA:197,22,0,0
BRDA:197,22,1,0
BRDA:202,23,0,0
BRDA:202,23,1,0
BRDA:204,24,0,0
BRDA:204,24,1,0
BRDA:205,25,0,0
BRDA:205,25,1,0
BRDA:222,26,0,0
BRDA:222,26,1,0
BRDA:245,27,0,0
BRDA:245,27,1,0
BRDA:253,28,0,0
BRDA:253,28,1,0
BRDA:286,29,0,0
BRDA:286,29,1,0
BRDA:294,30,0,0
BRDA:294,30,1,0
BRDA:323,31,0,0
BRDA:323,31,1,0
BRDA:323,32,0,0
BRDA:323,32,1,0
BRDA:332,33,0,0
BRDA:332,33,1,0
BRDA:340,34,0,0
BRDA:340,34,1,0
BRDA:360,35,0,0
BRDA:360,35,1,0
BRDA:394,36,0,0
BRDA:394,36,1,0
BRDA:402,37,0,0
BRDA:402,37,1,0
BRDA:411,38,0,0
BRDA:411,38,1,0
BRDA:443,39,0,0
BRDA:443,40,0,0
BRDA:477,41,0,0
BRDA:477,41,1,0
BRDA:485,42,0,0
BRDA:485,42,1,0
BRDA:496,43,0,0
BRDA:496,43,1,0
BRDA:521,44,0,0
BRDA:521,44,1,0
BRDA:576,45,0,0
BRDA:576,45,1,0
BRDA:597,46,0,0
BRDA:628,47,0,0
BRDA:628,47,1,0
BRDA:628,48,0,0
BRDA:628,48,1,0
BRDA:628,48,2,0
BRDA:637,49,0,0
BRDA:637,49,1,0
BRDA:645,50,0,0
BRDA:645,50,1,0
BRDA:768,51,0,0
BRDA:768,51,1,0
BRF:101
BRH:0
end_of_record
TN:
SF:src\controllers\agencyController.js
FN:9,(anonymous_0)
FN:77,(anonymous_1)
FN:116,(anonymous_2)
FN:164,(anonymous_3)
FN:225,(anonymous_4)
FN:264,(anonymous_5)
FN:334,(anonymous_6)
FN:389,(anonymous_7)
FN:410,(anonymous_8)
FN:429,(anonymous_9)
FN:476,(anonymous_10)
FN:531,(anonymous_11)
FN:570,(anonymous_12)
FN:591,(anonymous_13)
FN:597,(anonymous_14)
FN:621,(anonymous_15)
FN:654,(anonymous_16)
FN:700,(anonymous_17)
FN:728,(anonymous_18)
FNF:19
FNH:0
FNDA:0,(anonymous_0)
FNDA:0,(anonymous_1)
FNDA:0,(anonymous_2)
FNDA:0,(anonymous_3)
FNDA:0,(anonymous_4)
FNDA:0,(anonymous_5)
FNDA:0,(anonymous_6)
FNDA:0,(anonymous_7)
FNDA:0,(anonymous_8)
FNDA:0,(anonymous_9)
FNDA:0,(anonymous_10)
FNDA:0,(anonymous_11)
FNDA:0,(anonymous_12)
FNDA:0,(anonymous_13)
FNDA:0,(anonymous_14)
FNDA:0,(anonymous_15)
FNDA:0,(anonymous_16)
FNDA:0,(anonymous_17)
FNDA:0,(anonymous_18)
DA:1,2
DA:2,2
DA:3,2
DA:4,2
DA:9,2
DA:10,0
DA:19,0
DA:22,0
DA:25,0
DA:26,0
DA:33,0
DA:34,0
DA:38,0
DA:39,0
DA:43,0
DA:44,0
DA:46,0
DA:48,0
DA:55,0
DA:57,0
DA:66,0
DA:67,0
DA:77,2
DA:78,0
DA:80,0
DA:81,0
DA:87,0
DA:93,0
DA:94,0
DA:100,0
DA:105,0
DA:106,0
DA:116,2
DA:117,0
DA:118,0
DA:124,0
DA:125,0
DA:126,0
DA:127,0
DA:129,0
DA:130,0
DA:131,0
DA:137,0
DA:142,0
DA:145,0
DA:147,0
DA:153,0
DA:154,0
DA:164,2
DA:165,0
DA:166,0
DA:168,0
DA:169,0
DA:176,0
DA:177,0
DA:184,0
DA:186,0
DA:187,0
DA:188,0
DA:190,0
DA:191,0
DA:192,0
DA:198,0
DA:203,0
DA:208,0
DA:214,0
DA:215,0
DA:225,2
DA:226,0
DA:227,0
DA:229,0
DA:230,0
DA:237,0
DA:238,0
DA:245,0
DA:246,0
DA:248,0
DA:253,0
DA:254,0
DA:264,2
DA:265,0
DA:266,0
DA:267,0
DA:273,0
DA:275,0
DA:276,0
DA:283,0
DA:284,0
DA:291,0
DA:296,0
DA:297,0
DA:305,0
DA:306,0
DA:310,0
DA:315,0
DA:317,0
DA:323,0
DA:324,0
DA:334,2
DA:335,0
DA:336,0
DA:338,0
DA:339,0
DA:345,0
DA:347,0
DA:348,0
DA:355,0
DA:356,0
DA:363,0
DA:364,0
DA:365,0
DA:371,0
DA:373,0
DA:378,0
DA:379,0
DA:389,2
DA:390,0
DA:391,0
DA:393,0
DA:395,0
DA:396,0
DA:403,0
DA:404,0
DA:410,0
DA:411,0
DA:413,0
DA:418,0
DA:419,0
DA:429,2
DA:430,0
DA:431,0
DA:432,0
DA:434,0
DA:435,0
DA:441,0
DA:443,0
DA:444,0
DA:451,0
DA:452,0
DA:458,0
DA:460,0
DA:465,0
DA:466,0
DA:476,2
DA:477,0
DA:478,0
DA:480,0
DA:481,0
DA:487,0
DA:489,0
DA:490,0
DA:497,0
DA:498,0
DA:505,0
DA:506,0
DA:507,0
DA:513,0
DA:515,0
DA:520,0
DA:521,0
DA:531,2
DA:532,0
DA:533,0
DA:535,0
DA:537,0
DA:538,0
DA:545,0
DA:546,0
DA:552,0
DA:554,0
DA:559,0
DA:560,0
DA:570,2
DA:571,0
DA:572,0
DA:574,0
DA:575,0
DA:582,0
DA:583,0
DA:589,0
DA:591,0
DA:597,0
DA:605,0
DA:610,0
DA:611,0
DA:621,2
DA:622,0
DA:623,0
DA:625,0
DA:637,0
DA:643,0
DA:644,0
DA:654,2
DA:655,0
DA:656,0
DA:658,0
DA:659,0
DA:665,0
DA:667,0
DA:668,0
DA:675,0
DA:676,0
DA:682,0
DA:684,0
DA:689,0
DA:690,0
DA:700,2
DA:701,0
DA:702,0
DA:704,0
DA:705,0
DA:711,0
DA:713,0
DA:714,0
DA:721,0
DA:722,0
DA:728,0
DA:729,0
DA:731,0
DA:736,0
DA:737,0
DA:744,2
LF:222
LH:20
BRDA:15,0,0,0
BRDA:16,1,0,0
BRDA:17,2,0,0
BRDA:18,3,0,0
BRDA:25,4,0,0
BRDA:25,4,1,0
BRDA:33,5,0,0
BRDA:33,5,1,0
BRDA:38,6,0,0
BRDA:38,6,1,0
BRDA:44,7,0,0
BRDA:44,7,1,0
BRDA:80,8,0,0
BRDA:80,8,1,0
BRDA:93,9,0,0
BRDA:93,9,1,0
BRDA:124,10,0,0
BRDA:124,10,1,0
BRDA:129,11,0,0
BRDA:129,11,1,0
BRDA:129,12,0,0
BRDA:129,12,1,0
BRDA:168,13,0,0
BRDA:168,13,1,0
BRDA:176,14,0,0
BRDA:176,14,1,0
BRDA:184,15,0,0
BRDA:184,15,1,0
BRDA:184,16,0,0
BRDA:184,16,1,0
BRDA:190,17,0,0
BRDA:190,17,1,0
BRDA:190,18,0,0
BRDA:190,18,1,0
BRDA:229,19,0,0
BRDA:229,19,1,0
BRDA:237,20,0,0
BRDA:237,20,1,0
BRDA:266,21,0,0
BRDA:266,21,1,0
BRDA:275,22,0,0
BRDA:275,22,1,0
BRDA:283,23,0,0
BRDA:283,23,1,0
BRDA:296,24,0,0
BRDA:296,24,1,0
BRDA:305,25,0,0
BRDA:305,25,1,0
BRDA:305,26,0,0
BRDA:305,26,1,0
BRDA:336,27,0,0
BRDA:338,28,0,0
BRDA:338,28,1,0
BRDA:347,29,0,0
BRDA:347,29,1,0
BRDA:355,30,0,0
BRDA:355,30,1,0
BRDA:364,31,0,0
BRDA:364,31,1,0
BRDA:381,32,0,0
BRDA:381,32,1,0
BRDA:395,33,0,0
BRDA:395,33,1,0
BRDA:403,34,0,0
BRDA:403,34,1,0
BRDA:434,35,0,0
BRDA:434,35,1,0
BRDA:443,36,0,0
BRDA:443,36,1,0
BRDA:451,37,0,0
BRDA:451,37,1,0
BRDA:468,38,0,0
BRDA:468,38,1,0
BRDA:478,39,0,0
BRDA:478,40,0,0
BRDA:480,41,0,0
BRDA:480,41,1,0
BRDA:489,42,0,0
BRDA:489,42,1,0
BRDA:497,43,0,0
BRDA:497,43,1,0
BRDA:506,44,0,0
BRDA:506,44,1,0
BRDA:523,45,0,0
BRDA:523,45,1,0
BRDA:537,46,0,0
BRDA:537,46,1,0
BRDA:545,47,0,0
BRDA:545,47,1,0
BRDA:574,48,0,0
BRDA:574,48,1,0
BRDA:582,49,0,0
BRDA:582,49,1,0
BRDA:658,50,0,0
BRDA:658,50,1,0
BRDA:667,51,0,0
BRDA:667,51,1,0
BRDA:675,52,0,0
BRDA:675,52,1,0
BRDA:692,53,0,0
BRDA:692,53,1,0
BRDA:704,54,0,0
BRDA:704,54,1,0
BRDA:713,55,0,0
BRDA:713,55,1,0
BRDA:721,56,0,0
BRDA:721,56,1,0
BRF:107
BRH:0
end_of_record
TN:
SF:src\controllers\analyticsController.js
FN:11,(anonymous_0)
FN:189,(anonymous_1)
FN:297,(anonymous_2)
FN:432,(anonymous_3)
FN:555,(anonymous_4)
FN:684,(anonymous_5)
FN:763,(anonymous_6)
FN:798,(anonymous_7)
FNF:8
FNH:0
FNDA:0,(anonymous_0)
FNDA:0,(anonymous_1)
FNDA:0,(anonymous_2)
FNDA:0,(anonymous_3)
FNDA:0,(anonymous_4)
FNDA:0,(anonymous_5)
FNDA:0,(anonymous_6)
FNDA:0,(anonymous_7)
DA:1,2
DA:2,2
DA:3,2
DA:4,2
DA:5,2
DA:6,2
DA:11,2
DA:12,0
DA:13,0
DA:16,0
DA:17,0
DA:18,0
DA:19,0
DA:20,0
DA:24,0
DA:27,0
DA:30,0
DA:33,0
DA:36,0
DA:39,0
DA:58,0
DA:71,0
DA:84,0
DA:123,0
DA:146,0
DA:159,0
DA:178,0
DA:179,0
DA:189,2
DA:190,0
DA:191,0
DA:194,0
DA:195,0
DA:196,0
DA:197,0
DA:198,0
DA:202,0
DA:222,0
DA:232,0
DA:251,0
DA:276,0
DA:286,0
DA:287,0
DA:297,2
DA:298,0
DA:299,0
DA:302,0
DA:303,0
DA:304,0
DA:305,0
DA:306,0
DA:310,0
DA:327,0
DA:341,0
DA:370,0
DA:411,0
DA:421,0
DA:422,0
DA:432,2
DA:433,0
DA:434,0
DA:437,0
DA:438,0
DA:439,0
DA:440,0
DA:441,0
DA:445,0
DA:463,0
DA:476,0
DA:514,0
DA:534,0
DA:544,0
DA:545,0
DA:555,2
DA:556,0
DA:557,0
DA:560,0
DA:561,0
DA:562,0
DA:563,0
DA:564,0
DA:568,0
DA:582,0
DA:596,0
DA:634,0
DA:663,0
DA:673,0
DA:674,0
DA:684,2
DA:685,0
DA:686,0
DA:689,0
DA:690,0
DA:691,0
DA:692,0
DA:693,0
DA:697,0
DA:717,0
DA:744,0
DA:752,0
DA:753,0
DA:763,2
DA:764,0
DA:765,0
DA:767,0
DA:768,0
DA:774,0
DA:781,0
DA:787,0
DA:788,0
DA:798,2
DA:799,0
DA:800,0
DA:803,0
DA:804,0
DA:805,0
DA:806,0
DA:807,0
DA:808,0
DA:809,0
DA:812,0
DA:817,0
DA:823,0
DA:824,0
DA:831,2
LF:125
LH:15
BRDA:17,0,0,0
BRDA:17,0,1,0
BRDA:17,1,0,0
BRDA:17,1,1,0
BRDA:19,2,0,0
BRDA:19,2,1,0
BRDA:20,3,0,0
BRDA:20,3,1,0
BRDA:195,4,0,0
BRDA:195,4,1,0
BRDA:195,5,0,0
BRDA:195,5,1,0
BRDA:197,6,0,0
BRDA:197,6,1,0
BRDA:198,7,0,0
BRDA:198,7,1,0
BRDA:303,8,0,0
BRDA:303,8,1,0
BRDA:303,9,0,0
BRDA:303,9,1,0
BRDA:305,10,0,0
BRDA:305,10,1,0
BRDA:306,11,0,0
BRDA:306,11,1,0
BRDA:438,12,0,0
BRDA:438,12,1,0
BRDA:438,13,0,0
BRDA:438,13,1,0
BRDA:440,14,0,0
BRDA:440,14,1,0
BRDA:441,15,0,0
BRDA:441,15,1,0
BRDA:521,16,0,0
BRDA:521,16,1,0
BRDA:522,17,0,0
BRDA:522,17,1,0
BRDA:561,18,0,0
BRDA:561,18,1,0
BRDA:561,19,0,0
BRDA:561,19,1,0
BRDA:563,20,0,0
BRDA:563,20,1,0
BRDA:564,21,0,0
BRDA:564,21,1,0
BRDA:690,22,0,0
BRDA:690,22,1,0
BRDA:690,23,0,0
BRDA:690,23,1,0
BRDA:692,24,0,0
BRDA:692,24,1,0
BRDA:693,25,0,0
BRDA:693,25,1,0
BRDA:767,26,0,0
BRDA:767,26,1,0
BRDA:767,27,0,0
BRDA:767,27,1,0
BRDA:804,28,0,0
BRDA:804,28,1,0
BRDA:805,29,0,0
BRDA:805,29,1,0
BRDA:806,30,0,0
BRDA:806,30,1,0
BRDA:806,31,0,0
BRDA:806,31,1,0
BRDA:808,32,0,0
BRDA:808,32,1,0
BRDA:809,33,0,0
BRDA:809,33,1,0
BRF:68
BRH:0
end_of_record
TN:
SF:src\controllers\announcementController.js
FN:7,(anonymous_0)
FN:140,(anonymous_1)
FN:184,(anonymous_2)
FN:186,(anonymous_3)
FN:229,(anonymous_4)
FN:275,(anonymous_5)
FN:309,(anonymous_6)
FN:358,(anonymous_7)
FN:425,(anonymous_8)
FN:476,(anonymous_9)
FN:532,(anonymous_10)
FN:602,(anonymous_11)
FN:699,(anonymous_12)
FNF:13
FNH:0
FNDA:0,(anonymous_0)
FNDA:0,(anonymous_1)
FNDA:0,(anonymous_2)
FNDA:0,(anonymous_3)
FNDA:0,(anonymous_4)
FNDA:0,(anonymous_5)
FNDA:0,(anonymous_6)
FNDA:0,(anonymous_7)
FNDA:0,(anonymous_8)
FNDA:0,(anonymous_9)
FNDA:0,(anonymous_10)
FNDA:0,(anonymous_11)
FNDA:0,(anonymous_12)
DA:1,2
DA:2,2
DA:3,2
DA:4,2
DA:7,2
DA:8,0
DA:22,0
DA:24,0
DA:27,0
DA:28,0
DA:32,0
DA:33,0
DA:37,0
DA:38,0
DA:42,0
DA:43,0
DA:47,0
DA:48,0
DA:52,0
DA:53,0
DA:57,0
DA:58,0
DA:67,0
DA:68,0
DA:69,0
DA:73,0
DA:74,0
DA:75,0
DA:91,0
DA:92,0
DA:94,0
DA:102,0
DA:105,0
DA:112,0
DA:127,0
DA:132,0
DA:140,2
DA:141,0
DA:142,0
DA:147,0
DA:149,0
DA:163,0
DA:170,0
DA:171,0
DA:174,0
DA:181,0
DA:184,0
DA:185,0
DA:186,0
DA:189,0
DA:196,0
DA:202,0
DA:217,0
DA:221,0
DA:229,2
DA:230,0
DA:231,0
DA:232,0
DA:235,0
DA:236,0
DA:242,0
DA:252,0
DA:253,0
DA:260,0
DA:261,0
DA:262,0
DA:269,0
DA:270,0
DA:274,0
DA:275,0
DA:278,0
DA:285,0
DA:291,0
DA:296,0
DA:301,0
DA:309,2
DA:310,0
DA:311,0
DA:312,0
DA:320,0
DA:321,0
DA:327,0
DA:328,0
DA:330,0
DA:332,0
DA:339,0
DA:345,0
DA:350,0
DA:358,2
DA:359,0
DA:360,0
DA:361,0
DA:362,0
DA:364,0
DA:369,0
DA:370,0
DA:377,0
DA:378,0
DA:385,0
DA:391,0
DA:398,0
DA:405,0
DA:411,0
DA:417,0
DA:425,2
DA:426,0
DA:427,0
DA:428,0
DA:430,0
DA:435,0
DA:436,0
DA:443,0
DA:444,0
DA:450,0
DA:452,0
DA:458,0
DA:463,0
DA:468,0
DA:476,2
DA:477,0
DA:478,0
DA:479,0
DA:481,0
DA:487,0
DA:488,0
DA:495,0
DA:496,0
DA:497,0
DA:503,0
DA:505,0
DA:511,0
DA:519,0
DA:524,0
DA:532,2
DA:533,0
DA:534,0
DA:535,0
DA:536,0
DA:538,0
DA:539,0
DA:545,0
DA:551,0
DA:552,0
DA:559,0
DA:560,0
DA:561,0
DA:567,0
DA:570,0
DA:574,0
DA:580,0
DA:589,0
DA:594,0
DA:602,2
DA:603,0
DA:604,0
DA:607,0
DA:608,0
DA:614,0
DA:638,0
DA:654,0
DA:666,0
DA:670,0
DA:687,0
DA:691,0
DA:699,2
DA:700,0
DA:702,0
DA:706,0
DA:707,0
DA:711,0
DA:712,0
DA:715,0
DA:716,0
DA:719,0
DA:720,0
DA:723,0
DA:726,2
LF:177
LH:15
BRDA:12,0,0,0
BRDA:14,1,0,0
BRDA:15,2,0,0
BRDA:16,3,0,0
BRDA:17,4,0,0
BRDA:27,5,0,0
BRDA:27,5,1,0
BRDA:32,6,0,0
BRDA:32,6,1,0
BRDA:37,7,0,0
BRDA:37,7,1,0
BRDA:42,8,0,0
BRDA:42,8,1,0
BRDA:47,9,0,0
BRDA:47,9,1,0
BRDA:52,10,0,0
BRDA:52,10,1,0
BRDA:57,11,0,0
BRDA:57,11,1,0
BRDA:67,12,0,0
BRDA:67,12,1,0
BRDA:68,13,0,0
BRDA:68,13,1,0
BRDA:73,14,0,0
BRDA:73,14,1,0
BRDA:92,15,0,0
BRDA:92,15,1,0
BRDA:144,16,0,0
BRDA:145,17,0,0
BRDA:146,18,0,0
BRDA:170,19,0,0
BRDA:170,19,1,0
BRDA:235,20,0,0
BRDA:235,20,1,0
BRDA:252,21,0,0
BRDA:252,21,1,0
BRDA:261,22,0,0
BRDA:261,22,1,0
BRDA:269,23,0,0
BRDA:269,23,1,0
BRDA:274,24,0,0
BRDA:274,24,1,0
BRDA:282,25,0,0
BRDA:282,25,1,0
BRDA:320,26,0,0
BRDA:320,26,1,0
BRDA:320,27,0,0
BRDA:320,27,1,0
BRDA:320,27,2,0
BRDA:369,28,0,0
BRDA:369,28,1,0
BRDA:377,29,0,0
BRDA:377,29,1,0
BRDA:377,30,0,0
BRDA:377,30,1,0
BRDA:435,31,0,0
BRDA:435,31,1,0
BRDA:443,32,0,0
BRDA:443,32,1,0
BRDA:443,33,0,0
BRDA:443,33,1,0
BRDA:487,34,0,0
BRDA:487,34,1,0
BRDA:496,35,0,0
BRDA:496,35,1,0
BRDA:538,36,0,0
BRDA:538,36,1,0
BRDA:538,37,0,0
BRDA:538,37,1,0
BRDA:551,38,0,0
BRDA:551,38,1,0
BRDA:560,39,0,0
BRDA:560,39,1,0
BRDA:607,40,0,0
BRDA:607,40,1,0
BRDA:673,41,0,0
BRDA:673,41,1,0
BRDA:700,42,0,0
BRDA:700,42,1,0
BRDA:706,43,0,0
BRDA:706,43,1,0
BRDA:711,44,0,0
BRDA:711,44,1,0
BRDA:715,45,0,0
BRDA:715,45,1,0
BRDA:719,46,0,0
BRDA:719,46,1,0
BRDA:719,47,0,0
BRDA:719,47,1,0
BRF:89
BRH:0
end_of_record
TN:
SF:src\controllers\announcementControllerUpdated.js
FN:15,(anonymous_0)
FN:132,(anonymous_1)
FN:252,(anonymous_2)
FN:301,(anonymous_3)
FN:342,(anonymous_4)
FN:398,(anonymous_5)
FNF:6
FNH:0
FNDA:0,(anonymous_0)
FNDA:0,(anonymous_1)
FNDA:0,(anonymous_2)
FNDA:0,(anonymous_3)
FNDA:0,(anonymous_4)
FNDA:0,(anonymous_5)
DA:1,0
DA:2,0
DA:3,0
DA:4,0
DA:5,0
DA:6,0
DA:7,0
DA:15,0
DA:16,0
DA:26,0
DA:29,0
DA:32,0
DA:33,0
DA:34,0
DA:35,0
DA:36,0
DA:37,0
DA:40,0
DA:41,0
DA:49,0
DA:50,0
DA:51,0
DA:55,0
DA:56,0
DA:57,0
DA:74,0
DA:91,0
DA:101,0
DA:122,0
DA:127,0
DA:132,0
DA:133,0
DA:141,0
DA:144,0
DA:154,0
DA:155,0
DA:156,0
DA:157,0
DA:160,0
DA:161,0
DA:162,0
DA:172,0
DA:173,0
DA:174,0
DA:178,0
DA:179,0
DA:180,0
DA:181,0
DA:198,0
DA:213,0
DA:222,0
DA:242,0
DA:247,0
DA:252,0
DA:253,0
DA:254,0
DA:258,0
DA:259,0
DA:266,0
DA:267,0
DA:268,0
DA:269,0
DA:274,0
DA:275,0
DA:282,0
DA:288,0
DA:293,0
DA:301,0
DA:302,0
DA:303,0
DA:314,0
DA:315,0
DA:317,0
DA:320,0
DA:322,0
DA:329,0
DA:334,0
DA:342,0
DA:343,0
DA:344,0
DA:346,0
DA:347,0
DA:354,0
DA:355,0
DA:361,0
DA:367,0
DA:375,0
DA:377,0
DA:384,0
DA:390,0
DA:398,0
DA:399,0
DA:400,0
DA:402,0
DA:403,0
DA:410,0
DA:411,0
DA:418,0
DA:419,0
DA:420,0
DA:421,0
DA:424,0
DA:426,0
DA:432,0
DA:437,0
DA:444,0
LF:106
LH:0
BRDA:20,0,0,0
BRDA:32,1,0,0
BRDA:32,1,1,0
BRDA:33,2,0,0
BRDA:33,2,1,0
BRDA:34,3,0,0
BRDA:34,3,1,0
BRDA:35,4,0,0
BRDA:35,4,1,0
BRDA:36,5,0,0
BRDA:36,5,1,0
BRDA:37,6,0,0
BRDA:37,6,1,0
BRDA:40,7,0,0
BRDA:40,7,1,0
BRDA:49,8,0,0
BRDA:49,8,1,0
BRDA:50,9,0,0
BRDA:50,9,1,0
BRDA:55,10,0,0
BRDA:55,10,1,0
BRDA:96,11,0,0
BRDA:96,11,1,0
BRDA:137,12,0,0
BRDA:149,13,0,0
BRDA:149,13,1,0
BRDA:154,14,0,0
BRDA:154,14,1,0
BRDA:155,15,0,0
BRDA:155,15,1,0
BRDA:156,16,0,0
BRDA:156,16,1,0
BRDA:157,17,0,0
BRDA:157,17,1,0
BRDA:160,18,0,0
BRDA:160,18,1,0
BRDA:161,19,0,0
BRDA:161,19,1,0
BRDA:172,20,0,0
BRDA:172,20,1,0
BRDA:173,21,0,0
BRDA:173,21,1,0
BRDA:178,22,0,0
BRDA:178,22,1,0
BRDA:180,23,0,0
BRDA:180,23,1,0
BRDA:258,24,0,0
BRDA:258,24,1,0
BRDA:266,25,0,0
BRDA:266,25,1,0
BRDA:268,26,0,0
BRDA:268,26,1,0
BRDA:268,27,0,0
BRDA:268,27,1,0
BRDA:274,28,0,0
BRDA:274,28,1,0
BRDA:274,29,0,0
BRDA:274,29,1,0
BRDA:346,30,0,0
BRDA:346,30,1,0
BRDA:354,31,0,0
BRDA:354,31,1,0
BRDA:354,32,0,0
BRDA:354,32,1,0
BRDA:402,33,0,0
BRDA:402,33,1,0
BRDA:410,34,0,0
BRDA:410,34,1,0
BRDA:410,35,0,0
BRDA:410,35,1,0
BRF:70
BRH:0
end_of_record
TN:
SF:src\controllers\authController.js
FN:10,(anonymous_0)
FN:25,(anonymous_1)
FN:30,(anonymous_2)
FN:36,(anonymous_3)
FN:41,(anonymous_4)
FN:52,(anonymous_5)
FN:167,(anonymous_6)
FN:336,(anonymous_7)
FN:458,(anonymous_8)
FN:645,(anonymous_9)
FN:706,(anonymous_10)
FN:755,(anonymous_11)
FN:766,(anonymous_12)
FN:767,(anonymous_13)
FN:778,(anonymous_14)
FN:779,(anonymous_15)
FN:889,(anonymous_16)
FN:905,(anonymous_17)
FN:936,(anonymous_18)
FN:1002,(anonymous_19)
FN:1049,(anonymous_20)
FN:1077,(anonymous_21)
FNF:22
FNH:8
FNDA:0,(anonymous_0)
FNDA:0,(anonymous_1)
FNDA:25,(anonymous_2)
FNDA:11,(anonymous_3)
FNDA:29,(anonymous_4)
FNDA:16,(anonymous_5)
FNDA:13,(anonymous_6)
FNDA:0,(anonymous_7)
FNDA:0,(anonymous_8)
FNDA:0,(anonymous_9)
FNDA:0,(anonymous_10)
FNDA:0,(anonymous_11)
FNDA:0,(anonymous_12)
FNDA:0,(anonymous_13)
FNDA:0,(anonymous_14)
FNDA:0,(anonymous_15)
FNDA:2,(anonymous_16)
FNDA:2,(anonymous_17)
FNDA:0,(anonymous_18)
FNDA:0,(anonymous_19)
FNDA:0,(anonymous_20)
FNDA:1,(anonymous_21)
DA:1,3
DA:2,3
DA:3,3
DA:4,3
DA:5,3
DA:6,3
DA:7,3
DA:10,3
DA:11,0
DA:18,0
DA:25,3
DA:26,0
DA:30,3
DA:31,25
DA:32,25
DA:36,3
DA:37,11
DA:41,3
DA:42,29
DA:52,3
DA:53,16
DA:54,16
DA:56,16
DA:57,16
DA:60,16
DA:61,2
DA:65,2
DA:73,14
DA:74,6
DA:79,6
DA:87,8
DA:88,8
DA:91,8
DA:92,1
DA:93,1
DA:94,1
DA:97,1
DA:98,0
DA:103,0
DA:113,8
DA:115,7
DA:116,0
DA:122,0
DA:130,7
DA:131,1
DA:132,1
DA:133,0
DA:137,7
DA:144,7
DA:150,1
DA:155,1
DA:167,3
DA:168,13
DA:169,13
DA:171,13
DA:172,13
DA:175,13
DA:176,2
DA:182,2
DA:190,11
DA:191,0
DA:198,11
DA:199,4
DA:207,7
DA:208,1
DA:217,6
DA:218,6
DA:219,0
DA:220,0
DA:233,0
DA:242,6
DA:243,6
DA:245,0
DA:246,0
DA:259,0
DA:266,6
DA:267,1
DA:274,1
DA:282,5
DA:283,5
DA:284,5
DA:285,0
DA:300,0
DA:315,5
DA:317,5
DA:319,4
DA:320,4
DA:321,0
DA:323,4
DA:324,4
DA:325,4
DA:326,4
DA:327,4
DA:329,4
DA:330,0
DA:331,0
DA:332,0
DA:334,0
DA:335,0
DA:336,0
DA:337,0
DA:339,0
DA:340,0
DA:342,0
DA:351,4
DA:352,4
DA:356,4
DA:358,4
DA:365,4
DA:388,1
DA:412,1
DA:414,1
DA:421,1
DA:422,1
DA:441,0
DA:447,0
DA:458,3
DA:459,0
DA:460,0
DA:462,0
DA:463,0
DA:464,0
DA:467,0
DA:468,0
DA:476,0
DA:484,0
DA:485,0
DA:492,0
DA:493,0
DA:501,0
DA:502,0
DA:503,0
DA:511,0
DA:516,0
DA:517,0
DA:523,0
DA:531,0
DA:532,0
DA:533,0
DA:541,0
DA:560,0
DA:561,0
DA:569,0
DA:570,0
DA:571,0
DA:578,0
DA:589,0
DA:591,0
DA:599,0
DA:627,0
DA:634,0
DA:645,3
DA:646,0
DA:647,0
DA:649,0
DA:650,0
DA:651,0
DA:653,0
DA:654,0
DA:662,0
DA:664,0
DA:671,0
DA:688,0
DA:695,0
DA:706,3
DA:707,0
DA:708,0
DA:710,0
DA:711,0
DA:712,0
DA:714,0
DA:715,0
DA:723,0
DA:730,0
DA:755,0
DA:756,0
DA:757,0
DA:758,0
DA:761,0
DA:766,0
DA:767,0
DA:768,0
DA:769,0
DA:772,0
DA:773,0
DA:778,0
DA:779,0
DA:780,0
DA:781,0
DA:784,0
DA:785,0
DA:790,0
DA:791,0
DA:797,0
DA:798,0
DA:799,0
DA:806,0
DA:807,0
DA:808,0
DA:817,0
DA:818,0
DA:827,0
DA:828,0
DA:837,0
DA:840,0
DA:841,0
DA:843,0
DA:852,0
DA:871,0
DA:878,0
DA:889,3
DA:890,2
DA:891,2
DA:892,2
DA:893,2
DA:894,1
DA:896,1
DA:898,0
DA:905,3
DA:906,2
DA:907,2
DA:908,2
DA:910,2
DA:911,2
DA:912,1
DA:915,1
DA:916,1
DA:917,1
DA:918,1
DA:919,0
DA:921,1
DA:923,1
DA:929,0
DA:936,3
DA:937,0
DA:938,0
DA:939,0
DA:945,0
DA:946,0
DA:948,0
DA:949,0
DA:956,0
DA:961,0
DA:962,0
DA:970,0
DA:971,0
DA:975,0
DA:981,0
DA:983,0
DA:991,0
DA:992,0
DA:1002,3
DA:1003,0
DA:1004,0
DA:1005,0
DA:1011,0
DA:1012,0
DA:1014,0
DA:1015,0
DA:1021,0
DA:1023,0
DA:1024,0
DA:1031,0
DA:1036,0
DA:1037,0
DA:1045,0
DA:1049,0
DA:1057,0
DA:1058,0
DA:1060,0
DA:1066,0
DA:1067,0
DA:1077,3
DA:1078,1
DA:1083,1
DA:1088,0
DA:1089,0
DA:1096,3
LF:278
LH:115
BRDA:26,0,0,0
BRDA:26,0,1,0
BRDA:26,0,2,0
BRDA:37,1,0,11
BRDA:37,1,1,11
BRDA:37,1,2,8
BRDA:43,2,0,29
BRDA:43,2,1,3
BRDA:43,2,2,3
BRDA:43,2,3,3
BRDA:44,3,0,29
BRDA:44,3,1,7
BRDA:44,4,0,26
BRDA:44,4,1,3
BRDA:44,5,0,3
BRDA:44,5,1,0
BRDA:60,6,0,2
BRDA:60,6,1,14
BRDA:73,7,0,6
BRDA:73,7,1,8
BRDA:91,8,0,1
BRDA:91,8,1,7
BRDA:97,9,0,0
BRDA:97,9,1,1
BRDA:97,10,0,1
BRDA:97,10,1,0
BRDA:115,11,0,0
BRDA:115,11,1,7
BRDA:130,12,0,1
BRDA:130,12,1,6
BRDA:132,13,0,0
BRDA:132,13,1,1
BRDA:175,14,0,2
BRDA:175,14,1,11
BRDA:175,15,0,13
BRDA:175,15,1,13
BRDA:190,16,0,0
BRDA:190,16,1,11
BRDA:198,17,0,4
BRDA:198,17,1,7
BRDA:207,18,0,1
BRDA:207,18,1,6
BRDA:207,19,0,7
BRDA:207,19,1,1
BRDA:217,20,0,6
BRDA:217,20,1,6
BRDA:217,20,2,6
BRDA:218,21,0,0
BRDA:218,21,1,6
BRDA:218,22,0,6
BRDA:218,22,1,6
BRDA:219,23,0,0
BRDA:219,23,1,0
BRDA:245,24,0,0
BRDA:245,24,1,0
BRDA:266,25,0,1
BRDA:266,25,1,5
BRDA:284,26,0,0
BRDA:284,26,1,5
BRDA:284,27,0,5
BRDA:284,27,1,5
BRDA:317,28,0,4
BRDA:317,28,1,1
BRDA:320,29,0,0
BRDA:320,29,1,4
BRDA:326,30,0,0
BRDA:326,30,1,4
BRDA:329,31,0,0
BRDA:329,31,1,4
BRDA:331,32,0,0
BRDA:331,32,1,0
BRDA:334,33,0,0
BRDA:334,33,1,0
BRDA:334,34,0,0
BRDA:334,34,1,0
BRDA:337,35,0,0
BRDA:337,35,1,0
BRDA:339,36,0,0
BRDA:339,36,1,0
BRDA:351,37,0,4
BRDA:351,37,1,0
BRDA:372,38,0,1
BRDA:372,38,1,3
BRDA:373,39,0,1
BRDA:373,39,1,3
BRDA:421,40,0,1
BRDA:421,40,1,1
BRDA:421,40,2,1
BRDA:421,40,3,1
BRDA:422,41,0,1
BRDA:422,41,1,0
BRDA:467,42,0,0
BRDA:467,42,1,0
BRDA:467,43,0,0
BRDA:467,43,1,0
BRDA:467,43,2,0
BRDA:484,44,0,0
BRDA:484,44,1,0
BRDA:484,45,0,0
BRDA:484,45,1,0
BRDA:492,46,0,0
BRDA:492,46,1,0
BRDA:492,47,0,0
BRDA:492,47,1,0
BRDA:502,48,0,0
BRDA:502,48,1,0
BRDA:516,49,0,0
BRDA:516,49,1,0
BRDA:532,50,0,0
BRDA:532,50,1,0
BRDA:554,51,0,0
BRDA:554,51,1,0
BRDA:560,52,0,0
BRDA:560,52,1,0
BRDA:653,53,0,0
BRDA:653,53,1,0
BRDA:714,54,0,0
BRDA:714,54,1,0
BRDA:756,55,0,0
BRDA:756,55,1,0
BRDA:768,56,0,0
BRDA:768,56,1,0
BRDA:780,57,0,0
BRDA:780,57,1,0
BRDA:807,58,0,0
BRDA:807,58,1,0
BRDA:817,59,0,0
BRDA:817,59,1,0
BRDA:817,60,0,0
BRDA:817,60,1,0
BRDA:827,61,0,0
BRDA:827,61,1,0
BRDA:827,62,0,0
BRDA:827,62,1,0
BRDA:892,63,0,0
BRDA:892,63,1,2
BRDA:892,64,0,2
BRDA:892,64,1,1
BRDA:893,65,0,1
BRDA:893,65,1,1
BRDA:911,66,0,1
BRDA:911,66,1,1
BRDA:915,67,0,1
BRDA:915,67,1,0
BRDA:916,68,0,1
BRDA:916,68,1,0
BRDA:917,69,0,1
BRDA:917,69,1,0
BRDA:918,70,0,0
BRDA:918,70,1,1
BRDA:938,71,0,0
BRDA:938,71,1,0
BRDA:948,72,0,0
BRDA:948,72,1,0
BRDA:961,73,0,0
BRDA:961,73,1,0
BRDA:970,74,0,0
BRDA:970,74,1,0
BRDA:970,75,0,0
BRDA:970,75,1,0
BRDA:1004,76,0,0
BRDA:1004,76,1,0
BRDA:1004,77,0,0
BRDA:1004,77,1,0
BRDA:1014,78,0,0
BRDA:1014,78,1,0
BRDA:1014,79,0,0
BRDA:1014,79,1,0
BRDA:1014,79,2,0
BRDA:1023,80,0,0
BRDA:1023,80,1,0
BRDA:1036,81,0,0
BRDA:1036,81,1,0
BRF:173
BRH:72
end_of_record
TN:
SF:src\controllers\communicationController.js
FN:9,(anonymous_0)
FN:49,(anonymous_1)
FN:69,(anonymous_2)
FN:111,(anonymous_3)
FN:140,(anonymous_4)
FN:171,(anonymous_5)
FN:192,(anonymous_6)
FN:226,(anonymous_7)
FN:253,(anonymous_8)
FN:265,(anonymous_9)
FN:304,(anonymous_10)
FN:316,(anonymous_11)
FN:345,(anonymous_12)
FN:387,(anonymous_13)
FN:424,(anonymous_14)
FN:431,(anonymous_15)
FN:455,(anonymous_16)
FN:472,(anonymous_17)
FN:509,(anonymous_18)
FN:555,(anonymous_19)
FN:576,(anonymous_20)
FN:623,(anonymous_21)
FN:635,(anonymous_22)
FN:680,(anonymous_23)
FN:730,(anonymous_24)
FN:767,(anonymous_25)
FN:799,(anonymous_26)
FN:831,(anonymous_27)
FNF:28
FNH:0
FNDA:0,(anonymous_0)
FNDA:0,(anonymous_1)
FNDA:0,(anonymous_2)
FNDA:0,(anonymous_3)
FNDA:0,(anonymous_4)
FNDA:0,(anonymous_5)
FNDA:0,(anonymous_6)
FNDA:0,(anonymous_7)
FNDA:0,(anonymous_8)
FNDA:0,(anonymous_9)
FNDA:0,(anonymous_10)
FNDA:0,(anonymous_11)
FNDA:0,(anonymous_12)
FNDA:0,(anonymous_13)
FNDA:0,(anonymous_14)
FNDA:0,(anonymous_15)
FNDA:0,(anonymous_16)
FNDA:0,(anonymous_17)
FNDA:0,(anonymous_18)
FNDA:0,(anonymous_19)
FNDA:0,(anonymous_20)
FNDA:0,(anonymous_21)
FNDA:0,(anonymous_22)
FNDA:0,(anonymous_23)
FNDA:0,(anonymous_24)
FNDA:0,(anonymous_25)
FNDA:0,(anonymous_26)
FNDA:0,(anonymous_27)
DA:1,2
DA:2,2
DA:3,2
DA:4,2
DA:9,2
DA:10,0
DA:11,0
DA:12,0
DA:14,0
DA:25,0
DA:29,0
DA:38,0
DA:39,0
DA:49,2
DA:50,0
DA:51,0
DA:56,0
DA:61,0
DA:62,0
DA:69,0
DA:70,0
DA:77,0
DA:93,0
DA:95,0
DA:100,0
DA:101,0
DA:111,2
DA:112,0
DA:113,0
DA:115,0
DA:116,0
DA:123,0
DA:126,0
DA:131,0
DA:132,0
DA:140,0
DA:145,0
DA:152,0
DA:154,0
DA:160,0
DA:161,0
DA:171,2
DA:172,0
DA:173,0
DA:175,0
DA:176,0
DA:182,0
DA:184,0
DA:185,0
DA:192,0
DA:193,0
DA:200,0
DA:213,0
DA:218,0
DA:220,0
DA:223,0
DA:226,0
DA:236,0
DA:242,0
DA:243,0
DA:253,2
DA:254,0
DA:255,0
DA:257,0
DA:258,0
DA:265,0
DA:266,0
DA:273,0
DA:288,0
DA:293,0
DA:294,0
DA:304,2
DA:305,0
DA:306,0
DA:308,0
DA:309,0
DA:316,0
DA:317,0
DA:324,0
DA:327,0
DA:329,0
DA:334,0
DA:335,0
DA:345,2
DA:346,0
DA:347,0
DA:349,0
DA:350,0
DA:356,0
DA:363,0
DA:364,0
DA:371,0
DA:376,0
DA:377,0
DA:387,2
DA:388,0
DA:389,0
DA:391,0
DA:392,0
DA:398,0
DA:400,0
DA:401,0
DA:408,0
DA:413,0
DA:414,0
DA:424,2
DA:425,0
DA:427,0
DA:431,0
DA:434,0
DA:439,0
DA:444,0
DA:445,0
DA:455,2
DA:456,0
DA:457,0
DA:458,0
DA:460,0
DA:461,0
DA:468,0
DA:472,0
DA:474,0
DA:484,0
DA:489,0
DA:498,0
DA:499,0
DA:509,2
DA:510,0
DA:511,0
DA:513,0
DA:521,0
DA:522,0
DA:523,0
DA:529,0
DA:530,0
DA:537,0
DA:539,0
DA:544,0
DA:545,0
DA:555,2
DA:556,0
DA:557,0
DA:559,0
DA:560,0
DA:566,0
DA:568,0
DA:569,0
DA:576,0
DA:577,0
DA:583,0
DA:585,0
DA:586,0
DA:593,0
DA:594,0
DA:600,0
DA:601,0
DA:602,0
DA:604,0
DA:606,0
DA:612,0
DA:613,0
DA:623,2
DA:624,0
DA:625,0
DA:627,0
DA:628,0
DA:635,0
DA:636,0
DA:642,0
DA:644,0
DA:645,0
DA:652,0
DA:653,0
DA:660,0
DA:661,0
DA:662,0
DA:664,0
DA:669,0
DA:670,0
DA:680,2
DA:681,0
DA:682,0
DA:683,0
DA:686,0
DA:695,0
DA:696,0
DA:699,0
DA:700,0
DA:703,0
DA:708,0
DA:710,0
DA:719,0
DA:720,0
DA:730,2
DA:731,0
DA:732,0
DA:734,0
DA:739,0
DA:740,0
DA:746,0
DA:747,0
DA:748,0
DA:750,0
DA:756,0
DA:757,0
DA:767,2
DA:768,0
DA:769,0
DA:780,0
DA:788,0
DA:789,0
DA:799,2
DA:800,0
DA:801,0
DA:803,0
DA:808,0
DA:809,0
DA:815,0
DA:820,0
DA:821,0
DA:831,2
DA:832,0
DA:833,0
DA:835,0
DA:843,0
DA:844,0
DA:847,0
DA:849,0
DA:854,0
DA:855,0
DA:862,2
LF:231
LH:23
BRDA:11,0,0,0
BRDA:11,1,0,0
BRDA:61,2,0,0
BRDA:61,2,1,0
BRDA:69,3,0,0
BRDA:69,3,1,0
BRDA:113,4,0,0
BRDA:113,5,0,0
BRDA:115,6,0,0
BRDA:115,6,1,0
BRDA:115,7,0,0
BRDA:115,7,1,0
BRDA:115,7,2,0
BRDA:131,8,0,0
BRDA:131,8,1,0
BRDA:142,9,0,0
BRDA:142,9,1,0
BRDA:148,10,0,0
BRDA:148,10,1,0
BRDA:149,11,0,0
BRDA:149,11,1,0
BRDA:173,12,0,0
BRDA:173,13,0,0
BRDA:175,14,0,0
BRDA:175,14,1,0
BRDA:184,15,0,0
BRDA:184,15,1,0
BRDA:192,16,0,0
BRDA:192,16,1,0
BRDA:257,17,0,0
BRDA:257,17,1,0
BRDA:265,18,0,0
BRDA:265,18,1,0
BRDA:308,19,0,0
BRDA:308,19,1,0
BRDA:316,20,0,0
BRDA:316,20,1,0
BRDA:349,21,0,0
BRDA:349,21,1,0
BRDA:349,22,0,0
BRDA:349,22,1,0
BRDA:349,22,2,0
BRDA:363,23,0,0
BRDA:363,23,1,0
BRDA:391,24,0,0
BRDA:391,24,1,0
BRDA:391,25,0,0
BRDA:391,25,1,0
BRDA:400,26,0,0
BRDA:400,26,1,0
BRDA:457,27,0,0
BRDA:457,28,0,0
BRDA:460,29,0,0
BRDA:460,29,1,0
BRDA:522,30,0,0
BRDA:522,30,1,0
BRDA:529,31,0,0
BRDA:529,31,1,0
BRDA:559,32,0,0
BRDA:559,32,1,0
BRDA:568,33,0,0
BRDA:568,33,1,0
BRDA:576,34,0,0
BRDA:576,34,1,0
BRDA:585,35,0,0
BRDA:585,35,1,0
BRDA:593,36,0,0
BRDA:593,36,1,0
BRDA:627,37,0,0
BRDA:627,37,1,0
BRDA:635,38,0,0
BRDA:635,38,1,0
BRDA:644,39,0,0
BRDA:644,39,1,0
BRDA:652,40,0,0
BRDA:652,40,1,0
BRDA:682,41,0,0
BRDA:682,42,0,0
BRDA:695,43,0,0
BRDA:695,43,1,0
BRDA:699,44,0,0
BRDA:699,44,1,0
BRDA:739,45,0,0
BRDA:739,45,1,0
BRDA:808,46,0,0
BRDA:808,46,1,0
BRDA:843,47,0,0
BRDA:843,47,1,0
BRF:88
BRH:0
end_of_record
TN:
SF:src\controllers\databaseOptimizationController.js
FN:16,(anonymous_0)
FN:40,(anonymous_1)
FN:44,(anonymous_2)
FN:60,(anonymous_3)
FN:61,(anonymous_4)
FN:62,(anonymous_5)
FN:82,(anonymous_6)
FN:94,(anonymous_7)
FN:107,(anonymous_8)
FN:108,(anonymous_9)
FN:128,(anonymous_10)
FN:139,(anonymous_11)
FN:140,(anonymous_12)
FN:162,(anonymous_13)
FN:199,(anonymous_14)
FN:222,(anonymous_15)
FN:232,(anonymous_16)
FN:233,(anonymous_17)
FN:234,(anonymous_18)
FN:254,(anonymous_19)
FN:261,(anonymous_20)
FN:262,(anonymous_21)
FN:263,(anonymous_22)
FN:264,(anonymous_23)
FN:290,(anonymous_24)
FN:293,(anonymous_25)
FN:310,(anonymous_26)
FN:316,(anonymous_27)
FN:320,(anonymous_28)
FN:326,(anonymous_29)
FN:327,(anonymous_30)
FN:358,(anonymous_31)
FNF:32
FNH:0
FNDA:0,(anonymous_0)
FNDA:0,(anonymous_1)
FNDA:0,(anonymous_2)
FNDA:0,(anonymous_3)
FNDA:0,(anonymous_4)
FNDA:0,(anonymous_5)
FNDA:0,(anonymous_6)
FNDA:0,(anonymous_7)
FNDA:0,(anonymous_8)
FNDA:0,(anonymous_9)
FNDA:0,(anonymous_10)
FNDA:0,(anonymous_11)
FNDA:0,(anonymous_12)
FNDA:0,(anonymous_13)
FNDA:0,(anonymous_14)
FNDA:0,(anonymous_15)
FNDA:0,(anonymous_16)
FNDA:0,(anonymous_17)
FNDA:0,(anonymous_18)
FNDA:0,(anonymous_19)
FNDA:0,(anonymous_20)
FNDA:0,(anonymous_21)
FNDA:0,(anonymous_22)
FNDA:0,(anonymous_23)
FNDA:0,(anonymous_24)
FNDA:0,(anonymous_25)
FNDA:0,(anonymous_26)
FNDA:0,(anonymous_27)
FNDA:0,(anonymous_28)
FNDA:0,(anonymous_29)
FNDA:0,(anonymous_30)
FNDA:0,(anonymous_31)
DA:1,2
DA:2,2
DA:3,2
DA:4,2
DA:16,2
DA:17,0
DA:18,0
DA:20,0
DA:26,0
DA:27,0
DA:40,2
DA:41,0
DA:42,0
DA:44,0
DA:54,0
DA:60,0
DA:61,0
DA:62,0
DA:68,0
DA:69,0
DA:82,2
DA:83,0
DA:84,0
DA:86,0
DA:87,0
DA:93,0
DA:94,0
DA:101,0
DA:107,0
DA:108,0
DA:114,0
DA:115,0
DA:128,2
DA:129,0
DA:130,0
DA:131,0
DA:133,0
DA:139,0
DA:140,0
DA:148,0
DA:149,0
DA:162,2
DA:163,0
DA:164,0
DA:165,0
DA:167,0
DA:179,0
DA:185,0
DA:186,0
DA:199,2
DA:200,0
DA:201,0
DA:203,0
DA:208,0
DA:209,0
DA:222,2
DA:223,0
DA:224,0
DA:226,0
DA:232,0
DA:233,0
DA:234,0
DA:240,0
DA:241,0
DA:254,2
DA:255,0
DA:256,0
DA:259,0
DA:261,0
DA:262,0
DA:263,0
DA:264,0
DA:269,0
DA:278,0
DA:279,0
DA:290,2
DA:291,0
DA:293,0
DA:294,0
DA:295,0
DA:296,0
DA:305,0
DA:306,0
DA:307,0
DA:310,0
DA:316,2
DA:317,0
DA:320,0
DA:321,0
DA:322,0
DA:323,0
DA:326,0
DA:327,0
DA:329,0
DA:330,0
DA:339,0
DA:340,0
DA:350,0
DA:358,2
DA:359,0
DA:360,0
DA:362,0
DA:367,0
DA:368,0
DA:376,2
LF:105
LH:16
BRDA:48,0,0,0
BRDA:48,0,1,0
BRDA:86,1,0,0
BRDA:86,1,1,0
BRDA:86,2,0,0
BRDA:86,2,1,0
BRDA:86,2,2,0
BRDA:131,3,0,0
BRDA:131,3,1,0
BRDA:140,4,0,0
BRDA:140,4,1,0
BRDA:168,5,0,0
BRDA:168,5,1,0
BRDA:170,6,0,0
BRDA:170,6,1,0
BRDA:171,7,0,0
BRDA:171,7,1,0
BRDA:172,8,0,0
BRDA:172,8,1,0
BRDA:173,9,0,0
BRDA:173,9,1,0
BRDA:174,10,0,0
BRDA:174,10,1,0
BRDA:232,11,0,0
BRDA:232,11,1,0
BRDA:233,12,0,0
BRDA:233,12,1,0
BRDA:234,13,0,0
BRDA:234,13,1,0
BRDA:234,14,0,0
BRDA:234,14,1,0
BRDA:256,15,0,0
BRDA:256,15,1,0
BRDA:261,16,0,0
BRDA:261,16,1,0
BRDA:295,17,0,0
BRDA:295,17,1,0
BRDA:321,18,0,0
BRDA:321,18,1,0
BRDA:329,19,0,0
BRDA:329,19,1,0
BRDA:339,20,0,0
BRDA:339,20,1,0
BRF:43
BRH:0
end_of_record
TN:
SF:src\controllers\facilityCareController.js
FN:10,(anonymous_0)
FN:85,(anonymous_1)
FN:128,(anonymous_2)
FN:176,(anonymous_3)
FN:237,(anonymous_4)
FN:276,(anonymous_5)
FN:302,(anonymous_6)
FN:309,(anonymous_7)
FN:310,(anonymous_8)
FN:343,(anonymous_9)
FN:396,(anonymous_10)
FN:487,(anonymous_11)
FN:560,(anonymous_12)
FN:581,(anonymous_13)
FN:594,(anonymous_14)
FN:615,(anonymous_15)
FN:637,(anonymous_16)
FN:670,(anonymous_17)
FN:686,(anonymous_18)
FN:687,(anonymous_19)
FN:718,(anonymous_20)
FNF:21
FNH:0
FNDA:0,(anonymous_0)
FNDA:0,(anonymous_1)
FNDA:0,(anonymous_2)
FNDA:0,(anonymous_3)
FNDA:0,(anonymous_4)
FNDA:0,(anonymous_5)
FNDA:0,(anonymous_6)
FNDA:0,(anonymous_7)
FNDA:0,(anonymous_8)
FNDA:0,(anonymous_9)
FNDA:0,(anonymous_10)
FNDA:0,(anonymous_11)
FNDA:0,(anonymous_12)
FNDA:0,(anonymous_13)
FNDA:0,(anonymous_14)
FNDA:0,(anonymous_15)
FNDA:0,(anonymous_16)
FNDA:0,(anonymous_17)
FNDA:0,(anonymous_18)
FNDA:0,(anonymous_19)
FNDA:0,(anonymous_20)
DA:1,2
DA:2,2
DA:3,2
DA:4,2
DA:5,2
DA:10,2
DA:11,0
DA:21,0
DA:24,0
DA:27,0
DA:28,0
DA:36,0
DA:37,0
DA:41,0
DA:42,0
DA:46,0
DA:47,0
DA:51,0
DA:52,0
DA:54,0
DA:56,0
DA:63,0
DA:65,0
DA:74,0
DA:75,0
DA:85,2
DA:86,0
DA:88,0
DA:89,0
DA:95,0
DA:101,0
DA:102,0
DA:109,0
DA:110,0
DA:112,0
DA:117,0
DA:118,0
DA:128,2
DA:129,0
DA:130,0
DA:136,0
DA:137,0
DA:138,0
DA:139,0
DA:141,0
DA:142,0
DA:143,0
DA:149,0
DA:154,0
DA:156,0
DA:157,0
DA:159,0
DA:165,0
DA:166,0
DA:176,2
DA:177,0
DA:178,0
DA:180,0
DA:181,0
DA:188,0
DA:189,0
DA:196,0
DA:198,0
DA:199,0
DA:200,0
DA:202,0
DA:203,0
DA:204,0
DA:210,0
DA:215,0
DA:220,0
DA:226,0
DA:227,0
DA:237,2
DA:238,0
DA:239,0
DA:241,0
DA:242,0
DA:249,0
DA:250,0
DA:257,0
DA:258,0
DA:260,0
DA:265,0
DA:266,0
DA:276,2
DA:277,0
DA:278,0
DA:279,0
DA:285,0
DA:287,0
DA:288,0
DA:295,0
DA:296,0
DA:302,0
DA:303,0
DA:306,0
DA:308,0
DA:309,0
DA:310,0
DA:315,0
DA:316,0
DA:323,0
DA:324,0
DA:326,0
DA:332,0
DA:333,0
DA:343,2
DA:344,0
DA:345,0
DA:347,0
DA:349,0
DA:350,0
DA:357,0
DA:358,0
DA:364,0
DA:366,0
DA:367,0
DA:374,0
DA:377,0
DA:378,0
DA:380,0
DA:385,0
DA:386,0
DA:396,2
DA:397,0
DA:405,0
DA:407,0
DA:408,0
DA:414,0
DA:416,0
DA:417,0
DA:424,0
DA:425,0
DA:432,0
DA:433,0
DA:434,0
DA:440,0
DA:452,0
DA:453,0
DA:456,0
DA:470,0
DA:476,0
DA:477,0
DA:487,2
DA:488,0
DA:489,0
DA:490,0
DA:492,0
DA:493,0
DA:499,0
DA:501,0
DA:502,0
DA:509,0
DA:510,0
DA:516,0
DA:518,0
DA:519,0
DA:525,0
DA:526,0
DA:528,0
DA:531,0
DA:543,0
DA:549,0
DA:550,0
DA:560,2
DA:561,0
DA:562,0
DA:564,0
DA:565,0
DA:571,0
DA:573,0
DA:574,0
DA:581,0
DA:582,0
DA:586,0
DA:587,0
DA:594,0
DA:595,0
DA:598,0
DA:599,0
DA:605,0
DA:612,0
DA:615,0
DA:616,0
DA:618,0
DA:620,0
DA:626,0
DA:627,0
DA:637,2
DA:638,0
DA:639,0
DA:640,0
DA:642,0
DA:648,0
DA:650,0
DA:659,0
DA:660,0
DA:670,2
DA:671,0
DA:672,0
DA:673,0
DA:675,0
DA:685,0
DA:686,0
DA:687,0
DA:688,0
DA:689,0
DA:701,0
DA:707,0
DA:708,0
DA:718,2
DA:719,0
DA:720,0
DA:722,0
DA:723,0
DA:729,0
DA:731,0
DA:749,0
DA:762,0
DA:771,0
DA:772,0
DA:779,2
LF:223
LH:19
BRDA:17,0,0,0
BRDA:18,1,0,0
BRDA:19,2,0,0
BRDA:20,3,0,0
BRDA:27,4,0,0
BRDA:27,4,1,0
BRDA:36,5,0,0
BRDA:36,5,1,0
BRDA:41,6,0,0
BRDA:41,6,1,0
BRDA:46,7,0,0
BRDA:46,7,1,0
BRDA:52,8,0,0
BRDA:52,8,1,0
BRDA:88,9,0,0
BRDA:88,9,1,0
BRDA:101,10,0,0
BRDA:101,10,1,0
BRDA:136,11,0,0
BRDA:136,11,1,0
BRDA:141,12,0,0
BRDA:141,12,1,0
BRDA:141,13,0,0
BRDA:141,13,1,0
BRDA:180,14,0,0
BRDA:180,14,1,0
BRDA:188,15,0,0
BRDA:188,15,1,0
BRDA:196,16,0,0
BRDA:196,16,1,0
BRDA:196,17,0,0
BRDA:196,17,1,0
BRDA:202,18,0,0
BRDA:202,18,1,0
BRDA:202,19,0,0
BRDA:202,19,1,0
BRDA:241,20,0,0
BRDA:241,20,1,0
BRDA:249,21,0,0
BRDA:249,21,1,0
BRDA:278,22,0,0
BRDA:278,22,1,0
BRDA:278,23,0,0
BRDA:278,23,1,0
BRDA:287,24,0,0
BRDA:287,24,1,0
BRDA:295,25,0,0
BRDA:295,25,1,0
BRDA:315,26,0,0
BRDA:315,26,1,0
BRDA:349,27,0,0
BRDA:349,27,1,0
BRDA:357,28,0,0
BRDA:357,28,1,0
BRDA:366,29,0,0
BRDA:366,29,1,0
BRDA:407,30,0,0
BRDA:407,30,1,0
BRDA:407,31,0,0
BRDA:407,31,1,0
BRDA:407,31,2,0
BRDA:407,31,3,0
BRDA:416,32,0,0
BRDA:416,32,1,0
BRDA:424,33,0,0
BRDA:424,33,1,0
BRDA:433,34,0,0
BRDA:433,34,1,0
BRDA:492,35,0,0
BRDA:492,35,1,0
BRDA:501,36,0,0
BRDA:501,36,1,0
BRDA:509,37,0,0
BRDA:509,37,1,0
BRDA:518,38,0,0
BRDA:518,38,1,0
BRDA:564,39,0,0
BRDA:564,39,1,0
BRDA:564,40,0,0
BRDA:564,40,1,0
BRDA:564,40,2,0
BRDA:573,41,0,0
BRDA:573,41,1,0
BRDA:582,42,0,0
BRDA:582,42,1,0
BRDA:586,43,0,0
BRDA:586,43,1,0
BRDA:598,44,0,0
BRDA:598,44,1,0
BRDA:639,45,0,0
BRDA:639,46,0,0
BRDA:672,47,0,0
BRDA:672,48,0,0
BRDA:688,49,0,0
BRDA:688,49,1,0
BRDA:720,50,0,0
BRDA:720,51,0,0
BRDA:720,52,0,0
BRDA:722,53,0,0
BRDA:722,53,1,0
BRDA:722,54,0,0
BRDA:722,54,1,0
BRF:102
BRH:0
end_of_record
TN:
SF:src\controllers\financeController.js
FN:14,(anonymous_0)
FN:115,(anonymous_1)
FN:135,(anonymous_2)
FN:140,(anonymous_3)
FN:143,(anonymous_4)
FN:169,(anonymous_5)
FN:280,(anonymous_6)
FN:302,(anonymous_7)
FN:307,(anonymous_8)
FN:316,(anonymous_9)
FN:320,(anonymous_10)
FN:331,(anonymous_11)
FN:348,(anonymous_12)
FN:363,(anonymous_13)
FN:415,(anonymous_14)
FN:502,(anonymous_15)
FN:591,(anonymous_16)
FN:628,(anonymous_17)
FN:635,(anonymous_18)
FN:663,(anonymous_19)
FN:687,(anonymous_20)
FN:732,(anonymous_21)
FN:739,(anonymous_22)
FN:789,(anonymous_23)
FN:821,(anonymous_24)
FNF:25
FNH:0
FNDA:0,(anonymous_0)
FNDA:0,(anonymous_1)
FNDA:0,(anonymous_2)
FNDA:0,(anonymous_3)
FNDA:0,(anonymous_4)
FNDA:0,(anonymous_5)
FNDA:0,(anonymous_6)
FNDA:0,(anonymous_7)
FNDA:0,(anonymous_8)
FNDA:0,(anonymous_9)
FNDA:0,(anonymous_10)
FNDA:0,(anonymous_11)
FNDA:0,(anonymous_12)
FNDA:0,(anonymous_13)
FNDA:0,(anonymous_14)
FNDA:0,(anonymous_15)
FNDA:0,(anonymous_16)
FNDA:0,(anonymous_17)
FNDA:0,(anonymous_18)
FNDA:0,(anonymous_19)
FNDA:0,(anonymous_20)
FNDA:0,(anonymous_21)
FNDA:0,(anonymous_22)
FNDA:0,(anonymous_23)
FNDA:0,(anonymous_24)
DA:1,2
DA:2,2
DA:3,2
DA:4,2
DA:5,2
DA:6,2
DA:7,2
DA:8,2
DA:9,2
DA:14,2
DA:15,0
DA:16,0
DA:19,0
DA:21,0
DA:22,0
DA:29,0
DA:35,0
DA:36,0
DA:37,0
DA:39,0
DA:58,0
DA:77,0
DA:93,0
DA:104,0
DA:105,0
DA:115,2
DA:116,0
DA:117,0
DA:118,0
DA:120,0
DA:122,0
DA:123,0
DA:130,0
DA:131,0
DA:132,0
DA:134,0
DA:136,0
DA:137,0
DA:138,0
DA:140,0
DA:143,0
DA:144,0
DA:145,0
DA:146,0
DA:149,0
DA:158,0
DA:159,0
DA:169,2
DA:170,0
DA:171,0
DA:174,0
DA:175,0
DA:176,0
DA:177,0
DA:178,0
DA:182,0
DA:209,0
DA:242,0
DA:260,0
DA:269,0
DA:270,0
DA:280,2
DA:281,0
DA:282,0
DA:285,0
DA:286,0
DA:287,0
DA:288,0
DA:289,0
DA:292,0
DA:294,0
DA:295,0
DA:302,0
DA:303,0
DA:306,0
DA:307,0
DA:308,0
DA:309,0
DA:310,0
DA:311,0
DA:315,0
DA:316,0
DA:320,0
DA:321,0
DA:322,0
DA:323,0
DA:325,0
DA:326,0
DA:327,0
DA:331,0
DA:332,0
DA:333,0
DA:334,0
DA:335,0
DA:337,0
DA:338,0
DA:339,0
DA:342,0
DA:348,0
DA:352,0
DA:353,0
DA:363,2
DA:364,0
DA:365,0
DA:367,0
DA:368,0
DA:374,0
DA:376,0
DA:377,0
DA:380,0
DA:390,0
DA:393,0
DA:394,0
DA:396,0
DA:398,0
DA:404,0
DA:405,0
DA:415,2
DA:416,0
DA:417,0
DA:419,0
DA:420,0
DA:426,0
DA:428,0
DA:429,0
DA:436,0
DA:437,0
DA:444,0
DA:445,0
DA:446,0
DA:452,0
DA:463,0
DA:466,0
DA:467,0
DA:468,0
DA:470,0
DA:473,0
DA:485,0
DA:491,0
DA:492,0
DA:502,2
DA:503,0
DA:504,0
DA:505,0
DA:507,0
DA:508,0
DA:515,0
DA:520,0
DA:521,0
DA:527,0
DA:529,0
DA:530,0
DA:536,0
DA:537,0
DA:543,0
DA:544,0
DA:545,0
DA:546,0
DA:548,0
DA:550,0
DA:551,0
DA:553,0
DA:554,0
DA:557,0
DA:558,0
DA:561,0
DA:562,0
DA:574,0
DA:580,0
DA:581,0
DA:591,2
DA:592,0
DA:593,0
DA:595,0
DA:597,0
DA:598,0
DA:605,0
DA:606,0
DA:607,0
DA:609,0
DA:628,0
DA:629,0
DA:630,0
DA:635,0
DA:638,0
DA:655,0
DA:663,0
DA:671,0
DA:676,0
DA:677,0
DA:687,2
DA:688,0
DA:689,0
DA:692,0
DA:693,0
DA:694,0
DA:695,0
DA:696,0
DA:699,0
DA:701,0
DA:702,0
DA:708,0
DA:710,0
DA:713,0
DA:732,0
DA:733,0
DA:734,0
DA:735,0
DA:736,0
DA:739,0
DA:741,0
DA:749,0
DA:753,0
DA:787,0
DA:789,0
DA:796,0
DA:799,0
DA:805,0
DA:810,0
DA:811,0
DA:821,2
DA:822,0
DA:823,0
DA:825,0
DA:827,0
DA:828,0
DA:832,0
DA:833,0
DA:834,0
DA:836,0
DA:837,0
DA:839,0
DA:845,0
DA:846,0
DA:853,2
LF:235
LH:20
BRDA:21,0,0,0
BRDA:21,0,1,0
BRDA:97,1,0,0
BRDA:97,1,1,0
BRDA:98,2,0,0
BRDA:98,2,1,0
BRDA:99,3,0,0
BRDA:99,3,1,0
BRDA:100,4,0,0
BRDA:100,4,1,0
BRDA:117,5,0,0
BRDA:117,6,0,0
BRDA:122,7,0,0
BRDA:122,7,1,0
BRDA:131,8,0,0
BRDA:131,8,1,0
BRDA:132,9,0,0
BRDA:132,9,1,0
BRDA:136,10,0,0
BRDA:136,10,1,0
BRDA:136,11,0,0
BRDA:136,11,1,0
BRDA:137,12,0,0
BRDA:137,12,1,0
BRDA:137,13,0,0
BRDA:137,13,1,0
BRDA:144,14,0,0
BRDA:144,14,1,0
BRDA:144,15,0,0
BRDA:144,15,1,0
BRDA:145,16,0,0
BRDA:145,16,1,0
BRDA:145,17,0,0
BRDA:145,17,1,0
BRDA:171,18,0,0
BRDA:175,19,0,0
BRDA:175,19,1,0
BRDA:175,20,0,0
BRDA:175,20,1,0
BRDA:177,21,0,0
BRDA:177,21,1,0
BRDA:178,22,0,0
BRDA:178,22,1,0
BRDA:196,23,0,0
BRDA:196,23,1,0
BRDA:265,24,0,0
BRDA:265,24,1,0
BRDA:286,25,0,0
BRDA:286,25,1,0
BRDA:286,26,0,0
BRDA:286,26,1,0
BRDA:288,27,0,0
BRDA:288,27,1,0
BRDA:289,28,0,0
BRDA:289,28,1,0
BRDA:294,29,0,0
BRDA:294,29,1,0
BRDA:303,30,0,0
BRDA:303,30,1,0
BRDA:306,31,0,0
BRDA:306,31,1,0
BRDA:306,32,0,0
BRDA:306,32,1,0
BRDA:309,33,0,0
BRDA:309,33,1,0
BRDA:309,34,0,0
BRDA:309,34,1,0
BRDA:310,35,0,0
BRDA:310,35,1,0
BRDA:310,36,0,0
BRDA:310,36,1,0
BRDA:315,37,0,0
BRDA:315,37,1,0
BRDA:321,38,0,0
BRDA:321,38,1,0
BRDA:322,39,0,0
BRDA:322,39,1,0
BRDA:334,40,0,0
BRDA:334,40,1,0
BRDA:367,41,0,0
BRDA:367,41,1,0
BRDA:367,42,0,0
BRDA:367,42,1,0
BRDA:367,42,2,0
BRDA:376,43,0,0
BRDA:376,43,1,0
BRDA:385,44,0,0
BRDA:385,44,1,0
BRDA:419,45,0,0
BRDA:419,45,1,0
BRDA:419,46,0,0
BRDA:419,46,1,0
BRDA:419,46,2,0
BRDA:428,47,0,0
BRDA:428,47,1,0
BRDA:436,48,0,0
BRDA:436,48,1,0
BRDA:445,49,0,0
BRDA:445,49,1,0
BRDA:507,50,0,0
BRDA:507,50,1,0
BRDA:520,51,0,0
BRDA:520,51,1,0
BRDA:529,52,0,0
BRDA:529,52,1,0
BRDA:536,53,0,0
BRDA:536,53,1,0
BRDA:548,54,0,0
BRDA:548,54,1,0
BRDA:551,55,0,0
BRDA:551,55,1,0
BRDA:597,56,0,0
BRDA:597,56,1,0
BRDA:605,57,0,0
BRDA:605,57,1,0
BRDA:630,58,0,0
BRDA:630,58,1,0
BRDA:630,58,2,0
BRDA:656,59,0,0
BRDA:656,59,1,0
BRDA:657,60,0,0
BRDA:657,60,1,0
BRDA:658,61,0,0
BRDA:658,61,1,0
BRDA:660,62,0,0
BRDA:660,62,1,0
BRDA:661,63,0,0
BRDA:661,63,1,0
BRDA:662,64,0,0
BRDA:662,64,1,0
BRDA:662,65,0,0
BRDA:662,65,1,0
BRDA:689,66,0,0
BRDA:693,67,0,0
BRDA:693,67,1,0
BRDA:693,68,0,0
BRDA:693,68,1,0
BRDA:695,69,0,0
BRDA:695,69,1,0
BRDA:696,70,0,0
BRDA:696,70,1,0
BRDA:701,71,0,0
BRDA:701,71,1,0
BRDA:710,72,0,0
BRDA:710,72,1,0
BRDA:710,72,2,0
BRDA:734,73,0,0
BRDA:734,73,1,0
BRDA:734,74,0,0
BRDA:734,74,1,0
BRDA:735,75,0,0
BRDA:735,75,1,0
BRDA:735,76,0,0
BRDA:735,76,1,0
BRDA:742,77,0,0
BRDA:742,77,1,0
BRDA:743,78,0,0
BRDA:743,78,1,0
BRDA:744,79,0,0
BRDA:744,79,1,0
BRDA:746,80,0,0
BRDA:746,80,1,0
BRDA:827,81,0,0
BRDA:827,81,1,0
BRDA:832,82,0,0
BRDA:832,82,1,0
BRDA:833,83,0,0
BRDA:833,83,1,0
BRDA:834,84,0,0
BRDA:834,84,1,0
BRF:170
BRH:0
end_of_record
TN:
SF:src\controllers\jobController.js
FN:23,(anonymous_0)
FN:148,(anonymous_1)
FN:181,(anonymous_2)
FN:204,(anonymous_3)
FN:241,(anonymous_4)
FN:277,(anonymous_5)
FN:317,(anonymous_6)
FN:354,(anonymous_7)
FN:378,(anonymous_8)
FN:454,(anonymous_9)
FN:480,(anonymous_10)
FN:507,(anonymous_11)
FN:578,(anonymous_12)
FN:595,(anonymous_13)
FN:597,(anonymous_14)
FN:619,(anonymous_15)
FN:646,(anonymous_16)
FN:684,(anonymous_17)
FN:748,(anonymous_18)
FN:772,(anonymous_19)
FN:773,(anonymous_20)
FN:774,(anonymous_21)
FN:775,(anonymous_22)
FN:776,(anonymous_23)
FN:777,(anonymous_24)
FN:780,(anonymous_25)
FN:803,(anonymous_26)
FNF:27
FNH:0
FNDA:0,(anonymous_0)
FNDA:0,(anonymous_1)
FNDA:0,(anonymous_2)
FNDA:0,(anonymous_3)
FNDA:0,(anonymous_4)
FNDA:0,(anonymous_5)
FNDA:0,(anonymous_6)
FNDA:0,(anonymous_7)
FNDA:0,(anonymous_8)
FNDA:0,(anonymous_9)
FNDA:0,(anonymous_10)
FNDA:0,(anonymous_11)
FNDA:0,(anonymous_12)
FNDA:0,(anonymous_13)
FNDA:0,(anonymous_14)
FNDA:0,(anonymous_15)
FNDA:0,(anonymous_16)
FNDA:0,(anonymous_17)
FNDA:0,(anonymous_18)
FNDA:0,(anonymous_19)
FNDA:0,(anonymous_20)
FNDA:0,(anonymous_21)
FNDA:0,(anonymous_22)
FNDA:0,(anonymous_23)
FNDA:0,(anonymous_24)
FNDA:0,(anonymous_25)
FNDA:0,(anonymous_26)
DA:1,2
DA:2,2
DA:3,2
DA:4,2
DA:5,2
DA:10,2
DA:18,2
DA:23,2
DA:24,0
DA:41,0
DA:44,0
DA:45,0
DA:46,0
DA:49,0
DA:52,0
DA:53,0
DA:54,0
DA:55,0
DA:59,0
DA:60,0
DA:61,0
DA:62,0
DA:66,0
DA:67,0
DA:75,0
DA:78,0
DA:79,0
DA:83,0
DA:84,0
DA:85,0
DA:86,0
DA:89,0
DA:90,0
DA:96,0
DA:97,0
DA:101,0
DA:102,0
DA:103,0
DA:104,0
DA:108,0
DA:109,0
DA:113,0
DA:114,0
DA:115,0
DA:119,0
DA:120,0
DA:121,0
DA:123,0
DA:126,0
DA:128,0
DA:136,0
DA:137,0
DA:139,0
DA:141,0
DA:148,2
DA:149,0
DA:151,0
DA:152,0
DA:159,0
DA:164,0
DA:165,0
DA:169,0
DA:170,0
DA:172,0
DA:174,0
DA:181,2
DA:182,0
DA:183,0
DA:189,0
DA:190,0
DA:191,0
DA:195,0
DA:196,0
DA:197,0
DA:203,0
DA:204,0
DA:205,0
DA:206,0
DA:208,0
DA:209,0
DA:211,0
DA:212,0
DA:217,0
DA:222,0
DA:224,0
DA:230,0
DA:231,0
DA:241,2
DA:242,0
DA:243,0
DA:245,0
DA:246,0
DA:253,0
DA:254,0
DA:261,0
DA:263,0
DA:264,0
DA:268,0
DA:269,0
DA:270,0
DA:276,0
DA:277,0
DA:278,0
DA:279,0
DA:281,0
DA:282,0
DA:284,0
DA:285,0
DA:290,0
DA:295,0
DA:300,0
DA:306,0
DA:307,0
DA:317,2
DA:318,0
DA:319,0
DA:321,0
DA:322,0
DA:329,0
DA:330,0
DA:336,0
DA:338,0
DA:343,0
DA:344,0
DA:354,2
DA:355,0
DA:356,0
DA:357,0
DA:358,0
DA:360,0
DA:361,0
DA:362,0
DA:369,0
DA:370,0
DA:377,0
DA:378,0
DA:381,0
DA:382,0
DA:389,0
DA:390,0
DA:391,0
DA:396,0
DA:397,0
DA:405,0
DA:414,0
DA:417,0
DA:418,0
DA:419,0
DA:421,0
DA:422,0
DA:434,0
DA:438,0
DA:443,0
DA:444,0
DA:454,2
DA:455,0
DA:456,0
DA:459,0
DA:460,0
DA:467,0
DA:468,0
DA:474,0
DA:476,0
DA:479,0
DA:480,0
DA:484,0
DA:485,0
DA:487,0
DA:496,0
DA:497,0
DA:507,2
DA:508,0
DA:509,0
DA:510,0
DA:512,0
DA:513,0
DA:514,0
DA:521,0
DA:522,0
DA:528,0
DA:529,0
DA:530,0
DA:536,0
DA:537,0
DA:538,0
DA:541,0
DA:544,0
DA:545,0
DA:546,0
DA:547,0
DA:558,0
DA:561,0
DA:567,0
DA:568,0
DA:578,2
DA:579,0
DA:580,0
DA:581,0
DA:583,0
DA:584,0
DA:585,0
DA:588,0
DA:594,0
DA:595,0
DA:596,0
DA:597,0
DA:599,0
DA:600,0
DA:618,0
DA:619,0
DA:623,0
DA:624,0
DA:626,0
DA:635,0
DA:636,0
DA:646,2
DA:647,0
DA:648,0
DA:649,0
DA:651,0
DA:652,0
DA:654,0
DA:656,0
DA:662,0
DA:664,0
DA:673,0
DA:674,0
DA:684,2
DA:685,0
DA:686,0
DA:687,0
DA:693,0
DA:694,0
DA:695,0
DA:702,0
DA:703,0
DA:710,0
DA:715,0
DA:716,0
DA:724,0
DA:729,0
DA:731,0
DA:737,0
DA:738,0
DA:748,2
DA:749,0
DA:750,0
DA:752,0
DA:753,0
DA:760,0
DA:761,0
DA:767,0
DA:772,0
DA:773,0
DA:774,0
DA:775,0
DA:776,0
DA:777,0
DA:781,0
DA:782,0
DA:787,0
DA:792,0
DA:793,0
DA:803,2
DA:804,0
DA:818,0
DA:820,0
DA:832,0
DA:838,0
DA:844,0
DA:853,0
DA:854,0
DA:861,2
LF:273
LH:21
BRDA:36,0,0,0
BRDA:37,1,0,0
BRDA:38,2,0,0
BRDA:39,3,0,0
BRDA:45,4,0,0
BRDA:45,4,1,0
BRDA:52,5,0,0
BRDA:52,5,1,0
BRDA:54,6,0,0
BRDA:54,6,1,0
BRDA:59,7,0,0
BRDA:59,7,1,0
BRDA:61,8,0,0
BRDA:61,8,1,0
BRDA:66,9,0,0
BRDA:66,9,1,0
BRDA:66,10,0,0
BRDA:66,10,1,0
BRDA:66,10,2,0
BRDA:78,11,0,0
BRDA:78,11,1,0
BRDA:83,12,0,0
BRDA:83,12,1,0
BRDA:84,13,0,0
BRDA:84,13,1,0
BRDA:85,14,0,0
BRDA:85,14,1,0
BRDA:86,15,0,0
BRDA:86,15,1,0
BRDA:89,16,0,0
BRDA:89,16,1,0
BRDA:96,17,0,0
BRDA:96,17,1,0
BRDA:101,18,0,0
BRDA:101,18,1,0
BRDA:101,19,0,0
BRDA:101,19,1,0
BRDA:103,20,0,0
BRDA:103,20,1,0
BRDA:104,21,0,0
BRDA:104,21,1,0
BRDA:108,22,0,0
BRDA:108,22,1,0
BRDA:113,23,0,0
BRDA:113,23,1,0
BRDA:120,24,0,0
BRDA:120,24,1,0
BRDA:120,25,0,0
BRDA:120,25,1,0
BRDA:123,26,0,0
BRDA:123,26,1,0
BRDA:151,27,0,0
BRDA:151,27,1,0
BRDA:164,28,0,0
BRDA:164,28,1,0
BRDA:169,29,0,0
BRDA:169,29,1,0
BRDA:189,30,0,0
BRDA:189,30,1,0
BRDA:195,31,0,0
BRDA:195,31,1,0
BRDA:195,32,0,0
BRDA:195,32,1,0
BRDA:205,33,0,0
BRDA:205,33,1,0
BRDA:208,34,0,0
BRDA:208,34,1,0
BRDA:211,35,0,0
BRDA:211,35,1,0
BRDA:245,36,0,0
BRDA:245,36,1,0
BRDA:253,37,0,0
BRDA:253,37,1,0
BRDA:253,38,0,0
BRDA:253,38,1,0
BRDA:261,39,0,0
BRDA:261,39,1,0
BRDA:261,40,0,0
BRDA:261,40,1,0
BRDA:268,41,0,0
BRDA:268,41,1,0
BRDA:268,42,0,0
BRDA:268,42,1,0
BRDA:278,43,0,0
BRDA:278,43,1,0
BRDA:281,44,0,0
BRDA:281,44,1,0
BRDA:284,45,0,0
BRDA:284,45,1,0
BRDA:321,46,0,0
BRDA:321,46,1,0
BRDA:329,47,0,0
BRDA:329,47,1,0
BRDA:329,48,0,0
BRDA:329,48,1,0
BRDA:361,49,0,0
BRDA:361,49,1,0
BRDA:369,50,0,0
BRDA:369,50,1,0
BRDA:381,51,0,0
BRDA:381,51,1,0
BRDA:390,52,0,0
BRDA:390,52,1,0
BRDA:390,53,0,0
BRDA:390,53,1,0
BRDA:396,54,0,0
BRDA:396,54,1,0
BRDA:408,55,0,0
BRDA:408,55,1,0
BRDA:409,56,0,0
BRDA:409,56,1,0
BRDA:421,57,0,0
BRDA:421,57,1,0
BRDA:459,58,0,0
BRDA:459,58,1,0
BRDA:467,59,0,0
BRDA:467,59,1,0
BRDA:467,60,0,0
BRDA:467,60,1,0
BRDA:474,61,0,0
BRDA:474,62,0,0
BRDA:479,63,0,0
BRDA:479,63,1,0
BRDA:513,64,0,0
BRDA:513,64,1,0
BRDA:521,65,0,0
BRDA:521,65,1,0
BRDA:521,66,0,0
BRDA:521,66,1,0
BRDA:529,67,0,0
BRDA:529,67,1,0
BRDA:537,68,0,0
BRDA:537,68,1,0
BRDA:546,69,0,0
BRDA:546,69,1,0
BRDA:580,70,0,0
BRDA:580,71,0,0
BRDA:584,72,0,0
BRDA:584,72,1,0
BRDA:599,73,0,0
BRDA:599,73,1,0
BRDA:618,74,0,0
BRDA:618,74,1,0
BRDA:648,75,0,0
BRDA:648,76,0,0
BRDA:652,77,0,0
BRDA:652,77,1,0
BRDA:686,78,0,0
BRDA:686,78,1,0
BRDA:686,79,0,0
BRDA:686,79,1,0
BRDA:694,80,0,0
BRDA:694,80,1,0
BRDA:702,81,0,0
BRDA:702,81,1,0
BRDA:702,82,0,0
BRDA:702,82,1,0
BRDA:715,83,0,0
BRDA:715,83,1,0
BRDA:752,84,0,0
BRDA:752,84,1,0
BRDA:760,85,0,0
BRDA:760,85,1,0
BRDA:760,86,0,0
BRDA:760,86,1,0
BRDA:779,87,0,0
BRDA:779,87,1,0
BRDA:816,88,0,0
BRDA:817,89,0,0
BRDA:827,90,0,0
BRDA:827,90,1,0
BRDA:828,91,0,0
BRDA:828,91,1,0
BRF:173
BRH:0
end_of_record
TN:
SF:src\controllers\localproPlusController.js
FN:10,(anonymous_0)
FN:32,(anonymous_1)
FN:59,(anonymous_2)
FN:80,(anonymous_3)
FN:112,(anonymous_4)
FN:139,(anonymous_5)
FN:233,(anonymous_6)
FN:234,(anonymous_7)
FN:235,(anonymous_8)
FN:236,(anonymous_9)
FN:237,(anonymous_10)
FN:267,(anonymous_11)
FN:375,(anonymous_12)
FN:428,(anonymous_13)
FN:458,(anonymous_14)
FN:499,(anonymous_15)
FN:561,(anonymous_16)
FN:675,(anonymous_17)
FNF:18
FNH:0
FNDA:0,(anonymous_0)
FNDA:0,(anonymous_1)
FNDA:0,(anonymous_2)
FNDA:0,(anonymous_3)
FNDA:0,(anonymous_4)
FNDA:0,(anonymous_5)
FNDA:0,(anonymous_6)
FNDA:0,(anonymous_7)
FNDA:0,(anonymous_8)
FNDA:0,(anonymous_9)
FNDA:0,(anonymous_10)
FNDA:0,(anonymous_11)
FNDA:0,(anonymous_12)
FNDA:0,(anonymous_13)
FNDA:0,(anonymous_14)
FNDA:0,(anonymous_15)
FNDA:0,(anonymous_16)
FNDA:0,(anonymous_17)
DA:1,2
DA:2,2
DA:3,2
DA:4,2
DA:5,2
DA:10,2
DA:11,0
DA:12,0
DA:15,0
DA:21,0
DA:22,0
DA:32,2
DA:33,0
DA:34,0
DA:36,0
DA:37,0
DA:43,0
DA:48,0
DA:49,0
DA:59,2
DA:60,0
DA:61,0
DA:63,0
DA:69,0
DA:70,0
DA:80,2
DA:81,0
DA:82,0
DA:88,0
DA:89,0
DA:95,0
DA:101,0
DA:102,0
DA:112,2
DA:113,0
DA:114,0
DA:116,0
DA:117,0
DA:123,0
DA:128,0
DA:129,0
DA:139,2
DA:140,0
DA:141,0
DA:143,0
DA:144,0
DA:150,0
DA:152,0
DA:153,0
DA:159,0
DA:160,0
DA:167,0
DA:168,0
DA:169,0
DA:176,0
DA:177,0
DA:182,0
DA:183,0
DA:189,0
DA:190,0
DA:196,0
DA:202,0
DA:203,0
DA:211,0
DA:233,0
DA:234,0
DA:235,0
DA:236,0
DA:237,0
DA:241,0
DA:244,0
DA:245,0
DA:247,0
DA:256,0
DA:257,0
DA:267,2
DA:268,0
DA:269,0
DA:271,0
DA:272,0
DA:278,0
DA:279,0
DA:281,0
DA:282,0
DA:288,0
DA:289,0
DA:298,0
DA:299,0
DA:300,0
DA:301,0
DA:303,0
DA:309,0
DA:310,0
DA:318,0
DA:319,0
DA:320,0
DA:321,0
DA:324,0
DA:340,0
DA:343,0
DA:344,0
DA:345,0
DA:358,0
DA:364,0
DA:365,0
DA:375,2
DA:376,0
DA:377,0
DA:379,0
DA:380,0
DA:382,0
DA:383,0
DA:389,0
DA:390,0
DA:397,0
DA:400,0
DA:411,0
DA:417,0
DA:418,0
DA:428,2
DA:429,0
DA:430,0
DA:431,0
DA:433,0
DA:434,0
DA:440,0
DA:442,0
DA:447,0
DA:448,0
DA:458,2
DA:459,0
DA:460,0
DA:462,0
DA:463,0
DA:465,0
DA:466,0
DA:473,0
DA:474,0
DA:476,0
DA:477,0
DA:480,0
DA:482,0
DA:488,0
DA:489,0
DA:499,2
DA:500,0
DA:501,0
DA:502,0
DA:504,0
DA:505,0
DA:511,0
DA:512,0
DA:514,0
DA:515,0
DA:521,0
DA:545,0
DA:550,0
DA:551,0
DA:561,2
DA:562,0
DA:563,0
DA:565,0
DA:566,0
DA:572,0
DA:573,0
DA:575,0
DA:576,0
DA:582,0
DA:583,0
DA:589,0
DA:590,0
DA:592,0
DA:593,0
DA:600,0
DA:601,0
DA:606,0
DA:607,0
DA:612,0
DA:613,0
DA:619,0
DA:625,0
DA:626,0
DA:634,0
DA:637,0
DA:653,0
DA:655,0
DA:664,0
DA:665,0
DA:675,2
DA:676,0
DA:678,0
DA:682,0
DA:686,0
DA:690,0
DA:695,0
DA:727,0
DA:748,0
DA:771,0
DA:780,0
DA:794,0
DA:795,0
DA:802,2
LF:202
LH:19
BRDA:36,0,0,0
BRDA:36,0,1,0
BRDA:88,1,0,0
BRDA:88,1,1,0
BRDA:116,2,0,0
BRDA:116,2,1,0
BRDA:141,3,0,0
BRDA:143,4,0,0
BRDA:143,4,1,0
BRDA:143,5,0,0
BRDA:143,5,1,0
BRDA:152,6,0,0
BRDA:152,6,1,0
BRDA:159,7,0,0
BRDA:159,7,1,0
BRDA:168,8,0,0
BRDA:168,8,1,0
BRDA:168,9,0,0
BRDA:168,9,1,0
BRDA:176,10,0,0
BRDA:176,10,1,0
BRDA:177,11,0,0
BRDA:177,11,1,0
BRDA:182,12,0,0
BRDA:182,12,1,0
BRDA:189,13,0,0
BRDA:189,13,1,0
BRDA:192,14,0,0
BRDA:192,14,1,0
BRDA:202,15,0,0
BRDA:202,15,1,0
BRDA:224,16,0,0
BRDA:224,16,1,0
BRDA:225,17,0,0
BRDA:225,17,1,0
BRDA:271,18,0,0
BRDA:271,18,1,0
BRDA:271,19,0,0
BRDA:271,19,1,0
BRDA:281,20,0,0
BRDA:281,20,1,0
BRDA:288,21,0,0
BRDA:288,21,1,0
BRDA:298,22,0,0
BRDA:298,22,1,0
BRDA:300,23,0,0
BRDA:300,23,1,0
BRDA:309,24,0,0
BRDA:309,24,1,0
BRDA:328,25,0,0
BRDA:328,25,1,0
BRDA:344,26,0,0
BRDA:344,26,1,0
BRDA:382,27,0,0
BRDA:382,27,1,0
BRDA:389,28,0,0
BRDA:389,28,1,0
BRDA:433,29,0,0
BRDA:433,29,1,0
BRDA:465,30,0,0
BRDA:465,30,1,0
BRDA:473,31,0,0
BRDA:473,31,1,0
BRDA:476,32,0,0
BRDA:476,32,1,0
BRDA:504,33,0,0
BRDA:504,33,1,0
BRDA:514,34,0,0
BRDA:514,34,1,0
BRDA:533,35,0,0
BRDA:533,35,1,0
BRDA:534,36,0,0
BRDA:534,36,1,0
BRDA:535,37,0,0
BRDA:535,37,1,0
BRDA:536,38,0,0
BRDA:536,38,1,0
BRDA:565,39,0,0
BRDA:565,39,1,0
BRDA:575,40,0,0
BRDA:575,40,1,0
BRDA:582,41,0,0
BRDA:582,41,1,0
BRDA:592,42,0,0
BRDA:592,42,1,0
BRDA:600,43,0,0
BRDA:600,43,1,0
BRDA:601,44,0,0
BRDA:601,44,1,0
BRDA:606,45,0,0
BRDA:606,45,1,0
BRDA:612,46,0,0
BRDA:612,46,1,0
BRDA:615,47,0,0
BRDA:615,47,1,0
BRDA:625,48,0,0
BRDA:625,48,1,0
BRF:97
BRH:0
end_of_record
TN:
SF:src\controllers\mapsController.js
FN:6,(anonymous_0)
FN:36,(anonymous_1)
FN:73,(anonymous_2)
FN:111,(anonymous_3)
FN:155,(anonymous_4)
FN:192,(anonymous_5)
FN:229,(anonymous_6)
FN:273,(anonymous_7)
FN:310,(anonymous_8)
FN:347,(anonymous_9)
FNF:10
FNH:0
FNDA:0,(anonymous_0)
FNDA:0,(anonymous_1)
FNDA:0,(anonymous_2)
FNDA:0,(anonymous_3)
FNDA:0,(anonymous_4)
FNDA:0,(anonymous_5)
FNDA:0,(anonymous_6)
FNDA:0,(anonymous_7)
FNDA:0,(anonymous_8)
FNDA:0,(anonymous_9)
DA:1,2
DA:6,2
DA:7,0
DA:8,0
DA:25,0
DA:26,0
DA:36,2
DA:37,0
DA:38,0
DA:40,0
DA:41,0
DA:47,0
DA:49,0
DA:50,0
DA:57,0
DA:62,0
DA:63,0
DA:73,2
DA:74,0
DA:75,0
DA:77,0
DA:78,0
DA:84,0
DA:85,0
DA:87,0
DA:88,0
DA:95,0
DA:100,0
DA:101,0
DA:111,2
DA:112,0
DA:113,0
DA:115,0
DA:116,0
DA:122,0
DA:129,0
DA:131,0
DA:132,0
DA:139,0
DA:144,0
DA:145,0
DA:155,2
DA:156,0
DA:157,0
DA:159,0
DA:160,0
DA:166,0
DA:168,0
DA:169,0
DA:176,0
DA:181,0
DA:182,0
DA:192,2
DA:193,0
DA:194,0
DA:196,0
DA:197,0
DA:203,0
DA:205,0
DA:206,0
DA:213,0
DA:218,0
DA:219,0
DA:229,2
DA:230,0
DA:231,0
DA:233,0
DA:234,0
DA:240,0
DA:247,0
DA:249,0
DA:250,0
DA:257,0
DA:262,0
DA:263,0
DA:273,2
DA:274,0
DA:275,0
DA:277,0
DA:278,0
DA:284,0
DA:286,0
DA:287,0
DA:294,0
DA:299,0
DA:300,0
DA:310,2
DA:311,0
DA:312,0
DA:314,0
DA:315,0
DA:321,0
DA:323,0
DA:324,0
DA:331,0
DA:336,0
DA:337,0
DA:347,2
DA:348,0
DA:349,0
DA:351,0
DA:352,0
DA:359,0
DA:365,0
DA:366,0
DA:373,2
LF:106
LH:12
BRDA:40,0,0,0
BRDA:40,0,1,0
BRDA:49,1,0,0
BRDA:49,1,1,0
BRDA:77,2,0,0
BRDA:77,2,1,0
BRDA:77,3,0,0
BRDA:77,3,1,0
BRDA:87,4,0,0
BRDA:87,4,1,0
BRDA:115,5,0,0
BRDA:115,5,1,0
BRDA:125,6,0,0
BRDA:125,6,1,0
BRDA:131,7,0,0
BRDA:131,7,1,0
BRDA:159,8,0,0
BRDA:159,8,1,0
BRDA:168,9,0,0
BRDA:168,9,1,0
BRDA:194,10,0,0
BRDA:196,11,0,0
BRDA:196,11,1,0
BRDA:196,12,0,0
BRDA:196,12,1,0
BRDA:205,13,0,0
BRDA:205,13,1,0
BRDA:233,14,0,0
BRDA:233,14,1,0
BRDA:242,15,0,0
BRDA:242,15,1,0
BRDA:249,16,0,0
BRDA:249,16,1,0
BRDA:277,17,0,0
BRDA:277,17,1,0
BRDA:277,18,0,0
BRDA:277,18,1,0
BRDA:286,19,0,0
BRDA:286,19,1,0
BRDA:312,20,0,0
BRDA:314,21,0,0
BRDA:314,21,1,0
BRDA:323,22,0,0
BRDA:323,22,1,0
BRDA:351,23,0,0
BRDA:351,23,1,0
BRF:46
BRH:0
end_of_record
TN:
SF:src\controllers\marketplaceController.js
FN:23,(anonymous_0)
FN:89,(anonymous_1)
FN:125,(anonymous_2)
FN:151,(anonymous_3)
FN:192,(anonymous_4)
FN:229,(anonymous_5)
FN:339,(anonymous_6)
FN:386,(anonymous_7)
FN:425,(anonymous_8)
FN:470,(anonymous_9)
FN:512,(anonymous_10)
FN:539,(anonymous_11)
FN:589,(anonymous_12)
FN:620,(anonymous_13)
FN:664,(anonymous_14)
FN:708,(anonymous_15)
FN:754,(anonymous_16)
FN:778,(anonymous_17)
FN:806,(anonymous_18)
FN:873,(anonymous_19)
FN:920,(anonymous_20)
FN:1011,(anonymous_21)
FN:1126,(anonymous_22)
FNF:23
FNH:1
FNDA:50,(anonymous_0)
FNDA:0,(anonymous_1)
FNDA:0,(anonymous_2)
FNDA:0,(anonymous_3)
FNDA:0,(anonymous_4)
FNDA:0,(anonymous_5)
FNDA:0,(anonymous_6)
FNDA:0,(anonymous_7)
FNDA:0,(anonymous_8)
FNDA:0,(anonymous_9)
FNDA:0,(anonymous_10)
FNDA:0,(anonymous_11)
FNDA:0,(anonymous_12)
FNDA:0,(anonymous_13)
FNDA:0,(anonymous_14)
FNDA:0,(anonymous_15)
FNDA:0,(anonymous_16)
FNDA:0,(anonymous_17)
FNDA:0,(anonymous_18)
FNDA:0,(anonymous_19)
FNDA:0,(anonymous_20)
FNDA:0,(anonymous_21)
FNDA:0,(anonymous_22)
DA:1,2
DA:2,2
DA:3,2
DA:4,2
DA:5,2
DA:6,2
DA:7,2
DA:8,2
DA:18,2
DA:23,2
DA:24,50
DA:36,50
DA:39,50
DA:41,50
DA:42,50
DA:43,50
DA:45,0
DA:47,0
DA:48,0
DA:51,0
DA:53,0
DA:56,50
DA:57,0
DA:58,0
DA:59,0
DA:61,50
DA:64,50
DA:65,50
DA:67,50
DA:69,50
DA:77,0
DA:78,0
DA:80,0
DA:82,50
DA:89,2
DA:90,0
DA:92,0
DA:93,0
DA:99,0
DA:102,0
DA:103,0
DA:109,0
DA:114,0
DA:115,0
DA:125,2
DA:126,0
DA:127,0
DA:132,0
DA:134,0
DA:140,0
DA:141,0
DA:151,2
DA:152,0
DA:153,0
DA:155,0
DA:156,0
DA:163,0
DA:164,0
DA:170,0
DA:175,0
DA:181,0
DA:182,0
DA:192,2
DA:193,0
DA:194,0
DA:196,0
DA:197,0
DA:204,0
DA:205,0
DA:211,0
DA:213,0
DA:218,0
DA:219,0
DA:229,2
DA:230,0
DA:231,0
DA:233,0
DA:234,0
DA:235,0
DA:242,0
DA:243,0
DA:244,0
DA:246,0
DA:250,0
DA:251,0
DA:256,0
DA:257,0
DA:266,0
DA:285,0
DA:288,0
DA:289,0
DA:291,0
DA:294,0
DA:317,0
DA:319,0
DA:320,0
DA:324,0
DA:325,0
DA:328,0
DA:334,0
DA:339,0
DA:342,0
DA:344,0
DA:346,0
DA:347,0
DA:352,0
DA:359,0
DA:360,0
DA:361,0
DA:362,0
DA:364,0
DA:369,0
DA:375,0
DA:376,0
DA:386,2
DA:387,0
DA:388,0
DA:389,0
DA:391,0
DA:392,0
DA:393,0
DA:394,0
DA:395,0
DA:397,0
DA:400,0
DA:402,0
DA:408,0
DA:414,0
DA:415,0
DA:425,2
DA:426,0
DA:427,0
DA:428,0
DA:430,0
DA:431,0
DA:432,0
DA:439,0
DA:440,0
DA:446,0
DA:447,0
DA:448,0
DA:451,0
DA:453,0
DA:459,0
DA:460,0
DA:470,2
DA:471,0
DA:472,0
DA:473,0
DA:479,0
DA:480,0
DA:482,0
DA:483,0
DA:490,0
DA:491,0
DA:498,0
DA:503,0
DA:504,0
DA:512,0
DA:519,0
DA:520,0
DA:522,0
DA:528,0
DA:529,0
DA:539,2
DA:540,0
DA:541,0
DA:542,0
DA:548,0
DA:549,0
DA:551,0
DA:552,0
DA:558,0
DA:559,0
DA:560,0
DA:567,0
DA:568,0
DA:575,0
DA:580,0
DA:581,0
DA:589,0
DA:595,0
DA:596,0
DA:598,0
DA:601,0
DA:603,0
DA:609,0
DA:610,0
DA:620,2
DA:621,0
DA:622,0
DA:623,0
DA:625,0
DA:626,0
DA:627,0
DA:634,0
DA:635,0
DA:641,0
DA:642,0
DA:648,0
DA:649,0
DA:656,0
DA:657,0
DA:658,0
DA:663,0
DA:664,0
DA:672,0
DA:680,0
DA:683,0
DA:684,0
DA:685,0
DA:686,0
DA:687,0
DA:688,0
DA:691,0
DA:697,0
DA:698,0
DA:708,2
DA:709,0
DA:721,0
DA:723,0
DA:724,0
DA:730,0
DA:733,0
DA:735,0
DA:736,0
DA:737,0
DA:738,0
DA:739,0
DA:740,0
DA:742,0
DA:744,0
DA:746,0
DA:753,0
DA:755,0
DA:758,0
DA:760,0
DA:761,0
DA:766,0
DA:767,0
DA:768,0
DA:769,0
DA:773,0
DA:778,0
DA:779,0
DA:782,0
DA:784,0
DA:795,0
DA:796,0
DA:806,2
DA:807,0
DA:808,0
DA:809,0
DA:812,0
DA:814,0
DA:815,0
DA:822,0
DA:827,0
DA:828,0
DA:835,0
DA:836,0
DA:837,0
DA:838,0
DA:841,0
DA:847,0
DA:848,0
DA:849,0
DA:850,0
DA:852,0
DA:856,0
DA:862,0
DA:863,0
DA:873,2
DA:874,0
DA:875,0
DA:876,0
DA:879,0
DA:884,0
DA:885,0
DA:892,0
DA:894,0
DA:895,0
DA:901,0
DA:909,0
DA:910,0
DA:920,2
DA:921,0
DA:929,0
DA:931,0
DA:934,0
DA:936,0
DA:938,0
DA:939,0
DA:940,0
DA:941,0
DA:946,0
DA:947,0
DA:949,0
DA:951,0
DA:957,0
DA:960,0
DA:978,0
DA:986,0
DA:1000,0
DA:1001,0
DA:1011,2
DA:1012,0
DA:1023,0
DA:1025,0
DA:1028,0
DA:1030,0
DA:1031,0
DA:1032,0
DA:1033,0
DA:1036,0
DA:1039,0
DA:1040,0
DA:1042,0
DA:1043,0
DA:1044,0
DA:1045,0
DA:1049,0
DA:1050,0
DA:1052,0
DA:1054,0
DA:1062,0
DA:1065,0
DA:1112,0
DA:1126,0
DA:1127,0
DA:1128,0
DA:1129,0
DA:1132,0
DA:1146,0
DA:1147,0
DA:1154,2
LF:336
LH:39
BRDA:32,0,0,50
BRDA:33,1,0,50
BRDA:34,2,0,50
BRDA:35,3,0,50
BRDA:41,4,0,0
BRDA:41,4,1,50
BRDA:42,5,0,0
BRDA:42,5,1,50
BRDA:43,6,0,0
BRDA:43,6,1,50
BRDA:45,7,0,0
BRDA:45,7,1,0
BRDA:48,8,0,0
BRDA:48,8,1,0
BRDA:56,9,0,0
BRDA:56,9,1,50
BRDA:56,10,0,50
BRDA:56,10,1,50
BRDA:58,11,0,0
BRDA:58,11,1,0
BRDA:59,12,0,0
BRDA:59,12,1,0
BRDA:61,13,0,0
BRDA:61,13,1,50
BRDA:65,14,0,50
BRDA:65,14,1,0
BRDA:92,15,0,0
BRDA:92,15,1,0
BRDA:102,16,0,0
BRDA:102,16,1,0
BRDA:155,17,0,0
BRDA:155,17,1,0
BRDA:163,18,0,0
BRDA:163,18,1,0
BRDA:196,19,0,0
BRDA:196,19,1,0
BRDA:204,20,0,0
BRDA:204,20,1,0
BRDA:234,21,0,0
BRDA:234,21,1,0
BRDA:243,22,0,0
BRDA:243,22,1,0
BRDA:250,23,0,0
BRDA:250,23,1,0
BRDA:256,24,0,0
BRDA:256,24,1,0
BRDA:256,25,0,0
BRDA:256,25,1,0
BRDA:280,26,0,0
BRDA:280,26,1,0
BRDA:281,27,0,0
BRDA:281,27,1,0
BRDA:288,28,0,0
BRDA:288,28,1,0
BRDA:307,29,0,0
BRDA:307,29,1,0
BRDA:313,30,0,0
BRDA:313,30,1,0
BRDA:319,31,0,0
[...]
BRDA:267,20,0,0
BRDA:267,20,1,0
BRDA:278,21,0,0
BRDA:278,21,1,0
BRDA:278,22,0,0
BRDA:278,22,1,0
BRDA:299,23,0,0
BRDA:322,24,0,0
BRDA:322,25,0,0
BRDA:390,26,0,0
BRDA:390,26,1,0
BRDA:419,27,0,0
BRDA:419,27,1,0
BRDA:459,28,0,0
BRDA:459,28,1,0
BRF:56
BRH:0
end_of_record
TN:
SF:src\services\twilioService.js
FN:25,(anonymous_0)
FN:69,(anonymous_1)
FN:113,(anonymous_2)
FN:147,(anonymous_3)
FN:182,(anonymous_4)
FN:188,(anonymous_5)
FN:194,(anonymous_6)
FNF:7
FNH:0
FNDA:0,(anonymous_0)
FNDA:0,(anonymous_1)
FNDA:0,(anonymous_2)
FNDA:0,(anonymous_3)
FNDA:0,(anonymous_4)
FNDA:0,(anonymous_5)
FNDA:0,(anonymous_6)
DA:1,0
DA:2,0
DA:4,0
DA:5,0
DA:6,0
DA:9,0
DA:10,0
DA:12,0
DA:13,0
DA:14,0
DA:15,0
DA:16,0
DA:18,0
DA:21,0
DA:26,0
DA:28,0
DA:29,0
DA:33,0
DA:34,0
DA:37,0
DA:45,0
DA:47,0
DA:53,0
DA:56,0
DA:57,0
DA:58,0
DA:61,0
DA:70,0
DA:72,0
DA:73,0
DA:77,0
DA:78,0
DA:81,0
DA:89,0
DA:90,0
DA:92,0
DA:97,0
DA:100,0
DA:101,0
DA:102,0
DA:105,0
DA:114,0
DA:115,0
DA:116,0
DA:117,0
DA:119,0
DA:126,0
DA:132,0
DA:138,0
DA:139,0
DA:148,0
DA:150,0
DA:151,0
DA:152,0
DA:154,0
DA:161,0
DA:163,0
DA:164,0
DA:165,0
DA:171,0
DA:172,0
DA:184,0
DA:185,0
DA:190,0
DA:195,0
DA:196,0
DA:197,0
DA:206,0
DA:208,0
DA:215,0
DA:227,0
LF:71
LH:0
BRDA:12,0,0,0
BRDA:12,0,1,0
BRDA:12,1,0,0
BRDA:12,1,1,0
BRDA:12,1,2,0
BRDA:12,1,3,0
BRDA:28,2,0,0
BRDA:28,2,1,0
BRDA:28,3,0,0
BRDA:28,3,1,0
BRDA:28,3,2,0
BRDA:33,4,0,0
BRDA:33,4,1,0
BRDA:56,5,0,0
BRDA:56,5,1,0
BRDA:64,6,0,0
BRDA:64,6,1,0
BRDA:72,7,0,0
BRDA:72,7,1,0
BRDA:72,8,0,0
BRDA:72,8,1,0
BRDA:72,8,2,0
BRDA:77,9,0,0
BRDA:77,9,1,0
BRDA:90,10,0,0
BRDA:90,10,1,0
BRDA:100,11,0,0
BRDA:100,11,1,0
BRDA:108,12,0,0
BRDA:108,12,1,0
BRDA:115,13,0,0
BRDA:115,13,1,0
BRDA:115,14,0,0
BRDA:115,14,1,0
BRDA:147,15,0,0
BRDA:150,16,0,0
BRDA:150,16,1,0
BRDA:161,17,0,0
BRDA:161,17,1,0
BRDA:163,18,0,0
BRDA:163,18,1,0
BRDA:163,19,0,0
BRDA:163,19,1,0
BRDA:163,19,2,0
BRDA:190,20,0,0
BRDA:190,20,1,0
BRDA:190,20,2,0
BRDA:196,21,0,0
BRDA:196,21,1,0
BRDA:196,22,0,0
BRDA:196,22,1,0
BRDA:196,22,2,0
BRF:52
BRH:0
end_of_record
TN:
SF:src\services\usageTrackingService.js
FN:11,(anonymous_0)
FN:64,(anonymous_1)
FN:146,(anonymous_2)
FN:203,(anonymous_3)
FN:215,(anonymous_4)
FN:240,(anonymous_5)
FNF:6
FNH:0
FNDA:0,(anonymous_0)
FNDA:0,(anonymous_1)
FNDA:0,(anonymous_2)
FNDA:0,(anonymous_3)
FNDA:0,(anonymous_4)
FNDA:0,(anonymous_5)
DA:1,0
DA:12,0
DA:13,0
DA:15,0
DA:16,0
DA:20,0
DA:21,0
DA:25,0
DA:26,0
DA:30,0
DA:33,0
DA:43,0
DA:45,0
DA:51,0
DA:52,0
DA:65,0
DA:66,0
DA:68,0
DA:69,0
DA:75,0
DA:78,0
DA:80,0
DA:81,0
DA:83,0
DA:84,0
DA:86,0
DA:87,0
DA:89,0
DA:90,0
DA:92,0
DA:96,0
DA:116,0
DA:132,0
DA:133,0
DA:147,0
DA:148,0
DA:150,0
DA:151,0
DA:157,0
DA:158,0
DA:164,0
DA:165,0
DA:171,0
DA:172,0
DA:174,0
DA:175,0
DA:184,0
DA:191,0
DA:192,0
DA:204,0
DA:205,0
DA:207,0
DA:208,0
DA:215,0
DA:216,0
DA:217,0
DA:221,0
DA:223,0
DA:228,0
DA:229,0
DA:241,0
DA:248,0
DA:250,0
DA:252,0
DA:253,0
DA:254,0
DA:259,0
DA:260,0
DA:261,0
DA:264,0
DA:286,0
DA:306,0
DA:321,0
DA:322,0
DA:330,0
LF:75
LH:0
BRDA:11,0,0,0
BRDA:11,1,0,0
BRDA:15,2,0,0
BRDA:15,2,1,0
BRDA:20,3,0,0
BRDA:20,3,1,0
BRDA:25,4,0,0
BRDA:25,4,1,0
BRDA:47,5,0,0
BRDA:47,5,1,0
BRDA:48,6,0,0
BRDA:48,6,1,0
BRDA:64,7,0,0
BRDA:68,8,0,0
BRDA:68,8,1,0
BRDA:78,9,0,0
BRDA:78,9,1,0
BRDA:78,9,2,0
BRDA:78,9,3,0
BRDA:78,9,4,0
BRDA:146,10,0,0
BRDA:150,11,0,0
BRDA:150,11,1,0
BRDA:157,12,0,0
BRDA:157,12,1,0
BRDA:164,13,0,0
BRDA:164,13,1,0
BRDA:171,14,0,0
BRDA:171,14,1,0
BRDA:174,15,0,0
BRDA:174,15,1,0
BRDA:174,16,0,0
BRDA:174,16,1,0
BRDA:188,17,0,0
BRDA:188,17,1,0
BRDA:207,18,0,0
BRDA:207,18,1,0
BRDA:216,19,0,0
BRDA:216,19,1,0
BRDA:240,20,0,0
BRDA:252,21,0,0
BRDA:252,21,1,0
BRDA:253,22,0,0
BRDA:253,22,1,0
BRDA:259,23,0,0
BRDA:259,23,1,0
BRDA:260,24,0,0
BRDA:260,24,1,0
BRDA:261,25,0,0
BRDA:261,25,1,0
BRF:50
BRH:0
end_of_record
TN:
SF:src\utils\auditLogger.js
FN:8,(anonymous_0)
FN:13,(anonymous_1)
FN:18,(anonymous_2)
FN:38,(anonymous_3)
FN:59,(anonymous_4)
FN:80,(anonymous_5)
FN:101,(anonymous_6)
FN:122,(anonymous_7)
FN:143,(anonymous_8)
FN:178,(anonymous_9)
FN:190,(anonymous_10)
FN:202,(anonymous_11)
FN:214,(anonymous_12)
FN:226,(anonymous_13)
FN:238,(anonymous_14)
FN:250,(anonymous_15)
FN:262,(anonymous_16)
FN:274,(anonymous_17)
FN:286,(anonymous_18)
FN:298,(anonymous_19)
FN:317,(anonymous_20)
FN:318,(anonymous_21)
FN:319,(anonymous_22)
FN:320,(anonymous_23)
FN:321,(anonymous_24)
FN:322,(anonymous_25)
FN:323,(anonymous_26)
FN:324,(anonymous_27)
FN:325,(anonymous_28)
FN:326,(anonymous_29)
FN:327,(anonymous_30)
FN:328,(anonymous_31)
FN:329,(anonymous_32)
FN:330,(anonymous_33)
FN:331,(anonymous_34)
FN:332,(anonymous_35)
FN:333,(anonymous_36)
FN:334,(anonymous_37)
FNF:38
FNH:2
FNDA:3,(anonymous_0)
FNDA:0,(anonymous_1)
FNDA:0,(anonymous_2)
FNDA:4,(anonymous_3)
FNDA:0,(anonymous_4)
FNDA:0,(anonymous_5)
FNDA:0,(anonymous_6)
FNDA:0,(anonymous_7)
FNDA:0,(anonymous_8)
FNDA:0,(anonymous_9)
FNDA:0,(anonymous_10)
FNDA:0,(anonymous_11)
FNDA:0,(anonymous_12)
FNDA:0,(anonymous_13)
FNDA:0,(anonymous_14)
FNDA:0,(anonymous_15)
FNDA:0,(anonymous_16)
FNDA:0,(anonymous_17)
FNDA:0,(anonymous_18)
FNDA:0,(anonymous_19)
FNDA:0,(anonymous_20)
FNDA:0,(anonymous_21)
FNDA:0,(anonymous_22)
FNDA:0,(anonymous_23)
FNDA:0,(anonymous_24)
FNDA:0,(anonymous_25)
FNDA:0,(anonymous_26)
FNDA:0,(anonymous_27)
FNDA:0,(anonymous_28)
FNDA:0,(anonymous_29)
FNDA:0,(anonymous_30)
FNDA:0,(anonymous_31)
FNDA:0,(anonymous_32)
FNDA:0,(anonymous_33)
FNDA:0,(anonymous_34)
FNDA:0,(anonymous_35)
FNDA:0,(anonymous_36)
FNDA:0,(anonymous_37)
DA:1,3
DA:2,3
DA:9,3
DA:14,0
DA:19,0
DA:20,0
DA:29,0
DA:39,4
DA:40,4
DA:48,0
DA:50,4
DA:60,0
DA:61,0
DA:69,0
DA:71,0
DA:81,0
DA:82,0
DA:90,0
DA:92,0
DA:102,0
DA:103,0
DA:111,0
DA:113,0
DA:123,0
DA:124,0
DA:132,0
DA:134,0
DA:144,0
DA:145,0
DA:153,0
DA:168,0
DA:179,0
DA:191,0
DA:203,0
DA:215,0
DA:227,0
DA:239,0
DA:251,0
DA:263,0
DA:275,0
DA:287,0
DA:299,0
DA:310,3
DA:313,3
DA:317,0
DA:318,0
DA:319,0
DA:320,0
DA:321,0
DA:322,0
DA:323,0
DA:324,0
DA:325,0
DA:326,0
DA:327,0
DA:328,0
DA:329,0
DA:330,0
DA:331,0
DA:332,0
DA:333,0
DA:334,0
LF:62
LH:8
BRDA:8,0,0,3
BRDA:18,1,0,0
BRDA:24,2,0,0
BRDA:24,2,1,0
BRDA:38,3,0,0
BRDA:38,4,0,0
BRDA:44,5,0,4
BRDA:44,5,1,4
BRDA:59,6,0,0
BRDA:65,7,0,0
BRDA:65,7,1,0
BRDA:80,8,0,0
BRDA:86,9,0,0
BRDA:86,9,1,0
BRDA:101,10,0,0
BRDA:107,11,0,0
BRDA:107,11,1,0
BRDA:122,12,0,0
BRDA:128,13,0,0
BRDA:128,13,1,0
BRDA:143,14,0,0
BRDA:143,15,0,0
BRDA:149,16,0,0
BRDA:149,16,1,0
BRDA:178,17,0,0
BRDA:190,18,0,0
BRDA:202,19,0,0
BRDA:214,20,0,0
BRDA:226,21,0,0
BRDA:238,22,0,0
BRDA:250,23,0,0
BRDA:262,24,0,0
BRDA:274,25,0,0
BRDA:286,26,0,0
BRDA:298,27,0,0
BRDA:298,28,0,0
BRF:36
BRH:3
end_of_record
TN:
SF:src\utils\controllerValidation.js
FN:11,(anonymous_0)
FN:46,(anonymous_1)
FN:56,(anonymous_2)
FN:59,(anonymous_3)
FN:83,(anonymous_4)
FN:116,(anonymous_5)
FN:127,(anonymous_6)
FN:139,(anonymous_7)
FN:155,(anonymous_8)
FN:170,(anonymous_9)
FN:186,(anonymous_10)
FNF:11
FNH:11
FNDA:12,(anonymous_0)
FNDA:11,(anonymous_1)
FNDA:5,(anonymous_2)
FNDA:12,(anonymous_3)
FNDA:10,(anonymous_4)
FNDA:19,(anonymous_5)
FNDA:22,(anonymous_6)
FNDA:1,(anonymous_7)
FNDA:2,(anonymous_8)
FNDA:2,(anonymous_9)
FNDA:3,(anonymous_10)
DA:11,3
DA:12,12
DA:13,12
DA:14,12
DA:16,12
DA:18,12
DA:19,5
DA:26,12
DA:27,6
DA:34,12
DA:46,3
DA:47,11
DA:56,3
DA:57,5
DA:59,5
DA:60,12
DA:61,6
DA:69,5
DA:83,3
DA:84,10
DA:86,10
DA:87,1
DA:97,9
DA:98,2
DA:108,7
DA:116,3
DA:117,19
DA:118,16
DA:119,16
DA:127,3
DA:128,22
DA:129,19
DA:130,19
DA:139,3
DA:140,1
DA:155,3
DA:156,2
DA:170,3
DA:171,2
DA:186,3
DA:187,3
DA:189,3
DA:197,3
LF:43
LH:43
BRDA:12,0,0,1
BRDA:12,1,0,1
BRDA:18,2,0,5
BRDA:18,2,1,7
BRDA:18,3,0,12
BRDA:18,3,1,11
BRDA:18,3,2,8
BRDA:26,4,0,6
BRDA:26,4,1,6
BRDA:26,5,0,12
BRDA:26,5,1,11
BRDA:26,5,2,9
BRDA:26,5,3,7
BRDA:47,6,0,11
BRDA:47,6,1,8
BRDA:60,7,0,6
BRDA:60,7,1,6
BRDA:60,8,0,12
BRDA:60,8,1,7
BRDA:60,8,2,7
BRDA:86,9,0,1
BRDA:86,9,1,9
BRDA:97,10,0,2
BRDA:97,10,1,7
BRDA:97,11,0,9
BRDA:97,11,1,8
BRDA:117,12,0,3
BRDA:117,12,1,16
BRDA:117,13,0,19
BRDA:117,13,1,16
BRDA:119,14,0,16
BRDA:119,14,1,11
BRDA:128,15,0,3
BRDA:128,15,1,19
BRDA:128,16,0,22
BRDA:128,16,1,19
BRDA:155,17,0,1
BRDA:155,18,0,1
BRDA:170,19,0,1
BRDA:170,20,0,1
BRDA:186,21,0,2
BRDA:186,22,0,2
BRDA:193,23,0,2
BRDA:193,23,1,1
BRDA:193,24,0,3
BRDA:193,24,1,1
BRF:46
BRH:46
end_of_record
TN:
SF:src\utils\helpers.js
FN:8,(anonymous_0)
FN:23,(anonymous_1)
FN:38,(anonymous_2)
FN:54,(anonymous_3)
FN:64,(anonymous_4)
FN:77,(anonymous_5)
FN:89,(anonymous_6)
FN:99,(anonymous_7)
FN:109,(anonymous_8)
FN:121,(anonymous_9)
FN:143,(anonymous_10)
FN:148,(anonymous_11)
FN:150,(anonymous_12)
FN:168,(anonymous_13)
FN:184,(anonymous_14)
FNF:15
FNH:15
FNDA:5,(anonymous_0)
FNDA:6,(anonymous_1)
FNDA:5,(anonymous_2)
FNDA:4,(anonymous_3)
FNDA:4,(anonymous_4)
FNDA:7,(anonymous_5)
FNDA:9,(anonymous_6)
FNDA:8,(anonymous_7)
FNDA:6,(anonymous_8)
FNDA:5,(anonymous_9)
FNDA:4,(anonymous_10)
FNDA:8,(anonymous_11)
FNDA:8,(anonymous_12)
FNDA:5,(anonymous_13)
FNDA:6,(anonymous_14)
DA:8,1
DA:9,5
DA:10,5
DA:11,5
DA:12,138
DA:14,5
DA:23,1
DA:24,6
DA:38,1
DA:39,5
DA:40,5
DA:41,5
DA:43,5
DA:46,5
DA:47,5
DA:54,1
DA:55,4
DA:56,4
DA:57,4
DA:64,1
DA:65,4
DA:66,4
DA:67,4
DA:77,1
DA:78,7
DA:79,7
DA:81,7
DA:89,1
DA:90,9
DA:91,9
DA:99,1
DA:100,8
DA:101,8
DA:109,1
DA:110,6
DA:111,3
DA:121,1
DA:122,5
DA:123,5
DA:124,5
DA:126,5
DA:143,1
DA:144,4
DA:145,2
DA:148,8
DA:149,2
DA:150,2
DA:151,8
DA:152,8
DA:155,2
DA:168,1
DA:169,5
DA:184,1
DA:185,6
DA:186,6
DA:189,1
LF:56
LH:56
BRDA:8,0,0,1
BRDA:23,1,0,1
BRDA:110,2,0,3
BRDA:110,2,1,3
BRDA:133,3,0,2
BRDA:133,3,1,3
BRDA:134,4,0,2
BRDA:134,4,1,3
BRDA:144,5,0,2
BRDA:144,5,1,2
BRDA:144,6,0,4
BRDA:144,6,1,3
BRDA:151,7,0,8
BRDA:151,7,1,6
BRDA:168,8,0,4
BRDA:184,9,0,5
BRDA:186,10,0,6
BRDA:186,10,1,5
BRF:18
BRH:18
end_of_record
TN:
SF:src\utils\logger.js
FN:3,(anonymous_0)
FN:14,(anonymous_1)
FN:19,(anonymous_2)
FN:24,(anonymous_3)
FN:34,(anonymous_4)
FN:44,(anonymous_5)
FN:54,(anonymous_6)
FN:74,(anonymous_7)
FN:84,(anonymous_8)
FN:94,(anonymous_9)
FN:104,(anonymous_10)
FN:114,(anonymous_11)
FN:123,(anonymous_12)
FN:133,(anonymous_13)
FN:142,(anonymous_14)
FN:150,(anonymous_15)
FN:160,(anonymous_16)
FN:169,(anonymous_17)
FN:178,(anonymous_18)
FN:188,(anonymous_19)
FN:198,(anonymous_20)
FN:207,(anonymous_21)
FN:223,(anonymous_22)
FN:224,(anonymous_23)
FN:225,(anonymous_24)
FN:226,(anonymous_25)
FN:227,(anonymous_26)
FN:228,(anonymous_27)
FN:229,(anonymous_28)
FN:230,(anonymous_29)
FN:231,(anonymous_30)
FN:232,(anonymous_31)
FN:233,(anonymous_32)
FN:234,(anonymous_33)
FN:235,(anonymous_34)
FN:236,(anonymous_35)
FN:237,(anonymous_36)
FN:238,(anonymous_37)
FN:239,(anonymous_38)
FN:240,(anonymous_39)
FN:241,(anonymous_40)
FNF:41
FNH:27
FNDA:30,(anonymous_0)
FNDA:30,(anonymous_1)
FNDA:1,(anonymous_2)
FNDA:3,(anonymous_3)
FNDA:2,(anonymous_4)
FNDA:2,(anonymous_5)
FNDA:7,(anonymous_6)
FNDA:2,(anonymous_7)
FNDA:9,(anonymous_8)
FNDA:2,(anonymous_9)
FNDA:3,(anonymous_10)
FNDA:1,(anonymous_11)
FNDA:1,(anonymous_12)
FNDA:1,(anonymous_13)
FNDA:1,(anonymous_14)
FNDA:1,(anonymous_15)
FNDA:1,(anonymous_16)
FNDA:1,(anonymous_17)
FNDA:1,(anonymous_18)
FNDA:1,(anonymous_19)
FNDA:1,(anonymous_20)
FNDA:1,(anonymous_21)
FNDA:1,(anonymous_22)
FNDA:1,(anonymous_23)
FNDA:1,(anonymous_24)
FNDA:1,(anonymous_25)
FNDA:1,(anonymous_26)
FNDA:0,(anonymous_27)
FNDA:0,(anonymous_28)
FNDA:0,(anonymous_29)
FNDA:0,(anonymous_30)
FNDA:0,(anonymous_31)
FNDA:0,(anonymous_32)
FNDA:0,(anonymous_33)
FNDA:0,(anonymous_34)
FNDA:0,(anonymous_35)
FNDA:0,(anonymous_36)
FNDA:0,(anonymous_37)
FNDA:0,(anonymous_38)
FNDA:0,(anonymous_39)
FNDA:0,(anonymous_40)
DA:2,4
DA:3,4
DA:4,30
DA:7,30
DA:15,30
DA:20,1
DA:25,3
DA:26,3
DA:35,2
DA:36,2
DA:45,2
DA:46,2
DA:55,7
DA:56,7
DA:62,7
DA:63,6
DA:70,7
DA:75,2
DA:76,2
DA:85,9
DA:86,9
DA:87,9
DA:95,2
DA:96,2
DA:97,2
DA:105,3
DA:106,3
DA:107,3
DA:115,1
DA:124,1
DA:134,1
DA:143,1
DA:151,1
DA:161,1
DA:170,1
DA:179,1
DA:189,1
DA:199,1
DA:208,1
DA:216,4
DA:219,4
DA:223,1
DA:224,1
DA:225,1
DA:226,1
DA:227,1
DA:228,0
DA:229,0
DA:230,0
DA:231,0
DA:232,0
DA:233,0
DA:234,0
DA:235,0
DA:236,0
DA:237,0
DA:238,0
DA:239,0
DA:240,0
DA:241,0
LF:60
LH:46
BRDA:14,0,0,5
BRDA:24,1,0,1
BRDA:34,2,0,1
BRDA:44,3,0,1
BRDA:54,4,0,0
BRDA:54,5,0,1
BRDA:62,6,0,6
BRDA:62,6,1,1
BRDA:74,7,0,0
BRDA:84,8,0,0
BRDA:86,9,0,9
BRDA:86,9,1,0
BRDA:94,10,0,0
BRDA:96,11,0,2
BRDA:96,11,1,0
BRDA:104,12,0,0
BRDA:106,13,0,3
BRDA:106,13,1,0
BRDA:114,14,0,0
BRDA:123,15,0,0
BRDA:133,16,0,0
BRDA:142,17,0,0
BRDA:150,18,0,0
BRDA:160,19,0,0
BRDA:169,20,0,0
BRDA:178,21,0,0
BRDA:188,22,0,0
BRDA:198,23,0,0
BRDA:207,24,0,0
BRF:29
BRH:10
end_of_record
TN:
SF:src\utils\responseHelper.js
FN:15,(anonymous_0)
FN:37,(anonymous_1)
FN:56,(anonymous_2)
FN:67,(anonymous_3)
FN:77,(anonymous_4)
FN:88,(anonymous_5)
FN:104,(anonymous_6)
FN:119,(anonymous_7)
FN:134,(anonymous_8)
FN:150,(anonymous_9)
FN:168,(anonymous_10)
FN:183,(anonymous_11)
FN:200,(anonymous_12)
FN:241,(anonymous_13)
FN:282,(anonymous_14)
FN:287,(anonymous_15)
FN:296,(anonymous_16)
FNF:17
FNH:17
FNDA:9,(anonymous_0)
FNDA:1,(anonymous_1)
FNDA:2,(anonymous_2)
FNDA:1,(anonymous_3)
FNDA:2,(anonymous_4)
FNDA:2,(anonymous_5)
FNDA:2,(anonymous_6)
FNDA:1,(anonymous_7)
FNDA:1,(anonymous_8)
FNDA:52,(anonymous_9)
FNDA:1,(anonymous_10)
FNDA:2,(anonymous_11)
FNDA:3,(anonymous_12)
FNDA:3,(anonymous_13)
FNDA:8,(anonymous_14)
FNDA:2,(anonymous_15)
FNDA:3,(anonymous_16)
DA:15,4
DA:16,9
DA:22,9
DA:23,5
DA:26,9
DA:37,4
DA:38,1
DA:56,4
DA:57,2
DA:67,4
DA:68,1
DA:77,4
DA:78,2
DA:88,4
DA:89,2
DA:104,4
DA:105,2
DA:119,4
DA:120,1
DA:134,4
DA:135,1
DA:150,4
DA:151,52
DA:153,52
DA:168,4
DA:169,1
DA:183,4
DA:184,2
DA:200,4
DA:201,3
DA:202,3
DA:204,3
DA:241,4
DA:242,3
DA:243,3
DA:246,3
DA:249,3
DA:250,3
DA:252,3
DA:282,4
DA:283,8
DA:286,7
DA:287,2
DA:291,6
DA:292,4
DA:295,4
DA:296,3
DA:297,3
DA:302,4
DA:303,1
DA:306,4
DA:309,2
DA:312,4
LF:53
LH:53
BRDA:15,0,0,1
BRDA:15,1,0,1
BRDA:15,2,0,2
BRDA:15,3,0,7
BRDA:22,4,0,5
BRDA:22,4,1,4
BRDA:37,5,0,0
BRDA:56,6,0,1
BRDA:67,7,0,0
BRDA:77,8,0,1
BRDA:88,9,0,1
BRDA:104,10,0,1
BRDA:104,11,0,1
BRDA:119,12,0,0
BRDA:119,13,0,0
BRDA:134,14,0,0
BRDA:134,15,0,0
BRDA:150,16,0,1
BRDA:150,17,0,1
BRDA:157,18,0,1
BRDA:157,18,1,51
BRDA:168,19,0,0
BRDA:168,20,0,0
BRDA:200,21,0,0
BRDA:215,22,0,2
BRDA:215,22,1,1
BRDA:216,23,0,1
BRDA:216,23,1,2
BRDA:219,24,0,3
BRDA:219,24,1,3
BRDA:220,25,0,3
BRDA:220,25,1,3
BRDA:221,26,0,3
BRDA:221,26,1,0
BRDA:225,27,0,2
BRDA:225,27,1,1
BRDA:241,28,0,0
BRDA:246,29,0,1
BRDA:246,29,1,2
BRDA:260,30,0,1
BRDA:260,30,1,2
BRDA:260,31,0,3
BRDA:260,31,1,1
BRDA:260,32,0,1
BRDA:260,32,1,0
BRDA:261,33,0,3
BRDA:261,33,1,0
BRDA:261,34,0,3
BRDA:261,34,1,0
BRDA:264,35,0,3
BRDA:264,35,1,3
BRDA:265,36,0,3
BRDA:265,36,1,3
BRDA:266,37,0,3
BRDA:266,37,1,0
BRDA:282,38,0,4
BRDA:283,39,0,1
BRDA:283,39,1,7
BRDA:286,40,0,1
BRDA:286,40,1,6
BRDA:291,41,0,4
BRDA:291,41,1,2
BRDA:291,42,0,6
BRDA:291,42,1,4
BRDA:295,43,0,3
BRDA:295,43,1,1
BRDA:302,44,0,1
BRDA:302,44,1,3
BRF:68
BRH:53
end_of_record
TN:
SF:src\utils\startupValidation.js
FN:9,(anonymous_0)
FN:22,(anonymous_1)
FN:35,(anonymous_2)
FN:96,(anonymous_3)
FN:104,(anonymous_4)
FN:115,(anonymous_5)
FN:117,(anonymous_6)
FN:134,(anonymous_7)
FN:147,(anonymous_8)
FN:162,(anonymous_9)
FN:174,(anonymous_10)
FN:185,(anonymous_11)
FN:197,(anonymous_12)
FN:209,(anonymous_13)
FN:225,(anonymous_14)
FNF:15
FNH:6
FNDA:11,(anonymous_0)
FNDA:24,(anonymous_1)
FNDA:3,(anonymous_2)
FNDA:3,(anonymous_3)
FNDA:1,(anonymous_4)
FNDA:2,(anonymous_5)
FNDA:0,(anonymous_6)
FNDA:0,(anonymous_7)
FNDA:0,(anonymous_8)
FNDA:0,(anonymous_9)
FNDA:0,(anonymous_10)
FNDA:0,(anonymous_11)
FNDA:0,(anonymous_12)
FNDA:0,(anonymous_13)
FNDA:0,(anonymous_14)
DA:6,3
DA:10,11
DA:11,11
DA:12,11
DA:23,24
DA:36,3
DA:38,3
DA:45,3
DA:46,3
DA:47,3
DA:49,2
DA:50,1
DA:51,1
DA:52,1
DA:53,1
DA:54,1
DA:55,1
DA:56,1
DA:58,0
DA:59,0
DA:60,0
DA:62,0
DA:64,0
DA:65,0
DA:66,0
DA:69,1
DA:70,1
DA:71,1
DA:72,1
DA:74,0
DA:75,0
DA:76,0
DA:82,3
DA:89,3
DA:97,3
DA:105,1
DA:115,3
DA:117,2
DA:118,0
DA:119,0
DA:120,0
DA:123,0
DA:124,0
DA:127,0
DA:128,0
DA:131,0
DA:134,2
DA:135,0
DA:136,0
DA:137,0
DA:140,0
DA:141,0
DA:144,0
DA:147,2
DA:148,0
DA:149,0
DA:150,0
DA:153,0
DA:154,0
DA:155,0
DA:158,0
DA:162,2
DA:163,0
DA:164,0
DA:165,0
DA:167,0
DA:168,0
DA:171,0
DA:174,2
DA:175,0
DA:176,0
DA:178,0
DA:179,0
DA:182,0
DA:185,2
DA:186,0
DA:188,0
DA:189,0
DA:192,0
DA:197,2
DA:198,0
DA:200,0
DA:201,0
DA:204,0
DA:209,2
DA:210,0
DA:211,0
DA:212,0
DA:214,0
DA:215,0
DA:218,0
DA:220,0
DA:225,2
DA:226,0
DA:227,0
DA:229,0
DA:230,0
DA:233,0
DA:237,3
LF:99
LH:37
BRDA:22,0,0,1
BRDA:22,1,0,24
BRDA:27,2,0,24
BRDA:27,2,1,24
BRDA:49,3,0,1
BRDA:49,3,1,1
BRDA:52,4,0,1
BRDA:52,4,1,0
BRDA:53,5,0,1
BRDA:53,5,1,0
BRDA:62,6,0,0
BRDA:62,6,1,0
BRDA:69,7,0,1
BRDA:69,7,1,0
BRDA:119,8,0,0
BRDA:119,8,1,0
BRDA:123,9,0,0
BRDA:123,9,1,0
BRDA:127,10,0,0
BRDA:127,10,1,0
BRDA:127,11,0,0
BRDA:127,11,1,0
BRDA:136,12,0,0
BRDA:136,12,1,0
BRDA:140,13,0,0
BRDA:140,13,1,0
BRDA:140,14,0,0
BRDA:140,14,1,0
BRDA:149,15,0,0
BRDA:149,15,1,0
BRDA:154,16,0,0
BRDA:154,16,1,0
BRDA:167,17,0,0
BRDA:167,17,1,0
BRDA:167,18,0,0
BRDA:167,18,1,0
BRDA:167,18,2,0
BRDA:178,19,0,0
BRDA:178,19,1,0
BRDA:178,20,0,0
BRDA:178,20,1,0
BRDA:188,21,0,0
BRDA:188,21,1,0
BRDA:200,22,0,0
BRDA:200,22,1,0
BRDA:214,23,0,0
BRDA:214,23,1,0
BRDA:226,24,0,0
BRDA:226,24,1,0
BRDA:229,25,0,0
BRDA:229,25,1,0
BRDA:229,26,0,0
BRDA:229,26,1,0
BRDA:229,26,2,0
BRF:54
BRH:9
end_of_record
TN:
SF:src\utils\templateEngine.js
FN:5,(anonymous_0)
FN:14,(anonymous_1)
FN:18,(anonymous_2)
FN:42,(anonymous_3)
FN:129,(anonymous_4)
FN:140,(anonymous_5)
FN:155,(anonymous_6)
FN:165,(anonymous_7)
FN:174,(anonymous_8)
FN:179,(anonymous_9)
FN:184,(anonymous_10)
FN:203,(anonymous_11)
FN:204,(anonymous_12)
FN:218,(anonymous_13)
FN:219,(anonymous_14)
FN:221,(anonymous_15)
FN:226,(anonymous_16)
FN:240,(anonymous_17)
FN:249,(anonymous_18)
FN:258,(anonymous_19)
FN:266,(anonymous_20)
FN:273,(anonymous_21)
FNF:22
FNH:19
FNDA:1,(anonymous_0)
FNDA:19,(anonymous_1)
FNDA:171,(anonymous_2)
FNDA:0,(anonymous_3)
FNDA:0,(anonymous_4)
FNDA:13,(anonymous_5)
FNDA:1,(anonymous_6)
FNDA:12,(anonymous_7)
FNDA:72,(anonymous_8)
FNDA:8,(anonymous_9)
FNDA:0,(anonymous_10)
FNDA:12,(anonymous_11)
FNDA:3,(anonymous_12)
FNDA:12,(anonymous_13)
FNDA:2,(anonymous_14)
FNDA:2,(anonymous_15)
FNDA:4,(anonymous_16)
FNDA:5,(anonymous_17)
FNDA:11,(anonymous_18)
FNDA:6,(anonymous_19)
FNDA:1,(anonymous_20)
FNDA:1,(anonymous_21)
DA:1,1
DA:2,1
DA:6,1
DA:7,1
DA:8,1
DA:15,19
DA:16,19
DA:17,19
DA:18,19
DA:19,171
DA:20,171
DA:21,171
DA:22,171
DA:23,171
DA:28,0
DA:29,0
DA:33,0
DA:35,0
DA:43,0
DA:129,0
DA:130,0
DA:141,13
DA:142,13
DA:143,1
DA:146,12
DA:156,1
DA:167,12
DA:168,1
DA:171,12
DA:174,12
DA:175,72
DA:179,12
DA:180,8
DA:184,12
DA:185,0
DA:189,12
DA:192,12
DA:194,12
DA:204,12
DA:205,3
DA:206,1
DA:208,2
DA:219,12
DA:220,2
DA:221,2
DA:222,2
DA:224,2
DA:226,2
DA:227,4
DA:229,2
DA:232,0
DA:241,5
DA:250,11
DA:259,6
DA:267,1
DA:274,1
DA:275,1
DA:279,1
LF:58
LH:49
BRDA:16,0,0,19
BRDA:16,0,1,0
BRDA:19,1,0,171
BRDA:19,1,1,0
BRDA:28,2,0,0
BRDA:28,2,1,0
BRDA:28,3,0,0
BRDA:28,3,1,0
BRDA:140,4,0,1
BRDA:142,5,0,1
BRDA:142,5,1,12
BRDA:155,6,0,0
BRDA:167,7,0,1
BRDA:167,7,1,11
BRDA:167,8,0,12
BRDA:167,8,1,11
BRDA:175,9,0,14
BRDA:175,9,1,58
BRDA:180,10,0,0
BRDA:180,10,1,8
BRDA:180,11,0,8
BRDA:180,11,1,0
BRDA:185,12,0,0
BRDA:185,12,1,0
BRDA:185,13,0,0
BRDA:185,13,1,0
BRDA:205,14,0,1
BRDA:205,14,1,2
BRDA:220,15,0,2
BRDA:220,15,1,0
BRDA:227,16,0,4
BRDA:227,16,1,0
BRF:32
BRH:17
end_of_record
TN:
SF:src\utils\validation.js
FN:118,(anonymous_0)
FN:123,(anonymous_1)
FN:124,(anonymous_2)
FN:137,(anonymous_3)
FN:138,(anonymous_4)
FN:146,(anonymous_5)
FNF:6
FNH:6
FNDA:14,(anonymous_0)
FNDA:3,(anonymous_1)
FNDA:3,(anonymous_2)
FNDA:3,(anonymous_3)
FNDA:3,(anonymous_4)
FNDA:1,(anonymous_5)
DA:1,1
DA:4,1
DA:11,1
DA:19,1
DA:23,1
DA:40,1
DA:56,1
DA:71,1
DA:102,1
DA:118,1
DA:119,14
DA:123,1
DA:124,3
DA:125,3
DA:126,3
DA:127,2
DA:132,1
DA:137,1
DA:138,3
DA:139,3
DA:145,3
DA:146,1
DA:147,1
DA:154,2
DA:155,2
DA:159,1
LF:26
LH:26
BRDA:119,0,0,14
BRDA:119,0,1,11
BRDA:123,1,0,0
BRDA:126,2,0,2
BRDA:126,2,1,1
BRDA:137,3,0,2
BRDA:145,4,0,1
BRDA:145,4,1,2
BRF:8
BRH:7
end_of_record
