TN:
SF:src\config\cloudinary.js
FN:13,(anonymous_0)
FN:72,(anonymous_1)
FN:79,(anonymous_2)
FN:89,(anonymous_3)
FN:100,(anonymous_4)
FN:111,(anonymous_5)
FN:116,(anonymous_6)
FN:117,(anonymous_7)
FNF:8
FNH:2
FNDA:13,(anonymous_0)
FNDA:13,(anonymous_1)
FNDA:0,(anonymous_2)
FNDA:0,(anonymous_3)
FNDA:0,(anonymous_4)
FNDA:0,(anonymous_5)
FNDA:0,(anonymous_6)
FNDA:0,(anonymous_7)
DA:1,1
DA:2,1
DA:3,1
DA:6,1
DA:13,1
DA:14,13
DA:29,1
DA:71,1
DA:72,1
DA:73,13
DA:81,0
DA:87,1
DA:90,0
DA:91,0
DA:92,0
DA:94,0
DA:95,0
DA:101,0
DA:102,0
DA:103,0
DA:105,0
DA:106,0
DA:112,0
DA:117,0
DA:124,1
LF:25
LH:12
BRDA:13,0,0,0
BRDA:111,1,0,0
BRDA:116,2,0,0
BRF:3
BRH:0
end_of_record
TN:
SF:src\config\databaseTransport.js
FN:5,(anonymous_0)
FN:18,(anonymous_1)
FN:19,(anonymous_2)
FN:34,(anonymous_3)
FN:91,(anonymous_4)
FN:100,(anonymous_5)
FN:110,(anonymous_6)
FN:116,(anonymous_7)
FN:125,(anonymous_8)
FN:131,(anonymous_9)
FN:135,(anonymous_10)
FN:145,(anonymous_11)
FN:151,(anonymous_12)
FN:155,(anonymous_13)
FN:165,(anonymous_14)
FN:202,(anonymous_15)
FN:203,(anonymous_16)
FN:209,(anonymous_17)
FNF:18
FNH:0
FNDA:0,(anonymous_0)
FNDA:0,(anonymous_1)
FNDA:0,(anonymous_2)
FNDA:0,(anonymous_3)
FNDA:0,(anonymous_4)
FNDA:0,(anonymous_5)
FNDA:0,(anonymous_6)
FNDA:0,(anonymous_7)
FNDA:0,(anonymous_8)
FNDA:0,(anonymous_9)
FNDA:0,(anonymous_10)
FNDA:0,(anonymous_11)
FNDA:0,(anonymous_12)
FNDA:0,(anonymous_13)
FNDA:0,(anonymous_14)
FNDA:0,(anonymous_15)
FNDA:0,(anonymous_16)
FNDA:0,(anonymous_17)
DA:1,0
DA:2,0
DA:6,0
DA:7,0
DA:8,0
DA:9,0
DA:10,0
DA:11,0
DA:12,0
DA:15,0
DA:19,0
DA:20,0
DA:24,0
DA:27,0
DA:28,0
DA:31,0
DA:35,0
DA:36,0
DA:38,0
DA:50,0
DA:51,0
DA:65,0
DA:66,0
DA:74,0
DA:75,0
DA:85,0
DA:86,0
DA:90,0
DA:91,0
DA:92,0
DA:93,0
DA:97,0
DA:101,0
DA:102,0
DA:103,0
DA:104,0
DA:105,0
DA:106,0
DA:107,0
DA:111,0
DA:113,0
DA:114,0
DA:116,0
DA:117,0
DA:118,0
DA:122,0
DA:126,0
DA:128,0
DA:129,0
DA:131,0
DA:132,0
DA:133,0
DA:134,0
DA:135,0
DA:136,0
DA:141,0
DA:142,0
DA:146,0
DA:148,0
DA:149,0
DA:151,0
DA:152,0
DA:153,0
DA:154,0
DA:155,0
DA:156,0
DA:161,0
DA:162,0
DA:166,0
DA:167,0
DA:171,0
DA:172,0
DA:173,0
DA:174,0
DA:175,0
DA:179,0
DA:180,0
DA:181,0
DA:183,0
DA:184,0
DA:187,0
DA:190,0
DA:191,0
DA:192,0
DA:194,0
DA:198,0
DA:203,0
DA:204,0
DA:210,0
DA:214,0
LF:90
LH:0
BRDA:5,0,0,0
BRDA:8,1,0,0
BRDA:8,1,1,0
BRDA:9,2,0,0
BRDA:9,2,1,0
BRDA:10,3,0,0
BRDA:10,3,1,0
BRDA:27,4,0,0
BRDA:27,4,1,0
BRDA:44,5,0,0
BRDA:44,5,1,0
BRDA:45,6,0,0
BRDA:45,6,1,0
BRDA:50,7,0,0
BRDA:50,7,1,0
BRDA:65,8,0,0
BRDA:65,8,1,0
BRDA:74,9,0,0
BRDA:74,9,1,0
BRDA:74,10,0,0
BRDA:74,10,1,0
BRDA:76,11,0,0
BRDA:76,11,1,0
BRDA:77,12,0,0
BRDA:77,12,1,0
BRDA:78,13,0,0
BRDA:78,13,1,0
BRDA:85,14,0,0
BRDA:85,14,1,0
BRDA:92,15,0,0
BRDA:92,15,1,0
BRDA:101,16,0,0
BRDA:101,16,1,0
BRDA:102,17,0,0
BRDA:102,17,1,0
BRDA:103,18,0,0
BRDA:103,18,1,0
BRDA:104,19,0,0
BRDA:104,19,1,0
BRDA:105,20,0,0
BRDA:105,20,1,0
BRDA:106,21,0,0
BRDA:106,21,1,0
BRDA:111,22,0,0
BRDA:111,22,1,0
BRDA:111,23,0,0
BRDA:111,23,1,0
BRDA:117,24,0,0
BRDA:117,24,1,0
BRDA:126,25,0,0
BRDA:126,25,1,0
BRDA:126,26,0,0
BRDA:126,26,1,0
BRDA:133,27,0,0
BRDA:133,27,1,0
BRDA:133,28,0,0
BRDA:133,28,1,0
BRDA:135,29,0,0
BRDA:135,29,1,0
BRDA:146,30,0,0
BRDA:146,30,1,0
BRDA:146,31,0,0
BRDA:146,31,1,0
BRDA:153,32,0,0
BRDA:153,32,1,0
BRDA:153,33,0,0
BRDA:153,33,1,0
BRDA:155,34,0,0
BRDA:155,34,1,0
BRDA:166,35,0,0
BRDA:166,35,1,0
BRDA:166,36,0,0
BRDA:166,36,1,0
BRDA:171,37,0,0
BRDA:171,37,1,0
BRDA:173,38,0,0
BRDA:173,38,1,0
BRF:77
BRH:0
end_of_record
TN:
SF:src\config\envValidation.js
FN:196,(anonymous_0)
FN:205,(anonymous_1)
FN:213,(anonymous_2)
FN:218,(anonymous_3)
FN:231,validateEnvVar
FN:282,validateConditionalRequirements
FN:334,validateEnvironment
FN:365,(anonymous_7)
FN:370,(anonymous_8)
FN:387,getEnvironmentSummary
FNF:10
FNH:0
FNDA:0,(anonymous_0)
FNDA:0,(anonymous_1)
FNDA:0,(anonymous_2)
FNDA:0,(anonymous_3)
FNDA:0,validateEnvVar
FNDA:0,validateConditionalRequirements
FNDA:0,validateEnvironment
FNDA:0,(anonymous_7)
FNDA:0,(anonymous_8)
FNDA:0,getEnvironmentSummary
DA:1,0
DA:7,0
DA:195,0
DA:197,0
DA:198,0
DA:199,0
DA:200,0
DA:201,0
DA:202,0
DA:206,0
DA:207,0
DA:208,0
DA:209,0
DA:210,0
DA:214,0
DA:215,0
DA:219,0
DA:220,0
DA:221,0
DA:223,0
DA:232,0
DA:235,0
DA:236,0
DA:237,0
DA:241,0
DA:242,0
DA:246,0
DA:247,0
DA:248,0
DA:249,0
DA:252,0
DA:253,0
DA:256,0
DA:257,0
DA:259,0
DA:260,0
DA:262,0
DA:263,0
DA:265,0
DA:266,0
DA:268,0
DA:269,0
DA:271,0
DA:272,0
DA:276,0
DA:283,0
DA:284,0
DA:287,0
DA:288,0
DA:291,0
DA:292,0
DA:295,0
DA:296,0
DA:297,0
DA:298,0
DA:299,0
DA:303,0
DA:304,0
DA:307,0
DA:308,0
DA:311,0
DA:312,0
DA:315,0
DA:316,0
DA:320,0
DA:321,0
DA:324,0
DA:325,0
DA:328,0
DA:335,0
DA:336,0
DA:338,0
DA:341,0
DA:342,0
DA:343,0
DA:344,0
DA:348,0
DA:349,0
DA:352,0
DA:353,0
DA:354,0
DA:357,0
DA:358,0
DA:363,0
DA:364,0
DA:365,0
DA:368,0
DA:369,0
DA:370,0
DA:373,0
DA:374,0
DA:377,0
DA:388,0
DA:421,0
DA:424,0
LF:95
LH:0
BRDA:197,0,0,0
BRDA:197,0,1,0
BRDA:198,1,0,0
BRDA:198,1,1,0
BRDA:198,2,0,0
BRDA:198,2,1,0
BRDA:199,3,0,0
BRDA:199,3,1,0
BRDA:199,4,0,0
BRDA:199,4,1,0
BRDA:200,5,0,0
BRDA:200,5,1,0
BRDA:200,6,0,0
BRDA:200,6,1,0
BRDA:201,7,0,0
BRDA:201,7,1,0
BRDA:201,8,0,0
BRDA:201,8,1,0
BRDA:207,9,0,0
BRDA:207,9,1,0
BRDA:208,10,0,0
BRDA:208,10,1,0
BRDA:208,11,0,0
BRDA:208,11,1,0
BRDA:209,12,0,0
BRDA:209,12,1,0
BRDA:209,13,0,0
BRDA:209,13,1,0
BRDA:235,14,0,0
BRDA:235,14,1,0
BRDA:235,15,0,0
BRDA:235,15,1,0
BRDA:235,15,2,0
BRDA:241,16,0,0
BRDA:241,16,1,0
BRDA:241,17,0,0
BRDA:241,17,1,0
BRDA:241,17,2,0
BRDA:247,18,0,0
BRDA:247,18,1,0
BRDA:252,19,0,0
BRDA:252,19,1,0
BRDA:256,20,0,0
BRDA:256,20,1,0
BRDA:256,21,0,0
BRDA:256,21,1,0
BRDA:259,22,0,0
BRDA:259,22,1,0
BRDA:259,23,0,0
BRDA:259,23,1,0
BRDA:262,24,0,0
BRDA:262,24,1,0
BRDA:262,25,0,0
BRDA:262,25,1,0
BRDA:265,26,0,0
BRDA:265,26,1,0
BRDA:265,27,0,0
BRDA:265,27,1,0
BRDA:268,28,0,0
BRDA:268,28,1,0
BRDA:268,29,0,0
BRDA:268,29,1,0
BRDA:271,30,0,0
BRDA:271,30,1,0
BRDA:271,31,0,0
BRDA:271,31,1,0
BRDA:287,32,0,0
BRDA:287,32,1,0
BRDA:287,33,0,0
BRDA:287,33,1,0
BRDA:291,34,0,0
BRDA:291,34,1,0
BRDA:291,35,0,0
BRDA:291,35,1,0
BRDA:295,36,0,0
BRDA:295,36,1,0
BRDA:295,37,0,0
BRDA:295,37,1,0
BRDA:296,38,0,0
BRDA:296,38,1,0
BRDA:297,39,0,0
BRDA:297,39,1,0
BRDA:298,40,0,0
BRDA:298,40,1,0
BRDA:299,41,0,0
BRDA:299,41,1,0
BRDA:303,42,0,0
BRDA:303,42,1,0
BRDA:303,43,0,0
BRDA:303,43,1,0
BRDA:307,44,0,0
BRDA:307,44,1,0
BRDA:307,45,0,0
BRDA:307,45,1,0
BRDA:311,46,0,0
BRDA:311,46,1,0
BRDA:311,47,0,0
BRDA:311,47,1,0
BRDA:315,48,0,0
BRDA:315,48,1,0
BRDA:315,49,0,0
BRDA:315,49,1,0
BRDA:320,50,0,0
BRDA:320,50,1,0
BRDA:320,51,0,0
BRDA:320,51,1,0
BRDA:324,52,0,0
BRDA:324,52,1,0
BRDA:324,53,0,0
BRDA:324,53,1,0
BRDA:352,54,0,0
BRDA:352,54,1,0
BRDA:353,55,0,0
BRDA:353,55,1,0
BRDA:353,56,0,0
BRDA:353,56,1,0
BRDA:357,57,0,0
BRDA:357,57,1,0
BRDA:357,58,0,0
BRDA:357,58,1,0
BRDA:363,59,0,0
BRDA:363,59,1,0
BRDA:368,60,0,0
BRDA:368,60,1,0
BRDA:373,61,0,0
BRDA:373,61,1,0
BRDA:373,62,0,0
BRDA:373,62,1,0
BRDA:389,63,0,0
BRDA:389,63,1,0
BRDA:390,64,0,0
BRDA:390,64,1,0
BRDA:396,65,0,0
BRDA:396,65,1,0
BRDA:397,66,0,0
BRDA:397,66,1,0
BRDA:397,66,2,0
BRDA:401,67,0,0
BRDA:401,67,1,0
BRDA:401,67,2,0
BRDA:408,68,0,0
BRDA:408,68,1,0
BRDA:409,69,0,0
BRDA:409,69,1,0
BRDA:413,70,0,0
BRDA:413,70,1,0
BRF:146
BRH:0
end_of_record
TN:
SF:src\config\logger.js
FN:35,(anonymous_0)
FN:105,(anonymous_1)
FN:111,(anonymous_2)
FN:131,(anonymous_3)
FN:157,(anonymous_4)
FN:173,(anonymous_5)
FN:184,(anonymous_6)
FNF:7
FNH:0
FNDA:0,(anonymous_0)
FNDA:0,(anonymous_1)
FNDA:0,(anonymous_2)
FNDA:0,(anonymous_3)
FNDA:0,(anonymous_4)
FNDA:0,(anonymous_5)
FNDA:0,(anonymous_6)
DA:1,0
DA:2,0
DA:3,0
DA:4,0
DA:7,0
DA:16,0
DA:25,0
DA:28,0
DA:35,0
DA:89,0
DA:97,0
DA:98,0
DA:99,0
DA:100,0
DA:104,0
DA:106,0
DA:111,0
DA:112,0
DA:123,0
DA:124,0
DA:126,0
DA:131,0
DA:132,0
DA:140,0
DA:141,0
DA:153,0
DA:157,0
DA:158,0
DA:165,0
DA:166,0
DA:168,0
DA:173,0
DA:174,0
DA:180,0
DA:184,0
DA:185,0
DA:191,0
DA:194,0
LF:38
LH:0
BRDA:82,0,0,0
BRDA:82,0,1,0
BRDA:83,1,0,0
BRDA:83,1,1,0
BRDA:84,2,0,0
BRDA:84,2,1,0
BRDA:90,3,0,0
BRDA:90,3,1,0
BRDA:99,4,0,0
BRDA:99,4,1,0
BRDA:118,5,0,0
BRDA:118,5,1,0
BRDA:119,6,0,0
BRDA:119,6,1,0
BRDA:123,7,0,0
BRDA:123,7,1,0
BRDA:131,8,0,0
BRDA:131,9,0,0
BRDA:140,10,0,0
BRDA:140,10,1,0
BRDA:148,11,0,0
BRDA:148,11,1,0
BRDA:149,12,0,0
BRDA:149,12,1,0
BRDA:157,13,0,0
BRDA:165,14,0,0
BRDA:165,14,1,0
BRDA:173,15,0,0
BRDA:184,16,0,0
BRF:29
BRH:0
end_of_record
TN:
SF:src\controllers\academyController.js
FN:9,(anonymous_0)
FN:83,(anonymous_1)
FN:125,(anonymous_2)
FN:153,(anonymous_3)
FN:194,(anonymous_4)
FN:233,(anonymous_5)
FN:303,(anonymous_6)
FN:372,(anonymous_7)
FN:425,(anonymous_8)
FN:445,(anonymous_9)
FN:496,(anonymous_10)
FN:518,(anonymous_11)
FN:558,(anonymous_12)
FN:580,(anonymous_13)
FN:599,(anonymous_14)
FN:619,(anonymous_15)
FN:641,(anonymous_16)
FN:657,(anonymous_17)
FN:659,(anonymous_18)
FN:689,(anonymous_19)
FN:721,(anonymous_20)
FN:754,(anonymous_21)
FN:783,(anonymous_22)
FNF:23
FNH:0
FNDA:0,(anonymous_0)
FNDA:0,(anonymous_1)
FNDA:0,(anonymous_2)
FNDA:0,(anonymous_3)
FNDA:0,(anonymous_4)
FNDA:0,(anonymous_5)
FNDA:0,(anonymous_6)
FNDA:0,(anonymous_7)
FNDA:0,(anonymous_8)
FNDA:0,(anonymous_9)
FNDA:0,(anonymous_10)
FNDA:0,(anonymous_11)
FNDA:0,(anonymous_12)
FNDA:0,(anonymous_13)
FNDA:0,(anonymous_14)
FNDA:0,(anonymous_15)
FNDA:0,(anonymous_16)
FNDA:0,(anonymous_17)
FNDA:0,(anonymous_18)
FNDA:0,(anonymous_19)
FNDA:0,(anonymous_20)
FNDA:0,(anonymous_21)
FNDA:0,(anonymous_22)
DA:1,0
DA:2,0
DA:3,0
DA:4,0
DA:9,0
DA:10,0
DA:20,0
DA:23,0
DA:26,0
DA:27,0
DA:35,0
DA:36,0
DA:40,0
DA:41,0
DA:45,0
DA:46,0
DA:50,0
DA:51,0
DA:53,0
DA:55,0
DA:61,0
DA:63,0
DA:72,0
DA:73,0
DA:83,0
DA:84,0
DA:86,0
DA:87,0
DA:93,0
DA:98,0
DA:99,0
DA:106,0
DA:107,0
DA:109,0
DA:114,0
DA:115,0
DA:125,0
DA:126,0
DA:127,0
DA:132,0
DA:134,0
DA:136,0
DA:142,0
DA:143,0
DA:153,0
DA:154,0
DA:155,0
DA:157,0
DA:158,0
DA:165,0
DA:166,0
DA:172,0
DA:177,0
DA:183,0
DA:184,0
DA:194,0
DA:195,0
DA:196,0
DA:198,0
DA:199,0
DA:206,0
DA:207,0
DA:214,0
DA:215,0
DA:217,0
DA:222,0
DA:223,0
DA:233,0
DA:234,0
DA:235,0
DA:236,0
DA:242,0
DA:244,0
DA:245,0
DA:252,0
DA:253,0
DA:260,0
DA:265,0
DA:266,0
DA:274,0
DA:275,0
DA:279,0
DA:284,0
DA:286,0
DA:292,0
DA:293,0
DA:303,0
DA:304,0
DA:305,0
DA:306,0
DA:312,0
DA:314,0
DA:315,0
DA:322,0
DA:323,0
DA:330,0
DA:335,0
DA:336,0
DA:344,0
DA:352,0
DA:353,0
DA:355,0
DA:361,0
DA:362,0
DA:372,0
DA:373,0
DA:374,0
DA:376,0
DA:378,0
DA:379,0
DA:386,0
DA:387,0
DA:393,0
DA:395,0
DA:396,0
DA:403,0
DA:406,0
DA:407,0
DA:409,0
DA:414,0
DA:415,0
DA:425,0
DA:426,0
DA:427,0
DA:429,0
DA:430,0
DA:436,0
DA:437,0
DA:444,0
DA:445,0
DA:448,0
DA:449,0
DA:456,0
DA:463,0
DA:464,0
DA:467,0
DA:468,0
DA:479,0
DA:485,0
DA:486,0
DA:496,0
DA:497,0
DA:498,0
DA:500,0
DA:501,0
DA:507,0
DA:509,0
DA:510,0
DA:517,0
DA:518,0
DA:521,0
DA:522,0
DA:529,0
DA:530,0
DA:531,0
DA:534,0
DA:535,0
DA:536,0
DA:539,0
DA:541,0
DA:547,0
DA:548,0
DA:558,0
DA:559,0
DA:560,0
DA:562,0
DA:563,0
DA:569,0
DA:571,0
DA:572,0
DA:579,0
DA:580,0
DA:583,0
DA:584,0
DA:590,0
DA:591,0
DA:598,0
DA:599,0
DA:602,0
DA:603,0
DA:609,0
DA:616,0
DA:619,0
DA:620,0
DA:622,0
DA:624,0
DA:630,0
DA:631,0
DA:641,0
DA:642,0
DA:643,0
DA:644,0
DA:647,0
DA:648,0
DA:650,0
DA:657,0
DA:658,0
DA:659,0
DA:661,0
DA:667,0
DA:669,0
DA:678,0
DA:679,0
DA:689,0
DA:690,0
DA:691,0
DA:692,0
DA:694,0
DA:699,0
DA:701,0
DA:710,0
DA:711,0
DA:721,0
DA:722,0
DA:723,0
DA:738,0
DA:743,0
DA:744,0
DA:754,0
DA:755,0
DA:756,0
DA:758,0
DA:766,0
DA:772,0
DA:773,0
DA:783,0
DA:784,0
DA:786,0
DA:789,0
DA:802,0
DA:812,0
DA:827,0
DA:837,0
DA:838,0
DA:845,0
LF:235
LH:0
BRDA:16,0,0,0
BRDA:17,1,0,0
BRDA:18,2,0,0
BRDA:19,3,0,0
BRDA:26,4,0,0
BRDA:26,4,1,0
BRDA:35,5,0,0
BRDA:35,5,1,0
BRDA:40,6,0,0
BRDA:40,6,1,0
BRDA:45,7,0,0
BRDA:45,7,1,0
BRDA:51,8,0,0
BRDA:51,8,1,0
BRDA:86,9,0,0
BRDA:86,9,1,0
BRDA:98,10,0,0
BRDA:98,10,1,0
BRDA:157,11,0,0
BRDA:157,11,1,0
BRDA:165,12,0,0
BRDA:165,12,1,0
BRDA:198,13,0,0
BRDA:198,13,1,0
BRDA:206,14,0,0
BRDA:206,14,1,0
BRDA:235,15,0,0
BRDA:235,15,1,0
BRDA:244,16,0,0
BRDA:244,16,1,0
BRDA:252,17,0,0
BRDA:252,17,1,0
BRDA:265,18,0,0
BRDA:265,18,1,0
BRDA:274,19,0,0
BRDA:274,19,1,0
BRDA:274,20,0,0
BRDA:274,20,1,0
BRDA:305,21,0,0
BRDA:305,21,1,0
BRDA:314,22,0,0
BRDA:314,22,1,0
BRDA:322,23,0,0
BRDA:322,23,1,0
BRDA:335,24,0,0
BRDA:335,24,1,0
BRDA:345,25,0,0
BRDA:345,25,1,0
BRDA:348,26,0,0
BRDA:348,26,1,0
BRDA:378,27,0,0
BRDA:378,27,1,0
BRDA:386,28,0,0
BRDA:386,28,1,0
BRDA:395,29,0,0
BRDA:395,29,1,0
BRDA:429,30,0,0
BRDA:429,30,1,0
BRDA:436,31,0,0
BRDA:436,31,1,0
BRDA:448,32,0,0
BRDA:448,32,1,0
BRDA:500,33,0,0
BRDA:500,33,1,0
BRDA:509,34,0,0
BRDA:509,34,1,0
BRDA:521,35,0,0
BRDA:521,35,1,0
BRDA:530,36,0,0
BRDA:530,36,1,0
BRDA:534,37,0,0
BRDA:534,37,1,0
BRDA:562,38,0,0
BRDA:562,38,1,0
BRDA:562,39,0,0
BRDA:562,39,1,0
BRDA:562,39,2,0
BRDA:571,40,0,0
BRDA:571,40,1,0
BRDA:583,41,0,0
BRDA:583,41,1,0
BRDA:590,42,0,0
BRDA:590,42,1,0
BRDA:602,43,0,0
BRDA:602,43,1,0
BRDA:643,44,0,0
BRDA:643,45,0,0
BRDA:648,46,0,0
BRDA:648,46,1,0
BRDA:691,47,0,0
BRDA:691,48,0,0
BRDA:756,49,0,0
BRDA:832,50,0,0
BRDA:832,50,1,0
BRF:94
BRH:0
end_of_record
TN:
SF:src\controllers\activityController.js
FN:6,(anonymous_0)
FN:74,(anonymous_1)
FN:134,(anonymous_2)
FN:235,(anonymous_3)
FN:294,(anonymous_4)
FN:343,(anonymous_5)
FN:405,(anonymous_6)
FN:456,(anonymous_7)
FN:521,(anonymous_8)
FN:577,(anonymous_9)
FN:615,(anonymous_10)
FN:729,(anonymous_11)
FN:798,(anonymous_12)
FNF:13
FNH:0
FNDA:0,(anonymous_0)
FNDA:0,(anonymous_1)
FNDA:0,(anonymous_2)
FNDA:0,(anonymous_3)
FNDA:0,(anonymous_4)
FNDA:0,(anonymous_5)
FNDA:0,(anonymous_6)
FNDA:0,(anonymous_7)
FNDA:0,(anonymous_8)
FNDA:0,(anonymous_9)
FNDA:0,(anonymous_10)
FNDA:0,(anonymous_11)
FNDA:0,(anonymous_12)
DA:1,0
DA:2,0
DA:3,0
DA:6,0
DA:7,0
DA:8,0
DA:17,0
DA:19,0
DA:29,0
DA:30,0
DA:39,0
DA:46,0
DA:61,0
DA:66,0
DA:74,0
DA:75,0
DA:76,0
DA:83,0
DA:85,0
DA:93,0
DA:94,0
DA:99,0
DA:106,0
DA:121,0
DA:126,0
DA:134,0
DA:135,0
DA:136,0
DA:137,0
DA:144,0
DA:147,0
DA:150,0
DA:163,0
DA:169,0
DA:185,0
DA:193,0
DA:194,0
DA:199,0
DA:206,0
DA:221,0
DA:227,0
DA:235,0
DA:236,0
DA:237,0
DA:238,0
DA:240,0
DA:249,0
DA:250,0
DA:257,0
DA:258,0
DA:259,0
DA:266,0
DA:267,0
DA:270,0
DA:276,0
DA:281,0
DA:286,0
DA:294,0
DA:295,0
DA:296,0
DA:297,0
DA:303,0
DA:304,0
DA:310,0
DA:311,0
DA:313,0
DA:314,0
DA:315,0
DA:317,0
DA:324,0
DA:330,0
DA:335,0
DA:343,0
DA:344,0
DA:345,0
DA:346,0
DA:347,0
DA:349,0
DA:354,0
DA:355,0
DA:362,0
DA:363,0
DA:369,0
DA:378,0
DA:385,0
DA:391,0
DA:397,0
DA:405,0
DA:406,0
DA:407,0
DA:408,0
DA:410,0
DA:415,0
DA:416,0
DA:423,0
DA:424,0
DA:430,0
DA:432,0
DA:438,0
DA:443,0
DA:448,0
DA:456,0
DA:457,0
DA:458,0
DA:459,0
DA:460,0
DA:462,0
DA:463,0
DA:469,0
DA:474,0
DA:475,0
DA:482,0
DA:483,0
DA:484,0
DA:490,0
DA:492,0
DA:498,0
DA:507,0
DA:513,0
DA:521,0
DA:522,0
DA:523,0
DA:524,0
DA:525,0
DA:527,0
DA:528,0
DA:534,0
DA:539,0
DA:540,0
DA:546,0
DA:548,0
DA:554,0
DA:563,0
DA:569,0
DA:577,0
DA:578,0
DA:579,0
DA:580,0
DA:582,0
DA:584,0
DA:589,0
DA:602,0
DA:607,0
DA:615,0
DA:616,0
DA:617,0
DA:620,0
DA:621,0
DA:627,0
DA:629,0
DA:637,0
DA:639,0
DA:697,0
DA:702,0
DA:716,0
DA:721,0
DA:729,0
DA:730,0
DA:731,0
DA:766,0
DA:772,0
DA:773,0
DA:775,0
DA:786,0
DA:790,0
DA:798,0
DA:799,0
DA:801,0
DA:805,0
DA:806,0
DA:810,0
DA:811,0
DA:815,0
DA:816,0
DA:819,0
DA:820,0
DA:825,0
DA:828,0
LF:178
LH:0
BRDA:10,0,0,0
BRDA:11,1,0,0
BRDA:12,2,0,0
BRDA:13,3,0,0
BRDA:14,4,0,0
BRDA:15,5,0,0
BRDA:16,6,0,0
BRDA:22,7,0,0
BRDA:22,7,1,0
BRDA:23,8,0,0
BRDA:23,8,1,0
BRDA:78,9,0,0
BRDA:79,10,0,0
BRDA:80,11,0,0
BRDA:81,12,0,0
BRDA:82,13,0,0
BRDA:88,14,0,0
BRDA:88,14,1,0
BRDA:89,15,0,0
BRDA:89,15,1,0
BRDA:139,16,0,0
BRDA:140,17,0,0
BRDA:141,18,0,0
BRDA:142,19,0,0
BRDA:143,20,0,0
BRDA:147,21,0,0
BRDA:147,21,1,0
BRDA:147,22,0,0
BRDA:147,22,1,0
BRDA:188,23,0,0
BRDA:188,23,1,0
BRDA:189,24,0,0
BRDA:189,24,1,0
BRDA:249,25,0,0
BRDA:249,25,1,0
BRDA:258,26,0,0
BRDA:258,26,1,0
BRDA:266,27,0,0
BRDA:266,27,1,0
BRDA:266,28,0,0
BRDA:266,28,1,0
BRDA:303,29,0,0
BRDA:303,29,1,0
BRDA:303,30,0,0
BRDA:303,30,1,0
BRDA:303,30,2,0
BRDA:354,31,0,0
BRDA:354,31,1,0
BRDA:362,32,0,0
BRDA:362,32,1,0
BRDA:362,33,0,0
BRDA:362,33,1,0
BRDA:415,34,0,0
BRDA:415,34,1,0
BRDA:423,35,0,0
BRDA:423,35,1,0
BRDA:423,36,0,0
BRDA:423,36,1,0
BRDA:459,37,0,0
BRDA:462,38,0,0
BRDA:462,38,1,0
BRDA:462,39,0,0
BRDA:462,39,1,0
BRDA:474,40,0,0
BRDA:474,40,1,0
BRDA:483,41,0,0
BRDA:483,41,1,0
BRDA:527,42,0,0
BRDA:527,42,1,0
BRDA:527,43,0,0
BRDA:527,43,1,0
BRDA:539,44,0,0
BRDA:539,44,1,0
BRDA:580,45,0,0
BRDA:593,46,0,0
BRDA:593,46,1,0
BRDA:620,47,0,0
BRDA:620,47,1,0
BRDA:627,48,0,0
BRDA:706,49,0,0
BRDA:706,49,1,0
BRDA:799,50,0,0
BRDA:799,50,1,0
BRDA:805,51,0,0
BRDA:805,51,1,0
BRDA:810,52,0,0
BRDA:810,52,1,0
BRDA:815,53,0,0
BRDA:815,53,1,0
BRDA:819,54,0,0
BRDA:819,54,1,0
BRF:91
BRH:0
end_of_record
TN:
SF:src\controllers\adsController.js
FN:9,(anonymous_0)
FN:76,(anonymous_1)
FN:116,(anonymous_2)
FN:223,(anonymous_3)
FN:241,(anonymous_4)
FN:282,(anonymous_5)
FN:321,(anonymous_6)
FN:347,(anonymous_7)
FN:354,(anonymous_8)
FN:355,(anonymous_9)
FN:388,(anonymous_10)
FN:441,(anonymous_11)
FN:473,(anonymous_12)
FN:517,(anonymous_13)
FN:548,(anonymous_14)
FN:570,(anonymous_15)
FN:574,(anonymous_16)
FN:595,(anonymous_17)
FN:624,(anonymous_18)
FN:682,(anonymous_19)
FN:707,(anonymous_20)
FNF:21
FNH:0
FNDA:0,(anonymous_0)
FNDA:0,(anonymous_1)
FNDA:0,(anonymous_2)
FNDA:0,(anonymous_3)
FNDA:0,(anonymous_4)
FNDA:0,(anonymous_5)
FNDA:0,(anonymous_6)
FNDA:0,(anonymous_7)
FNDA:0,(anonymous_8)
FNDA:0,(anonymous_9)
FNDA:0,(anonymous_10)
FNDA:0,(anonymous_11)
FNDA:0,(anonymous_12)
FNDA:0,(anonymous_13)
FNDA:0,(anonymous_14)
FNDA:0,(anonymous_15)
FNDA:0,(anonymous_16)
FNDA:0,(anonymous_17)
FNDA:0,(anonymous_18)
FNDA:0,(anonymous_19)
FNDA:0,(anonymous_20)
DA:1,0
DA:2,0
DA:3,0
DA:4,0
DA:9,0
DA:10,0
DA:19,0
DA:22,0
DA:25,0
DA:26,0
DA:33,0
DA:34,0
DA:38,0
DA:39,0
DA:43,0
DA:44,0
DA:46,0
DA:48,0
DA:54,0
DA:56,0
DA:65,0
DA:66,0
DA:76,0
DA:77,0
DA:79,0
DA:80,0
DA:86,0
DA:89,0
DA:90,0
DA:97,0
DA:98,0
DA:100,0
DA:105,0
DA:106,0
DA:116,0
DA:117,0
DA:127,0
DA:130,0
DA:131,0
DA:138,0
DA:139,0
DA:146,0
DA:147,0
DA:154,0
DA:155,0
DA:157,0
DA:158,0
DA:164,0
DA:165,0
DA:172,0
DA:173,0
DA:175,0
DA:176,0
DA:182,0
DA:183,0
DA:189,0
DA:209,0
DA:211,0
DA:213,0
DA:219,0
DA:222,0
DA:223,0
DA:224,0
DA:231,0
DA:241,0
DA:242,0
DA:243,0
DA:245,0
DA:246,0
DA:253,0
DA:254,0
DA:260,0
DA:265,0
DA:271,0
DA:272,0
DA:282,0
DA:283,0
DA:284,0
DA:286,0
DA:287,0
DA:294,0
DA:295,0
DA:302,0
DA:303,0
DA:305,0
DA:310,0
DA:311,0
DA:321,0
DA:322,0
DA:323,0
DA:324,0
DA:330,0
DA:332,0
DA:333,0
DA:340,0
DA:341,0
DA:347,0
DA:348,0
DA:351,0
DA:353,0
DA:354,0
DA:355,0
DA:360,0
DA:361,0
DA:368,0
DA:369,0
DA:371,0
DA:377,0
DA:378,0
DA:388,0
DA:389,0
DA:390,0
DA:392,0
DA:394,0
DA:395,0
DA:402,0
DA:403,0
DA:409,0
DA:411,0
DA:412,0
DA:419,0
DA:422,0
DA:423,0
DA:425,0
DA:430,0
DA:431,0
DA:441,0
DA:442,0
DA:443,0
DA:444,0
DA:446,0
DA:451,0
DA:453,0
DA:462,0
DA:463,0
DA:473,0
DA:474,0
DA:475,0
DA:477,0
DA:478,0
DA:485,0
DA:486,0
DA:492,0
DA:501,0
DA:506,0
DA:507,0
DA:517,0
DA:518,0
DA:519,0
DA:521,0
DA:522,0
DA:529,0
DA:530,0
DA:532,0
DA:537,0
DA:538,0
DA:548,0
DA:549,0
DA:551,0
DA:553,0
DA:569,0
DA:570,0
DA:571,0
DA:574,0
DA:579,0
DA:584,0
DA:585,0
DA:595,0
DA:596,0
DA:597,0
DA:599,0
DA:607,0
DA:613,0
DA:614,0
DA:624,0
DA:625,0
DA:626,0
DA:628,0
DA:629,0
DA:635,0
DA:637,0
DA:638,0
DA:645,0
DA:646,0
DA:653,0
DA:662,0
DA:663,0
DA:665,0
DA:671,0
DA:672,0
DA:682,0
DA:683,0
DA:684,0
DA:691,0
DA:696,0
DA:697,0
DA:707,0
DA:708,0
DA:710,0
DA:713,0
DA:723,0
DA:736,0
DA:747,0
DA:762,0
DA:773,0
DA:774,0
DA:781,0
LF:207
LH:0
BRDA:15,0,0,0
BRDA:16,1,0,0
BRDA:17,2,0,0
BRDA:18,3,0,0
BRDA:25,4,0,0
BRDA:25,4,1,0
BRDA:33,5,0,0
BRDA:33,5,1,0
BRDA:38,6,0,0
BRDA:38,6,1,0
BRDA:44,7,0,0
BRDA:44,7,1,0
BRDA:79,8,0,0
BRDA:79,8,1,0
BRDA:89,9,0,0
BRDA:89,9,1,0
BRDA:130,10,0,0
BRDA:130,10,1,0
BRDA:130,11,0,0
BRDA:130,11,1,0
BRDA:130,11,2,0
BRDA:130,11,3,0
BRDA:138,12,0,0
BRDA:138,12,1,0
BRDA:138,13,0,0
BRDA:138,13,1,0
BRDA:146,14,0,0
BRDA:146,14,1,0
BRDA:146,15,0,0
BRDA:146,15,1,0
BRDA:146,15,2,0
BRDA:157,16,0,0
BRDA:157,16,1,0
BRDA:164,17,0,0
BRDA:164,17,1,0
BRDA:175,18,0,0
BRDA:175,18,1,0
BRDA:175,19,0,0
BRDA:175,19,1,0
BRDA:182,20,0,0
BRDA:182,20,1,0
BRDA:196,21,0,0
BRDA:196,21,1,0
BRDA:197,22,0,0
BRDA:197,22,1,0
BRDA:202,23,0,0
BRDA:202,23,1,0
BRDA:204,24,0,0
BRDA:204,24,1,0
BRDA:205,25,0,0
BRDA:205,25,1,0
BRDA:222,26,0,0
BRDA:222,26,1,0
BRDA:245,27,0,0
BRDA:245,27,1,0
BRDA:253,28,0,0
BRDA:253,28,1,0
BRDA:286,29,0,0
BRDA:286,29,1,0
BRDA:294,30,0,0
BRDA:294,30,1,0
BRDA:323,31,0,0
BRDA:323,31,1,0
BRDA:323,32,0,0
BRDA:323,32,1,0
BRDA:332,33,0,0
BRDA:332,33,1,0
BRDA:340,34,0,0
BRDA:340,34,1,0
BRDA:360,35,0,0
BRDA:360,35,1,0
BRDA:394,36,0,0
BRDA:394,36,1,0
BRDA:402,37,0,0
BRDA:402,37,1,0
BRDA:411,38,0,0
BRDA:411,38,1,0
BRDA:443,39,0,0
BRDA:443,40,0,0
BRDA:477,41,0,0
BRDA:477,41,1,0
BRDA:485,42,0,0
BRDA:485,42,1,0
BRDA:496,43,0,0
BRDA:496,43,1,0
BRDA:521,44,0,0
BRDA:521,44,1,0
BRDA:576,45,0,0
BRDA:576,45,1,0
BRDA:597,46,0,0
BRDA:628,47,0,0
BRDA:628,47,1,0
BRDA:628,48,0,0
BRDA:628,48,1,0
BRDA:628,48,2,0
BRDA:637,49,0,0
BRDA:637,49,1,0
BRDA:645,50,0,0
BRDA:645,50,1,0
BRDA:768,51,0,0
BRDA:768,51,1,0
BRF:101
BRH:0
end_of_record
TN:
SF:src\controllers\agencyController.js
FN:9,(anonymous_0)
FN:77,(anonymous_1)
FN:116,(anonymous_2)
FN:164,(anonymous_3)
FN:225,(anonymous_4)
FN:264,(anonymous_5)
FN:334,(anonymous_6)
FN:389,(anonymous_7)
FN:410,(anonymous_8)
FN:429,(anonymous_9)
FN:476,(anonymous_10)
FN:531,(anonymous_11)
FN:570,(anonymous_12)
FN:591,(anonymous_13)
FN:597,(anonymous_14)
FN:621,(anonymous_15)
FN:654,(anonymous_16)
FN:700,(anonymous_17)
FN:728,(anonymous_18)
FNF:19
FNH:0
FNDA:0,(anonymous_0)
FNDA:0,(anonymous_1)
FNDA:0,(anonymous_2)
FNDA:0,(anonymous_3)
FNDA:0,(anonymous_4)
FNDA:0,(anonymous_5)
FNDA:0,(anonymous_6)
FNDA:0,(anonymous_7)
FNDA:0,(anonymous_8)
FNDA:0,(anonymous_9)
FNDA:0,(anonymous_10)
FNDA:0,(anonymous_11)
FNDA:0,(anonymous_12)
FNDA:0,(anonymous_13)
FNDA:0,(anonymous_14)
FNDA:0,(anonymous_15)
FNDA:0,(anonymous_16)
FNDA:0,(anonymous_17)
FNDA:0,(anonymous_18)
DA:1,0
DA:2,0
DA:3,0
DA:4,0
DA:9,0
DA:10,0
DA:19,0
DA:22,0
DA:25,0
DA:26,0
DA:33,0
DA:34,0
DA:38,0
DA:39,0
DA:43,0
DA:44,0
DA:46,0
DA:48,0
DA:55,0
DA:57,0
DA:66,0
DA:67,0
DA:77,0
DA:78,0
DA:80,0
DA:81,0
DA:87,0
DA:93,0
DA:94,0
DA:100,0
DA:105,0
DA:106,0
DA:116,0
DA:117,0
DA:118,0
DA:124,0
DA:125,0
DA:126,0
DA:127,0
DA:129,0
DA:130,0
DA:131,0
DA:137,0
DA:142,0
DA:145,0
DA:147,0
DA:153,0
DA:154,0
DA:164,0
DA:165,0
DA:166,0
DA:168,0
DA:169,0
DA:176,0
DA:177,0
DA:184,0
DA:186,0
DA:187,0
DA:188,0
DA:190,0
DA:191,0
DA:192,0
DA:198,0
DA:203,0
DA:208,0
DA:214,0
DA:215,0
DA:225,0
DA:226,0
DA:227,0
DA:229,0
DA:230,0
DA:237,0
DA:238,0
DA:245,0
DA:246,0
DA:248,0
DA:253,0
DA:254,0
DA:264,0
DA:265,0
DA:266,0
DA:267,0
DA:273,0
DA:275,0
DA:276,0
DA:283,0
DA:284,0
DA:291,0
DA:296,0
DA:297,0
DA:305,0
DA:306,0
DA:310,0
DA:315,0
DA:317,0
DA:323,0
DA:324,0
DA:334,0
DA:335,0
DA:336,0
DA:338,0
DA:339,0
DA:345,0
DA:347,0
DA:348,0
DA:355,0
DA:356,0
DA:363,0
DA:364,0
DA:365,0
DA:371,0
DA:373,0
DA:378,0
DA:379,0
DA:389,0
DA:390,0
DA:391,0
DA:393,0
DA:395,0
DA:396,0
DA:403,0
DA:404,0
DA:410,0
DA:411,0
DA:413,0
DA:418,0
DA:419,0
DA:429,0
DA:430,0
DA:431,0
DA:432,0
DA:434,0
DA:435,0
DA:441,0
DA:443,0
DA:444,0
DA:451,0
DA:452,0
DA:458,0
DA:460,0
DA:465,0
DA:466,0
DA:476,0
DA:477,0
DA:478,0
DA:480,0
DA:481,0
DA:487,0
DA:489,0
DA:490,0
DA:497,0
DA:498,0
DA:505,0
DA:506,0
DA:507,0
DA:513,0
DA:515,0
DA:520,0
DA:521,0
DA:531,0
DA:532,0
DA:533,0
DA:535,0
DA:537,0
DA:538,0
DA:545,0
DA:546,0
DA:552,0
DA:554,0
DA:559,0
DA:560,0
DA:570,0
DA:571,0
DA:572,0
DA:574,0
DA:575,0
DA:582,0
DA:583,0
DA:589,0
DA:591,0
DA:597,0
DA:605,0
DA:610,0
DA:611,0
DA:621,0
DA:622,0
DA:623,0
DA:625,0
DA:637,0
DA:643,0
DA:644,0
DA:654,0
DA:655,0
DA:656,0
DA:658,0
DA:659,0
DA:665,0
DA:667,0
DA:668,0
DA:675,0
DA:676,0
DA:682,0
DA:684,0
DA:689,0
DA:690,0
DA:700,0
DA:701,0
DA:702,0
DA:704,0
DA:705,0
DA:711,0
DA:713,0
DA:714,0
DA:721,0
DA:722,0
DA:728,0
DA:729,0
DA:731,0
DA:736,0
DA:737,0
DA:744,0
LF:222
LH:0
BRDA:15,0,0,0
BRDA:16,1,0,0
BRDA:17,2,0,0
BRDA:18,3,0,0
BRDA:25,4,0,0
BRDA:25,4,1,0
BRDA:33,5,0,0
BRDA:33,5,1,0
BRDA:38,6,0,0
BRDA:38,6,1,0
BRDA:44,7,0,0
BRDA:44,7,1,0
BRDA:80,8,0,0
BRDA:80,8,1,0
BRDA:93,9,0,0
BRDA:93,9,1,0
BRDA:124,10,0,0
BRDA:124,10,1,0
BRDA:129,11,0,0
BRDA:129,11,1,0
BRDA:129,12,0,0
BRDA:129,12,1,0
BRDA:168,13,0,0
BRDA:168,13,1,0
BRDA:176,14,0,0
BRDA:176,14,1,0
BRDA:184,15,0,0
BRDA:184,15,1,0
BRDA:184,16,0,0
BRDA:184,16,1,0
BRDA:190,17,0,0
BRDA:190,17,1,0
BRDA:190,18,0,0
BRDA:190,18,1,0
BRDA:229,19,0,0
BRDA:229,19,1,0
BRDA:237,20,0,0
BRDA:237,20,1,0
BRDA:266,21,0,0
BRDA:266,21,1,0
BRDA:275,22,0,0
BRDA:275,22,1,0
BRDA:283,23,0,0
BRDA:283,23,1,0
BRDA:296,24,0,0
BRDA:296,24,1,0
BRDA:305,25,0,0
BRDA:305,25,1,0
BRDA:305,26,0,0
BRDA:305,26,1,0
BRDA:336,27,0,0
BRDA:338,28,0,0
BRDA:338,28,1,0
BRDA:347,29,0,0
BRDA:347,29,1,0
BRDA:355,30,0,0
BRDA:355,30,1,0
BRDA:364,31,0,0
BRDA:364,31,1,0
BRDA:381,32,0,0
BRDA:381,32,1,0
BRDA:395,33,0,0
BRDA:395,33,1,0
BRDA:403,34,0,0
BRDA:403,34,1,0
BRDA:434,35,0,0
BRDA:434,35,1,0
BRDA:443,36,0,0
BRDA:443,36,1,0
BRDA:451,37,0,0
BRDA:451,37,1,0
BRDA:468,38,0,0
BRDA:468,38,1,0
BRDA:478,39,0,0
BRDA:478,40,0,0
BRDA:480,41,0,0
BRDA:480,41,1,0
BRDA:489,42,0,0
BRDA:489,42,1,0
BRDA:497,43,0,0
BRDA:497,43,1,0
BRDA:506,44,0,0
BRDA:506,44,1,0
BRDA:523,45,0,0
BRDA:523,45,1,0
BRDA:537,46,0,0
BRDA:537,46,1,0
BRDA:545,47,0,0
BRDA:545,47,1,0
BRDA:574,48,0,0
BRDA:574,48,1,0
BRDA:582,49,0,0
BRDA:582,49,1,0
BRDA:658,50,0,0
BRDA:658,50,1,0
BRDA:667,51,0,0
BRDA:667,51,1,0
BRDA:675,52,0,0
BRDA:675,52,1,0
BRDA:692,53,0,0
BRDA:692,53,1,0
BRDA:704,54,0,0
BRDA:704,54,1,0
BRDA:713,55,0,0
BRDA:713,55,1,0
BRDA:721,56,0,0
BRDA:721,56,1,0
BRF:107
BRH:0
end_of_record
TN:
SF:src\controllers\analyticsController.js
FN:11,(anonymous_0)
FN:189,(anonymous_1)
FN:297,(anonymous_2)
FN:432,(anonymous_3)
FN:555,(anonymous_4)
FN:684,(anonymous_5)
FN:763,(anonymous_6)
FN:798,(anonymous_7)
FNF:8
FNH:0
FNDA:0,(anonymous_0)
FNDA:0,(anonymous_1)
FNDA:0,(anonymous_2)
FNDA:0,(anonymous_3)
FNDA:0,(anonymous_4)
FNDA:0,(anonymous_5)
FNDA:0,(anonymous_6)
FNDA:0,(anonymous_7)
DA:1,0
DA:2,0
DA:3,0
DA:4,0
DA:5,0
DA:6,0
DA:11,0
DA:12,0
DA:13,0
DA:16,0
DA:17,0
DA:18,0
DA:19,0
DA:20,0
DA:24,0
DA:27,0
DA:30,0
DA:33,0
DA:36,0
DA:39,0
DA:58,0
DA:71,0
DA:84,0
DA:123,0
DA:146,0
DA:159,0
DA:178,0
DA:179,0
DA:189,0
DA:190,0
DA:191,0
DA:194,0
DA:195,0
DA:196,0
DA:197,0
DA:198,0
DA:202,0
DA:222,0
DA:232,0
DA:251,0
DA:276,0
DA:286,0
DA:287,0
DA:297,0
DA:298,0
DA:299,0
DA:302,0
DA:303,0
DA:304,0
DA:305,0
DA:306,0
DA:310,0
DA:327,0
DA:341,0
DA:370,0
DA:411,0
DA:421,0
DA:422,0
DA:432,0
DA:433,0
DA:434,0
DA:437,0
DA:438,0
DA:439,0
DA:440,0
DA:441,0
DA:445,0
DA:463,0
DA:476,0
DA:514,0
DA:534,0
DA:544,0
DA:545,0
DA:555,0
DA:556,0
DA:557,0
DA:560,0
DA:561,0
DA:562,0
DA:563,0
DA:564,0
DA:568,0
DA:582,0
DA:596,0
DA:634,0
DA:663,0
DA:673,0
DA:674,0
DA:684,0
DA:685,0
DA:686,0
DA:689,0
DA:690,0
DA:691,0
DA:692,0
DA:693,0
DA:697,0
DA:717,0
DA:744,0
DA:752,0
DA:753,0
DA:763,0
DA:764,0
DA:765,0
DA:767,0
DA:768,0
DA:774,0
DA:781,0
DA:787,0
DA:788,0
DA:798,0
DA:799,0
DA:800,0
DA:803,0
DA:804,0
DA:805,0
DA:806,0
DA:807,0
DA:808,0
DA:809,0
DA:812,0
DA:817,0
DA:823,0
DA:824,0
DA:831,0
LF:125
LH:0
BRDA:17,0,0,0
BRDA:17,0,1,0
BRDA:17,1,0,0
BRDA:17,1,1,0
BRDA:19,2,0,0
BRDA:19,2,1,0
BRDA:20,3,0,0
BRDA:20,3,1,0
BRDA:195,4,0,0
BRDA:195,4,1,0
BRDA:195,5,0,0
BRDA:195,5,1,0
BRDA:197,6,0,0
BRDA:197,6,1,0
BRDA:198,7,0,0
BRDA:198,7,1,0
BRDA:303,8,0,0
BRDA:303,8,1,0
BRDA:303,9,0,0
BRDA:303,9,1,0
BRDA:305,10,0,0
BRDA:305,10,1,0
BRDA:306,11,0,0
BRDA:306,11,1,0
BRDA:438,12,0,0
BRDA:438,12,1,0
BRDA:438,13,0,0
BRDA:438,13,1,0
BRDA:440,14,0,0
BRDA:440,14,1,0
BRDA:441,15,0,0
BRDA:441,15,1,0
BRDA:521,16,0,0
BRDA:521,16,1,0
BRDA:522,17,0,0
BRDA:522,17,1,0
BRDA:561,18,0,0
BRDA:561,18,1,0
BRDA:561,19,0,0
BRDA:561,19,1,0
BRDA:563,20,0,0
BRDA:563,20,1,0
BRDA:564,21,0,0
BRDA:564,21,1,0
BRDA:690,22,0,0
BRDA:690,22,1,0
BRDA:690,23,0,0
BRDA:690,23,1,0
BRDA:692,24,0,0
BRDA:692,24,1,0
BRDA:693,25,0,0
BRDA:693,25,1,0
BRDA:767,26,0,0
BRDA:767,26,1,0
BRDA:767,27,0,0
BRDA:767,27,1,0
BRDA:804,28,0,0
BRDA:804,28,1,0
BRDA:805,29,0,0
BRDA:805,29,1,0
BRDA:806,30,0,0
BRDA:806,30,1,0
BRDA:806,31,0,0
BRDA:806,31,1,0
BRDA:808,32,0,0
BRDA:808,32,1,0
BRDA:809,33,0,0
BRDA:809,33,1,0
BRF:68
BRH:0
end_of_record
TN:
SF:src\controllers\announcementController.js
FN:7,(anonymous_0)
FN:140,(anonymous_1)
FN:184,(anonymous_2)
FN:186,(anonymous_3)
FN:229,(anonymous_4)
FN:275,(anonymous_5)
FN:309,(anonymous_6)
FN:358,(anonymous_7)
FN:425,(anonymous_8)
FN:476,(anonymous_9)
FN:532,(anonymous_10)
FN:602,(anonymous_11)
FN:699,(anonymous_12)
FNF:13
FNH:0
FNDA:0,(anonymous_0)
FNDA:0,(anonymous_1)
FNDA:0,(anonymous_2)
FNDA:0,(anonymous_3)
FNDA:0,(anonymous_4)
FNDA:0,(anonymous_5)
FNDA:0,(anonymous_6)
FNDA:0,(anonymous_7)
FNDA:0,(anonymous_8)
FNDA:0,(anonymous_9)
FNDA:0,(anonymous_10)
FNDA:0,(anonymous_11)
FNDA:0,(anonymous_12)
DA:1,0
DA:2,0
DA:3,0
DA:4,0
DA:7,0
DA:8,0
DA:22,0
DA:24,0
DA:27,0
DA:28,0
DA:32,0
DA:33,0
DA:37,0
DA:38,0
DA:42,0
DA:43,0
DA:47,0
DA:48,0
DA:52,0
DA:53,0
DA:57,0
DA:58,0
DA:67,0
DA:68,0
DA:69,0
DA:73,0
DA:74,0
DA:75,0
DA:91,0
DA:92,0
DA:94,0
DA:102,0
DA:105,0
DA:112,0
DA:127,0
DA:132,0
DA:140,0
DA:141,0
DA:142,0
DA:147,0
DA:149,0
DA:163,0
DA:170,0
DA:171,0
DA:174,0
DA:181,0
DA:184,0
DA:185,0
DA:186,0
DA:189,0
DA:196,0
DA:202,0
DA:217,0
DA:221,0
DA:229,0
DA:230,0
DA:231,0
DA:232,0
DA:235,0
DA:236,0
DA:242,0
DA:252,0
DA:253,0
DA:260,0
DA:261,0
DA:262,0
DA:269,0
DA:270,0
DA:274,0
DA:275,0
DA:278,0
DA:285,0
DA:291,0
DA:296,0
DA:301,0
DA:309,0
DA:310,0
DA:311,0
DA:312,0
DA:320,0
DA:321,0
DA:327,0
DA:328,0
DA:330,0
DA:332,0
DA:339,0
DA:345,0
DA:350,0
DA:358,0
DA:359,0
DA:360,0
DA:361,0
DA:362,0
DA:364,0
DA:369,0
DA:370,0
DA:377,0
DA:378,0
DA:385,0
DA:391,0
DA:398,0
DA:405,0
DA:411,0
DA:417,0
DA:425,0
DA:426,0
DA:427,0
DA:428,0
DA:430,0
DA:435,0
DA:436,0
DA:443,0
DA:444,0
DA:450,0
DA:452,0
DA:458,0
DA:463,0
DA:468,0
DA:476,0
DA:477,0
DA:478,0
DA:479,0
DA:481,0
DA:487,0
DA:488,0
DA:495,0
DA:496,0
DA:497,0
DA:503,0
DA:505,0
DA:511,0
DA:519,0
DA:524,0
DA:532,0
DA:533,0
DA:534,0
DA:535,0
DA:536,0
DA:538,0
DA:539,0
DA:545,0
DA:551,0
DA:552,0
DA:559,0
DA:560,0
DA:561,0
DA:567,0
DA:570,0
DA:574,0
DA:580,0
DA:589,0
DA:594,0
DA:602,0
DA:603,0
DA:604,0
DA:607,0
DA:608,0
DA:614,0
DA:638,0
DA:654,0
DA:666,0
DA:670,0
DA:687,0
DA:691,0
DA:699,0
DA:700,0
DA:702,0
DA:706,0
DA:707,0
DA:711,0
DA:712,0
DA:715,0
DA:716,0
DA:719,0
DA:720,0
DA:723,0
DA:726,0
LF:177
LH:0
BRDA:12,0,0,0
BRDA:14,1,0,0
BRDA:15,2,0,0
BRDA:16,3,0,0
BRDA:17,4,0,0
BRDA:27,5,0,0
BRDA:27,5,1,0
BRDA:32,6,0,0
BRDA:32,6,1,0
BRDA:37,7,0,0
BRDA:37,7,1,0
BRDA:42,8,0,0
BRDA:42,8,1,0
BRDA:47,9,0,0
BRDA:47,9,1,0
BRDA:52,10,0,0
BRDA:52,10,1,0
BRDA:57,11,0,0
BRDA:57,11,1,0
BRDA:67,12,0,0
BRDA:67,12,1,0
BRDA:68,13,0,0
BRDA:68,13,1,0
BRDA:73,14,0,0
BRDA:73,14,1,0
BRDA:92,15,0,0
BRDA:92,15,1,0
BRDA:144,16,0,0
BRDA:145,17,0,0
BRDA:146,18,0,0
BRDA:170,19,0,0
BRDA:170,19,1,0
BRDA:235,20,0,0
BRDA:235,20,1,0
BRDA:252,21,0,0
BRDA:252,21,1,0
BRDA:261,22,0,0
BRDA:261,22,1,0
BRDA:269,23,0,0
BRDA:269,23,1,0
BRDA:274,24,0,0
BRDA:274,24,1,0
BRDA:282,25,0,0
BRDA:282,25,1,0
BRDA:320,26,0,0
BRDA:320,26,1,0
BRDA:320,27,0,0
BRDA:320,27,1,0
BRDA:320,27,2,0
BRDA:369,28,0,0
BRDA:369,28,1,0
BRDA:377,29,0,0
BRDA:377,29,1,0
BRDA:377,30,0,0
BRDA:377,30,1,0
BRDA:435,31,0,0
BRDA:435,31,1,0
BRDA:443,32,0,0
BRDA:443,32,1,0
BRDA:443,33,0,0
BRDA:443,33,1,0
BRDA:487,34,0,0
BRDA:487,34,1,0
BRDA:496,35,0,0
BRDA:496,35,1,0
BRDA:538,36,0,0
BRDA:538,36,1,0
BRDA:538,37,0,0
BRDA:538,37,1,0
BRDA:551,38,0,0
BRDA:551,38,1,0
BRDA:560,39,0,0
BRDA:560,39,1,0
BRDA:607,40,0,0
BRDA:607,40,1,0
BRDA:673,41,0,0
BRDA:673,41,1,0
BRDA:700,42,0,0
BRDA:700,42,1,0
BRDA:706,43,0,0
BRDA:706,43,1,0
BRDA:711,44,0,0
BRDA:711,44,1,0
BRDA:715,45,0,0
BRDA:715,45,1,0
BRDA:719,46,0,0
BRDA:719,46,1,0
BRDA:719,47,0,0
BRDA:719,47,1,0
BRF:89
BRH:0
end_of_record
TN:
SF:src\controllers\authController.js
FN:11,(anonymous_0)
FN:26,(anonymous_1)
FN:31,(anonymous_2)
FN:37,(anonymous_3)
FN:42,(anonymous_4)
FN:53,(anonymous_5)
FN:166,(anonymous_6)
FN:242,(anonymous_7)
FN:358,(anonymous_8)
FN:545,(anonymous_9)
FN:606,(anonymous_10)
FN:655,(anonymous_11)
FN:666,(anonymous_12)
FN:667,(anonymous_13)
FN:678,(anonymous_14)
FN:679,(anonymous_15)
FN:789,(anonymous_16)
FN:809,(anonymous_17)
FN:842,(anonymous_18)
FN:908,(anonymous_19)
FN:955,(anonymous_20)
FN:983,(anonymous_21)
FNF:22
FNH:9
FNDA:1,(anonymous_0)
FNDA:0,(anonymous_1)
FNDA:20,(anonymous_2)
FNDA:8,(anonymous_3)
FNDA:23,(anonymous_4)
FNDA:13,(anonymous_5)
FNDA:10,(anonymous_6)
FNDA:0,(anonymous_7)
FNDA:0,(anonymous_8)
FNDA:0,(anonymous_9)
FNDA:0,(anonymous_10)
FNDA:0,(anonymous_11)
FNDA:0,(anonymous_12)
FNDA:0,(anonymous_13)
FNDA:0,(anonymous_14)
FNDA:0,(anonymous_15)
FNDA:2,(anonymous_16)
FNDA:2,(anonymous_17)
FNDA:0,(anonymous_18)
FNDA:0,(anonymous_19)
FNDA:0,(anonymous_20)
FNDA:1,(anonymous_21)
DA:1,1
DA:2,1
DA:3,1
DA:4,1
DA:5,1
DA:6,1
DA:7,1
DA:11,1
DA:12,1
DA:19,1
DA:26,1
DA:27,0
DA:31,1
DA:32,20
DA:33,20
DA:37,1
DA:38,8
DA:42,1
DA:43,23
DA:53,1
DA:54,13
DA:55,13
DA:57,13
DA:58,13
DA:61,13
DA:62,1
DA:66,1
DA:74,12
DA:75,5
DA:80,5
DA:88,7
DA:89,7
DA:92,7
DA:93,1
DA:94,1
DA:95,1
DA:98,1
DA:99,0
DA:104,0
DA:114,7
DA:116,6
DA:117,0
DA:123,0
DA:131,6
DA:132,1
DA:133,1
DA:136,5
DA:143,5
DA:149,2
DA:154,2
DA:166,1
DA:167,10
DA:168,10
DA:170,10
DA:171,10
DA:174,10
DA:175,2
DA:181,2
DA:189,8
DA:190,0
DA:197,8
DA:198,4
DA:206,4
DA:208,4
DA:209,1
DA:216,1
DA:224,3
DA:226,3
DA:228,2
DA:229,2
DA:230,2
DA:231,0
DA:232,0
DA:233,0
DA:234,0
DA:237,0
DA:238,0
DA:241,0
DA:242,0
DA:243,0
DA:246,0
DA:247,0
DA:249,0
DA:256,0
DA:259,0
DA:261,0
DA:268,0
DA:290,1
DA:314,1
DA:316,1
DA:323,1
DA:341,2
DA:347,2
DA:358,1
DA:359,0
DA:360,0
DA:362,0
DA:363,0
DA:364,0
DA:367,0
DA:368,0
DA:376,0
DA:384,0
DA:385,0
DA:392,0
DA:393,0
DA:401,0
DA:402,0
DA:403,0
DA:411,0
DA:416,0
DA:417,0
DA:423,0
DA:431,0
DA:432,0
DA:433,0
DA:441,0
DA:460,0
DA:461,0
DA:469,0
DA:470,0
DA:471,0
DA:478,0
DA:489,0
DA:491,0
DA:499,0
DA:527,0
DA:534,0
DA:545,1
DA:546,0
DA:547,0
DA:549,0
DA:550,0
DA:551,0
DA:553,0
DA:554,0
DA:562,0
DA:564,0
DA:571,0
DA:588,0
DA:595,0
DA:606,1
DA:607,0
DA:608,0
DA:610,0
DA:611,0
DA:612,0
DA:614,0
DA:615,0
DA:623,0
DA:630,0
DA:655,0
DA:656,0
DA:657,0
DA:658,0
DA:661,0
DA:666,0
DA:667,0
DA:668,0
DA:669,0
DA:672,0
DA:673,0
DA:678,0
DA:679,0
DA:680,0
DA:681,0
DA:684,0
DA:685,0
DA:690,0
DA:691,0
DA:697,0
DA:698,0
DA:699,0
DA:706,0
DA:707,0
DA:708,0
DA:717,0
DA:718,0
DA:727,0
DA:728,0
DA:737,0
DA:740,0
DA:741,0
DA:743,0
DA:752,0
DA:771,0
DA:778,0
DA:789,1
DA:790,2
DA:791,2
DA:793,0
DA:798,2
DA:799,2
DA:809,1
DA:810,2
DA:811,2
DA:812,2
DA:814,2
DA:825,2
DA:831,0
DA:832,0
DA:842,1
DA:843,0
DA:844,0
DA:845,0
DA:851,0
DA:852,0
DA:854,0
DA:855,0
DA:862,0
DA:867,0
DA:868,0
DA:876,0
DA:877,0
DA:881,0
DA:887,0
DA:889,0
DA:897,0
DA:898,0
DA:908,1
DA:909,0
DA:910,0
DA:911,0
DA:917,0
DA:918,0
DA:920,0
DA:921,0
DA:927,0
DA:929,0
DA:930,0
DA:937,0
DA:942,0
DA:943,0
DA:951,0
DA:955,0
DA:963,0
DA:964,0
DA:966,0
DA:972,0
DA:973,0
DA:983,1
DA:984,1
DA:989,1
DA:994,0
DA:995,0
DA:1002,1
LF:246
LH:91
BRDA:27,0,0,0
BRDA:27,0,1,0
BRDA:27,0,2,0
BRDA:38,1,0,8
BRDA:38,1,1,8
BRDA:38,1,2,5
BRDA:44,2,0,23
BRDA:44,2,1,0
BRDA:44,2,2,0
BRDA:45,3,0,23
BRDA:45,3,1,0
BRDA:61,4,0,1
BRDA:61,4,1,12
BRDA:74,5,0,5
BRDA:74,5,1,7
BRDA:92,6,0,1
BRDA:92,6,1,6
BRDA:98,7,0,0
BRDA:98,7,1,1
BRDA:98,8,0,1
BRDA:98,8,1,0
BRDA:116,9,0,0
BRDA:116,9,1,6
BRDA:131,10,0,1
BRDA:131,10,1,5
BRDA:174,11,0,2
BRDA:174,11,1,8
BRDA:174,12,0,10
BRDA:174,12,1,10
BRDA:189,13,0,0
BRDA:189,13,1,8
BRDA:197,14,0,4
BRDA:197,14,1,4
BRDA:208,15,0,1
BRDA:208,15,1,3
BRDA:226,16,0,2
BRDA:226,16,1,1
BRDA:243,17,0,0
BRDA:243,17,1,0
BRDA:246,18,0,0
BRDA:246,18,1,0
BRDA:275,19,0,0
BRDA:275,19,1,0
BRDA:276,20,0,0
BRDA:276,20,1,0
BRDA:367,21,0,0
BRDA:367,21,1,0
BRDA:367,22,0,0
BRDA:367,22,1,0
BRDA:367,22,2,0
BRDA:384,23,0,0
BRDA:384,23,1,0
BRDA:384,24,0,0
BRDA:384,24,1,0
BRDA:392,25,0,0
BRDA:392,25,1,0
BRDA:392,26,0,0
BRDA:392,26,1,0
BRDA:402,27,0,0
BRDA:402,27,1,0
BRDA:416,28,0,0
BRDA:416,28,1,0
BRDA:432,29,0,0
BRDA:432,29,1,0
BRDA:454,30,0,0
BRDA:454,30,1,0
BRDA:460,31,0,0
BRDA:460,31,1,0
BRDA:553,32,0,0
BRDA:553,32,1,0
BRDA:614,33,0,0
BRDA:614,33,1,0
BRDA:656,34,0,0
BRDA:656,34,1,0
BRDA:668,35,0,0
BRDA:668,35,1,0
BRDA:680,36,0,0
BRDA:680,36,1,0
BRDA:707,37,0,0
BRDA:707,37,1,0
BRDA:717,38,0,0
BRDA:717,38,1,0
BRDA:717,39,0,0
BRDA:717,39,1,0
BRDA:727,40,0,0
BRDA:727,40,1,0
BRDA:727,41,0,0
BRDA:727,41,1,0
BRDA:844,42,0,0
BRDA:844,42,1,0
BRDA:854,43,0,0
BRDA:854,43,1,0
BRDA:867,44,0,0
BRDA:867,44,1,0
BRDA:876,45,0,0
BRDA:876,45,1,0
BRDA:876,46,0,0
BRDA:876,46,1,0
BRDA:910,47,0,0
BRDA:910,47,1,0
BRDA:910,48,0,0
BRDA:910,48,1,0
BRDA:920,49,0,0
BRDA:920,49,1,0
BRDA:920,50,0,0
BRDA:920,50,1,0
BRDA:920,50,2,0
BRDA:929,51,0,0
BRDA:929,51,1,0
BRDA:942,52,0,0
BRDA:942,52,1,0
BRF:111
BRH:27
end_of_record
TN:
SF:src\controllers\communicationController.js
FN:9,(anonymous_0)
FN:49,(anonymous_1)
FN:69,(anonymous_2)
FN:111,(anonymous_3)
FN:140,(anonymous_4)
FN:171,(anonymous_5)
FN:192,(anonymous_6)
FN:226,(anonymous_7)
FN:253,(anonymous_8)
FN:265,(anonymous_9)
FN:304,(anonymous_10)
FN:316,(anonymous_11)
FN:345,(anonymous_12)
FN:387,(anonymous_13)
FN:424,(anonymous_14)
FN:431,(anonymous_15)
FN:455,(anonymous_16)
FN:472,(anonymous_17)
FN:509,(anonymous_18)
FN:555,(anonymous_19)
FN:576,(anonymous_20)
FN:623,(anonymous_21)
FN:635,(anonymous_22)
FN:680,(anonymous_23)
FN:730,(anonymous_24)
FN:767,(anonymous_25)
FN:799,(anonymous_26)
FN:831,(anonymous_27)
FNF:28
FNH:0
FNDA:0,(anonymous_0)
FNDA:0,(anonymous_1)
FNDA:0,(anonymous_2)
FNDA:0,(anonymous_3)
FNDA:0,(anonymous_4)
FNDA:0,(anonymous_5)
FNDA:0,(anonymous_6)
FNDA:0,(anonymous_7)
FNDA:0,(anonymous_8)
FNDA:0,(anonymous_9)
FNDA:0,(anonymous_10)
FNDA:0,(anonymous_11)
FNDA:0,(anonymous_12)
FNDA:0,(anonymous_13)
FNDA:0,(anonymous_14)
FNDA:0,(anonymous_15)
FNDA:0,(anonymous_16)
FNDA:0,(anonymous_17)
FNDA:0,(anonymous_18)
FNDA:0,(anonymous_19)
FNDA:0,(anonymous_20)
FNDA:0,(anonymous_21)
FNDA:0,(anonymous_22)
FNDA:0,(anonymous_23)
FNDA:0,(anonymous_24)
FNDA:0,(anonymous_25)
FNDA:0,(anonymous_26)
FNDA:0,(anonymous_27)
DA:1,0
DA:2,0
DA:3,0
DA:4,0
DA:9,0
DA:10,0
DA:11,0
DA:12,0
DA:14,0
DA:25,0
DA:29,0
DA:38,0
DA:39,0
DA:49,0
DA:50,0
DA:51,0
DA:56,0
DA:61,0
DA:62,0
DA:69,0
DA:70,0
DA:77,0
DA:93,0
DA:95,0
DA:100,0
DA:101,0
DA:111,0
DA:112,0
DA:113,0
DA:115,0
DA:116,0
DA:123,0
DA:126,0
DA:131,0
DA:132,0
DA:140,0
DA:145,0
DA:152,0
DA:154,0
DA:160,0
DA:161,0
DA:171,0
DA:172,0
DA:173,0
DA:175,0
DA:176,0
DA:182,0
DA:184,0
DA:185,0
DA:192,0
DA:193,0
DA:200,0
DA:213,0
DA:218,0
DA:220,0
DA:223,0
DA:226,0
DA:236,0
DA:242,0
DA:243,0
DA:253,0
DA:254,0
DA:255,0
DA:257,0
DA:258,0
DA:265,0
DA:266,0
DA:273,0
DA:288,0
DA:293,0
DA:294,0
DA:304,0
DA:305,0
DA:306,0
DA:308,0
DA:309,0
DA:316,0
DA:317,0
DA:324,0
DA:327,0
DA:329,0
DA:334,0
DA:335,0
DA:345,0
DA:346,0
DA:347,0
DA:349,0
DA:350,0
DA:356,0
DA:363,0
DA:364,0
DA:371,0
DA:376,0
DA:377,0
DA:387,0
DA:388,0
DA:389,0
DA:391,0
DA:392,0
DA:398,0
DA:400,0
DA:401,0
DA:408,0
DA:413,0
DA:414,0
DA:424,0
DA:425,0
DA:427,0
DA:431,0
DA:434,0
DA:439,0
DA:444,0
DA:445,0
DA:455,0
DA:456,0
DA:457,0
DA:458,0
DA:460,0
DA:461,0
DA:468,0
DA:472,0
DA:474,0
DA:484,0
DA:489,0
DA:498,0
DA:499,0
DA:509,0
DA:510,0
DA:511,0
DA:513,0
DA:521,0
DA:522,0
DA:523,0
DA:529,0
DA:530,0
DA:537,0
DA:539,0
DA:544,0
DA:545,0
DA:555,0
DA:556,0
DA:557,0
DA:559,0
DA:560,0
DA:566,0
DA:568,0
DA:569,0
DA:576,0
DA:577,0
DA:583,0
DA:585,0
DA:586,0
DA:593,0
DA:594,0
DA:600,0
DA:601,0
DA:602,0
DA:604,0
DA:606,0
DA:612,0
DA:613,0
DA:623,0
DA:624,0
DA:625,0
DA:627,0
DA:628,0
DA:635,0
DA:636,0
DA:642,0
DA:644,0
DA:645,0
DA:652,0
DA:653,0
DA:660,0
DA:661,0
DA:662,0
DA:664,0
DA:669,0
DA:670,0
DA:680,0
DA:681,0
DA:682,0
DA:683,0
DA:686,0
DA:695,0
DA:696,0
DA:699,0
DA:700,0
DA:703,0
DA:708,0
DA:710,0
DA:719,0
DA:720,0
DA:730,0
DA:731,0
DA:732,0
DA:734,0
DA:739,0
DA:740,0
DA:746,0
DA:747,0
DA:748,0
DA:750,0
DA:756,0
DA:757,0
DA:767,0
DA:768,0
DA:769,0
DA:780,0
DA:788,0
DA:789,0
DA:799,0
DA:800,0
DA:801,0
DA:803,0
DA:808,0
DA:809,0
DA:815,0
DA:820,0
DA:821,0
DA:831,0
DA:832,0
DA:833,0
DA:835,0
DA:843,0
DA:844,0
DA:847,0
DA:849,0
DA:854,0
DA:855,0
DA:862,0
LF:231
LH:0
BRDA:11,0,0,0
BRDA:11,1,0,0
BRDA:61,2,0,0
BRDA:61,2,1,0
BRDA:69,3,0,0
BRDA:69,3,1,0
BRDA:113,4,0,0
BRDA:113,5,0,0
BRDA:115,6,0,0
BRDA:115,6,1,0
BRDA:115,7,0,0
BRDA:115,7,1,0
BRDA:115,7,2,0
BRDA:131,8,0,0
BRDA:131,8,1,0
BRDA:142,9,0,0
BRDA:142,9,1,0
BRDA:148,10,0,0
BRDA:148,10,1,0
BRDA:149,11,0,0
BRDA:149,11,1,0
BRDA:173,12,0,0
BRDA:173,13,0,0
BRDA:175,14,0,0
BRDA:175,14,1,0
BRDA:184,15,0,0
BRDA:184,15,1,0
BRDA:192,16,0,0
BRDA:192,16,1,0
BRDA:257,17,0,0
BRDA:257,17,1,0
BRDA:265,18,0,0
BRDA:265,18,1,0
BRDA:308,19,0,0
BRDA:308,19,1,0
BRDA:316,20,0,0
BRDA:316,20,1,0
BRDA:349,21,0,0
BRDA:349,21,1,0
BRDA:349,22,0,0
BRDA:349,22,1,0
BRDA:349,22,2,0
BRDA:363,23,0,0
BRDA:363,23,1,0
BRDA:391,24,0,0
BRDA:391,24,1,0
BRDA:391,25,0,0
BRDA:391,25,1,0
BRDA:400,26,0,0
BRDA:400,26,1,0
BRDA:457,27,0,0
BRDA:457,28,0,0
BRDA:460,29,0,0
BRDA:460,29,1,0
BRDA:522,30,0,0
BRDA:522,30,1,0
BRDA:529,31,0,0
BRDA:529,31,1,0
BRDA:559,32,0,0
BRDA:559,32,1,0
BRDA:568,33,0,0
BRDA:568,33,1,0
BRDA:576,34,0,0
BRDA:576,34,1,0
BRDA:585,35,0,0
BRDA:585,35,1,0
BRDA:593,36,0,0
BRDA:593,36,1,0
BRDA:627,37,0,0
BRDA:627,37,1,0
BRDA:635,38,0,0
BRDA:635,38,1,0
BRDA:644,39,0,0
BRDA:644,39,1,0
BRDA:652,40,0,0
BRDA:652,40,1,0
BRDA:682,41,0,0
BRDA:682,42,0,0
BRDA:695,43,0,0
BRDA:695,43,1,0
BRDA:699,44,0,0
BRDA:699,44,1,0
BRDA:739,45,0,0
BRDA:739,45,1,0
BRDA:808,46,0,0
BRDA:808,46,1,0
BRDA:843,47,0,0
BRDA:843,47,1,0
BRF:88
BRH:0
end_of_record
TN:
SF:src\controllers\facilityCareController.js
FN:10,(anonymous_0)
FN:85,(anonymous_1)
FN:128,(anonymous_2)
FN:176,(anonymous_3)
FN:237,(anonymous_4)
FN:276,(anonymous_5)
FN:302,(anonymous_6)
FN:309,(anonymous_7)
FN:310,(anonymous_8)
FN:343,(anonymous_9)
FN:396,(anonymous_10)
FN:487,(anonymous_11)
FN:560,(anonymous_12)
FN:581,(anonymous_13)
FN:594,(anonymous_14)
FN:615,(anonymous_15)
FN:637,(anonymous_16)
FN:670,(anonymous_17)
FN:686,(anonymous_18)
FN:687,(anonymous_19)
FN:718,(anonymous_20)
FNF:21
FNH:0
FNDA:0,(anonymous_0)
FNDA:0,(anonymous_1)
FNDA:0,(anonymous_2)
FNDA:0,(anonymous_3)
FNDA:0,(anonymous_4)
FNDA:0,(anonymous_5)
FNDA:0,(anonymous_6)
FNDA:0,(anonymous_7)
FNDA:0,(anonymous_8)
FNDA:0,(anonymous_9)
FNDA:0,(anonymous_10)
FNDA:0,(anonymous_11)
FNDA:0,(anonymous_12)
FNDA:0,(anonymous_13)
FNDA:0,(anonymous_14)
FNDA:0,(anonymous_15)
FNDA:0,(anonymous_16)
FNDA:0,(anonymous_17)
FNDA:0,(anonymous_18)
FNDA:0,(anonymous_19)
FNDA:0,(anonymous_20)
DA:1,0
DA:2,0
DA:3,0
DA:4,0
DA:5,0
DA:10,0
DA:11,0
DA:21,0
DA:24,0
DA:27,0
DA:28,0
DA:36,0
DA:37,0
DA:41,0
DA:42,0
DA:46,0
DA:47,0
DA:51,0
DA:52,0
DA:54,0
DA:56,0
DA:63,0
DA:65,0
DA:74,0
DA:75,0
DA:85,0
DA:86,0
DA:88,0
DA:89,0
DA:95,0
DA:101,0
DA:102,0
DA:109,0
DA:110,0
DA:112,0
DA:117,0
DA:118,0
DA:128,0
DA:129,0
DA:130,0
DA:136,0
DA:137,0
DA:138,0
DA:139,0
DA:141,0
DA:142,0
DA:143,0
DA:149,0
DA:154,0
DA:156,0
DA:157,0
DA:159,0
DA:165,0
DA:166,0
DA:176,0
DA:177,0
DA:178,0
DA:180,0
DA:181,0
DA:188,0
DA:189,0
DA:196,0
DA:198,0
DA:199,0
DA:200,0
DA:202,0
DA:203,0
DA:204,0
DA:210,0
DA:215,0
DA:220,0
DA:226,0
DA:227,0
DA:237,0
DA:238,0
DA:239,0
DA:241,0
DA:242,0
DA:249,0
DA:250,0
DA:257,0
DA:258,0
DA:260,0
DA:265,0
DA:266,0
DA:276,0
DA:277,0
DA:278,0
DA:279,0
DA:285,0
DA:287,0
DA:288,0
DA:295,0
DA:296,0
DA:302,0
DA:303,0
DA:306,0
DA:308,0
DA:309,0
DA:310,0
DA:315,0
DA:316,0
DA:323,0
DA:324,0
DA:326,0
DA:332,0
DA:333,0
DA:343,0
DA:344,0
DA:345,0
DA:347,0
DA:349,0
DA:350,0
DA:357,0
DA:358,0
DA:364,0
DA:366,0
DA:367,0
DA:374,0
DA:377,0
DA:378,0
DA:380,0
DA:385,0
DA:386,0
DA:396,0
DA:397,0
DA:405,0
DA:407,0
DA:408,0
DA:414,0
DA:416,0
DA:417,0
DA:424,0
DA:425,0
DA:432,0
DA:433,0
DA:434,0
DA:440,0
DA:452,0
DA:453,0
DA:456,0
DA:470,0
DA:476,0
DA:477,0
DA:487,0
DA:488,0
DA:489,0
DA:490,0
DA:492,0
DA:493,0
DA:499,0
DA:501,0
DA:502,0
DA:509,0
DA:510,0
DA:516,0
DA:518,0
DA:519,0
DA:525,0
DA:526,0
DA:528,0
DA:531,0
DA:543,0
DA:549,0
DA:550,0
DA:560,0
DA:561,0
DA:562,0
DA:564,0
DA:565,0
DA:571,0
DA:573,0
DA:574,0
DA:581,0
DA:582,0
DA:586,0
DA:587,0
DA:594,0
DA:595,0
DA:598,0
DA:599,0
DA:605,0
DA:612,0
DA:615,0
DA:616,0
DA:618,0
DA:620,0
DA:626,0
DA:627,0
DA:637,0
DA:638,0
DA:639,0
DA:640,0
DA:642,0
DA:648,0
DA:650,0
DA:659,0
DA:660,0
DA:670,0
DA:671,0
DA:672,0
DA:673,0
DA:675,0
DA:685,0
DA:686,0
DA:687,0
DA:688,0
DA:689,0
DA:701,0
DA:707,0
DA:708,0
DA:718,0
DA:719,0
DA:720,0
DA:722,0
DA:723,0
DA:729,0
DA:731,0
DA:749,0
DA:762,0
DA:771,0
DA:772,0
DA:779,0
LF:223
LH:0
BRDA:17,0,0,0
BRDA:18,1,0,0
BRDA:19,2,0,0
BRDA:20,3,0,0
BRDA:27,4,0,0
BRDA:27,4,1,0
BRDA:36,5,0,0
BRDA:36,5,1,0
BRDA:41,6,0,0
BRDA:41,6,1,0
BRDA:46,7,0,0
BRDA:46,7,1,0
BRDA:52,8,0,0
BRDA:52,8,1,0
BRDA:88,9,0,0
BRDA:88,9,1,0
BRDA:101,10,0,0
BRDA:101,10,1,0
BRDA:136,11,0,0
BRDA:136,11,1,0
BRDA:141,12,0,0
BRDA:141,12,1,0
BRDA:141,13,0,0
BRDA:141,13,1,0
BRDA:180,14,0,0
BRDA:180,14,1,0
BRDA:188,15,0,0
BRDA:188,15,1,0
BRDA:196,16,0,0
BRDA:196,16,1,0
BRDA:196,17,0,0
BRDA:196,17,1,0
BRDA:202,18,0,0
BRDA:202,18,1,0
BRDA:202,19,0,0
BRDA:202,19,1,0
BRDA:241,20,0,0
BRDA:241,20,1,0
BRDA:249,21,0,0
BRDA:249,21,1,0
BRDA:278,22,0,0
BRDA:278,22,1,0
BRDA:278,23,0,0
BRDA:278,23,1,0
BRDA:287,24,0,0
BRDA:287,24,1,0
BRDA:295,25,0,0
BRDA:295,25,1,0
BRDA:315,26,0,0
BRDA:315,26,1,0
BRDA:349,27,0,0
BRDA:349,27,1,0
BRDA:357,28,0,0
BRDA:357,28,1,0
BRDA:366,29,0,0
BRDA:366,29,1,0
BRDA:407,30,0,0
BRDA:407,30,1,0
BRDA:407,31,0,0
BRDA:407,31,1,0
BRDA:407,31,2,0
BRDA:407,31,3,0
BRDA:416,32,0,0
BRDA:416,32,1,0
BRDA:424,33,0,0
BRDA:424,33,1,0
BRDA:433,34,0,0
BRDA:433,34,1,0
BRDA:492,35,0,0
BRDA:492,35,1,0
BRDA:501,36,0,0
BRDA:501,36,1,0
BRDA:509,37,0,0
BRDA:509,37,1,0
BRDA:518,38,0,0
BRDA:518,38,1,0
BRDA:564,39,0,0
BRDA:564,39,1,0
BRDA:564,40,0,0
BRDA:564,40,1,0
BRDA:564,40,2,0
BRDA:573,41,0,0
BRDA:573,41,1,0
BRDA:582,42,0,0
BRDA:582,42,1,0
BRDA:586,43,0,0
BRDA:586,43,1,0
BRDA:598,44,0,0
BRDA:598,44,1,0
BRDA:639,45,0,0
BRDA:639,46,0,0
BRDA:672,47,0,0
BRDA:672,48,0,0
BRDA:688,49,0,0
BRDA:688,49,1,0
BRDA:720,50,0,0
BRDA:720,51,0,0
BRDA:720,52,0,0
BRDA:722,53,0,0
BRDA:722,53,1,0
BRDA:722,54,0,0
BRDA:722,54,1,0
BRF:102
BRH:0
end_of_record
TN:
SF:src\controllers\financeController.js
FN:14,(anonymous_0)
FN:115,(anonymous_1)
FN:135,(anonymous_2)
FN:140,(anonymous_3)
FN:143,(anonymous_4)
FN:169,(anonymous_5)
FN:280,(anonymous_6)
FN:302,(anonymous_7)
FN:307,(anonymous_8)
FN:316,(anonymous_9)
FN:320,(anonymous_10)
FN:331,(anonymous_11)
FN:348,(anonymous_12)
FN:363,(anonymous_13)
FN:415,(anonymous_14)
FN:502,(anonymous_15)
FN:591,(anonymous_16)
FN:628,(anonymous_17)
FN:635,(anonymous_18)
FN:663,(anonymous_19)
FN:687,(anonymous_20)
FN:732,(anonymous_21)
FN:739,(anonymous_22)
FN:789,(anonymous_23)
FN:821,(anonymous_24)
FNF:25
FNH:0
FNDA:0,(anonymous_0)
FNDA:0,(anonymous_1)
FNDA:0,(anonymous_2)
FNDA:0,(anonymous_3)
FNDA:0,(anonymous_4)
FNDA:0,(anonymous_5)
FNDA:0,(anonymous_6)
FNDA:0,(anonymous_7)
FNDA:0,(anonymous_8)
FNDA:0,(anonymous_9)
FNDA:0,(anonymous_10)
FNDA:0,(anonymous_11)
FNDA:0,(anonymous_12)
FNDA:0,(anonymous_13)
FNDA:0,(anonymous_14)
FNDA:0,(anonymous_15)
FNDA:0,(anonymous_16)
FNDA:0,(anonymous_17)
FNDA:0,(anonymous_18)
FNDA:0,(anonymous_19)
FNDA:0,(anonymous_20)
FNDA:0,(anonymous_21)
FNDA:0,(anonymous_22)
FNDA:0,(anonymous_23)
FNDA:0,(anonymous_24)
DA:1,0
DA:2,0
DA:3,0
DA:4,0
DA:5,0
DA:6,0
DA:7,0
DA:8,0
DA:9,0
DA:14,0
DA:15,0
DA:16,0
DA:19,0
DA:21,0
DA:22,0
DA:29,0
DA:35,0
DA:36,0
DA:37,0
DA:39,0
DA:58,0
DA:77,0
DA:93,0
DA:104,0
DA:105,0
DA:115,0
DA:116,0
DA:117,0
DA:118,0
DA:120,0
DA:122,0
DA:123,0
DA:130,0
DA:131,0
DA:132,0
DA:134,0
DA:136,0
DA:137,0
DA:138,0
DA:140,0
DA:143,0
DA:144,0
DA:145,0
DA:146,0
DA:149,0
DA:158,0
DA:159,0
DA:169,0
DA:170,0
DA:171,0
DA:174,0
DA:175,0
DA:176,0
DA:177,0
DA:178,0
DA:182,0
DA:209,0
DA:242,0
DA:260,0
DA:269,0
DA:270,0
DA:280,0
DA:281,0
DA:282,0
DA:285,0
DA:286,0
DA:287,0
DA:288,0
DA:289,0
DA:292,0
DA:294,0
DA:295,0
DA:302,0
DA:303,0
DA:306,0
DA:307,0
DA:308,0
DA:309,0
DA:310,0
DA:311,0
DA:315,0
DA:316,0
DA:320,0
DA:321,0
DA:322,0
DA:323,0
DA:325,0
DA:326,0
DA:327,0
DA:331,0
DA:332,0
DA:333,0
DA:334,0
DA:335,0
DA:337,0
DA:338,0
DA:339,0
DA:342,0
DA:348,0
DA:352,0
DA:353,0
DA:363,0
DA:364,0
DA:365,0
DA:367,0
DA:368,0
DA:374,0
DA:376,0
DA:377,0
DA:380,0
DA:390,0
DA:393,0
DA:394,0
DA:396,0
DA:398,0
DA:404,0
DA:405,0
DA:415,0
DA:416,0
DA:417,0
DA:419,0
DA:420,0
DA:426,0
DA:428,0
DA:429,0
DA:436,0
DA:437,0
DA:444,0
DA:445,0
DA:446,0
DA:452,0
DA:463,0
DA:466,0
DA:467,0
DA:468,0
DA:470,0
DA:473,0
DA:485,0
DA:491,0
DA:492,0
DA:502,0
DA:503,0
DA:504,0
DA:505,0
DA:507,0
DA:508,0
DA:515,0
DA:520,0
DA:521,0
DA:527,0
DA:529,0
DA:530,0
DA:536,0
DA:537,0
DA:543,0
DA:544,0
DA:545,0
DA:546,0
DA:548,0
DA:550,0
DA:551,0
DA:553,0
DA:554,0
DA:557,0
DA:558,0
DA:561,0
DA:562,0
DA:574,0
DA:580,0
DA:581,0
DA:591,0
DA:592,0
DA:593,0
DA:595,0
DA:597,0
DA:598,0
DA:605,0
DA:606,0
DA:607,0
DA:609,0
DA:628,0
DA:629,0
DA:630,0
DA:635,0
DA:638,0
DA:655,0
DA:663,0
DA:671,0
DA:676,0
DA:677,0
DA:687,0
DA:688,0
DA:689,0
DA:692,0
DA:693,0
DA:694,0
DA:695,0
DA:696,0
DA:699,0
DA:701,0
DA:702,0
DA:708,0
DA:710,0
DA:713,0
DA:732,0
DA:733,0
DA:734,0
DA:735,0
DA:736,0
DA:739,0
DA:741,0
DA:749,0
DA:753,0
DA:787,0
DA:789,0
DA:796,0
DA:799,0
DA:805,0
DA:810,0
DA:811,0
DA:821,0
DA:822,0
DA:823,0
DA:825,0
DA:827,0
DA:828,0
DA:832,0
DA:833,0
DA:834,0
DA:836,0
DA:837,0
DA:839,0
DA:845,0
DA:846,0
DA:853,0
LF:235
LH:0
BRDA:21,0,0,0
BRDA:21,0,1,0
BRDA:97,1,0,0
BRDA:97,1,1,0
BRDA:98,2,0,0
BRDA:98,2,1,0
BRDA:99,3,0,0
BRDA:99,3,1,0
BRDA:100,4,0,0
BRDA:100,4,1,0
BRDA:117,5,0,0
BRDA:117,6,0,0
BRDA:122,7,0,0
BRDA:122,7,1,0
BRDA:131,8,0,0
BRDA:131,8,1,0
BRDA:132,9,0,0
BRDA:132,9,1,0
BRDA:136,10,0,0
BRDA:136,10,1,0
BRDA:136,11,0,0
BRDA:136,11,1,0
BRDA:137,12,0,0
BRDA:137,12,1,0
BRDA:137,13,0,0
BRDA:137,13,1,0
BRDA:144,14,0,0
BRDA:144,14,1,0
BRDA:144,15,0,0
BRDA:144,15,1,0
BRDA:145,16,0,0
BRDA:145,16,1,0
BRDA:145,17,0,0
BRDA:145,17,1,0
BRDA:171,18,0,0
BRDA:175,19,0,0
BRDA:175,19,1,0
BRDA:175,20,0,0
BRDA:175,20,1,0
BRDA:177,21,0,0
BRDA:177,21,1,0
BRDA:178,22,0,0
BRDA:178,22,1,0
BRDA:196,23,0,0
BRDA:196,23,1,0
BRDA:265,24,0,0
BRDA:265,24,1,0
BRDA:286,25,0,0
BRDA:286,25,1,0
BRDA:286,26,0,0
BRDA:286,26,1,0
BRDA:288,27,0,0
BRDA:288,27,1,0
BRDA:289,28,0,0
BRDA:289,28,1,0
BRDA:294,29,0,0
BRDA:294,29,1,0
BRDA:303,30,0,0
BRDA:303,30,1,0
BRDA:306,31,0,0
BRDA:306,31,1,0
BRDA:306,32,0,0
BRDA:306,32,1,0
BRDA:309,33,0,0
BRDA:309,33,1,0
BRDA:309,34,0,0
BRDA:309,34,1,0
BRDA:310,35,0,0
BRDA:310,35,1,0
BRDA:310,36,0,0
BRDA:310,36,1,0
BRDA:315,37,0,0
BRDA:315,37,1,0
BRDA:321,38,0,0
BRDA:321,38,1,0
BRDA:322,39,0,0
BRDA:322,39,1,0
BRDA:334,40,0,0
BRDA:334,40,1,0
BRDA:367,41,0,0
BRDA:367,41,1,0
BRDA:367,42,0,0
BRDA:367,42,1,0
BRDA:367,42,2,0
BRDA:376,43,0,0
BRDA:376,43,1,0
BRDA:385,44,0,0
BRDA:385,44,1,0
BRDA:419,45,0,0
BRDA:419,45,1,0
BRDA:419,46,0,0
BRDA:419,46,1,0
BRDA:419,46,2,0
BRDA:428,47,0,0
BRDA:428,47,1,0
BRDA:436,48,0,0
BRDA:436,48,1,0
BRDA:445,49,0,0
BRDA:445,49,1,0
BRDA:507,50,0,0
BRDA:507,50,1,0
BRDA:520,51,0,0
BRDA:520,51,1,0
BRDA:529,52,0,0
BRDA:529,52,1,0
BRDA:536,53,0,0
BRDA:536,53,1,0
BRDA:548,54,0,0
BRDA:548,54,1,0
BRDA:551,55,0,0
BRDA:551,55,1,0
BRDA:597,56,0,0
BRDA:597,56,1,0
BRDA:605,57,0,0
BRDA:605,57,1,0
BRDA:630,58,0,0
BRDA:630,58,1,0
BRDA:630,58,2,0
BRDA:656,59,0,0
BRDA:656,59,1,0
BRDA:657,60,0,0
BRDA:657,60,1,0
BRDA:658,61,0,0
BRDA:658,61,1,0
BRDA:660,62,0,0
BRDA:660,62,1,0
BRDA:661,63,0,0
BRDA:661,63,1,0
BRDA:662,64,0,0
BRDA:662,64,1,0
BRDA:662,65,0,0
BRDA:662,65,1,0
BRDA:689,66,0,0
BRDA:693,67,0,0
BRDA:693,67,1,0
BRDA:693,68,0,0
BRDA:693,68,1,0
BRDA:695,69,0,0
BRDA:695,69,1,0
BRDA:696,70,0,0
BRDA:696,70,1,0
BRDA:701,71,0,0
BRDA:701,71,1,0
BRDA:710,72,0,0
BRDA:710,72,1,0
BRDA:710,72,2,0
BRDA:734,73,0,0
BRDA:734,73,1,0
BRDA:734,74,0,0
BRDA:734,74,1,0
BRDA:735,75,0,0
BRDA:735,75,1,0
BRDA:735,76,0,0
BRDA:735,76,1,0
BRDA:742,77,0,0
BRDA:742,77,1,0
BRDA:743,78,0,0
BRDA:743,78,1,0
BRDA:744,79,0,0
BRDA:744,79,1,0
BRDA:746,80,0,0
BRDA:746,80,1,0
BRDA:827,81,0,0
BRDA:827,81,1,0
BRDA:832,82,0,0
BRDA:832,82,1,0
BRDA:833,83,0,0
BRDA:833,83,1,0
BRDA:834,84,0,0
BRDA:834,84,1,0
BRF:170
BRH:0
end_of_record
TN:
SF:src\controllers\jobController.js
FN:24,(anonymous_0)
FN:149,(anonymous_1)
FN:182,(anonymous_2)
FN:205,(anonymous_3)
FN:242,(anonymous_4)
FN:278,(anonymous_5)
FN:318,(anonymous_6)
FN:355,(anonymous_7)
FN:379,(anonymous_8)
FN:455,(anonymous_9)
FN:481,(anonymous_10)
FN:508,(anonymous_11)
FN:579,(anonymous_12)
FN:596,(anonymous_13)
FN:598,(anonymous_14)
FN:620,(anonymous_15)
FN:647,(anonymous_16)
FN:685,(anonymous_17)
FN:749,(anonymous_18)
FN:773,(anonymous_19)
FN:774,(anonymous_20)
FN:775,(anonymous_21)
FN:776,(anonymous_22)
FN:777,(anonymous_23)
FN:778,(anonymous_24)
FN:781,(anonymous_25)
FN:804,(anonymous_26)
FNF:27
FNH:0
FNDA:0,(anonymous_0)
FNDA:0,(anonymous_1)
FNDA:0,(anonymous_2)
FNDA:0,(anonymous_3)
FNDA:0,(anonymous_4)
FNDA:0,(anonymous_5)
FNDA:0,(anonymous_6)
FNDA:0,(anonymous_7)
FNDA:0,(anonymous_8)
FNDA:0,(anonymous_9)
FNDA:0,(anonymous_10)
FNDA:0,(anonymous_11)
FNDA:0,(anonymous_12)
FNDA:0,(anonymous_13)
FNDA:0,(anonymous_14)
FNDA:0,(anonymous_15)
FNDA:0,(anonymous_16)
FNDA:0,(anonymous_17)
FNDA:0,(anonymous_18)
FNDA:0,(anonymous_19)
FNDA:0,(anonymous_20)
FNDA:0,(anonymous_21)
FNDA:0,(anonymous_22)
FNDA:0,(anonymous_23)
FNDA:0,(anonymous_24)
FNDA:0,(anonymous_25)
FNDA:0,(anonymous_26)
DA:1,0
DA:2,0
DA:3,0
DA:4,0
DA:5,0
DA:10,0
DA:18,0
DA:24,0
DA:25,0
DA:42,0
DA:45,0
DA:46,0
DA:47,0
DA:50,0
DA:53,0
DA:54,0
DA:55,0
DA:56,0
DA:60,0
DA:61,0
DA:62,0
DA:63,0
DA:67,0
DA:68,0
DA:76,0
DA:79,0
DA:80,0
DA:84,0
DA:85,0
DA:86,0
DA:87,0
DA:90,0
DA:91,0
DA:97,0
DA:98,0
DA:102,0
DA:103,0
DA:104,0
DA:105,0
DA:109,0
DA:110,0
DA:114,0
DA:115,0
DA:116,0
DA:120,0
DA:121,0
DA:122,0
DA:124,0
DA:127,0
DA:129,0
DA:137,0
DA:138,0
DA:140,0
DA:142,0
DA:149,0
DA:150,0
DA:152,0
DA:153,0
DA:160,0
DA:165,0
DA:166,0
DA:170,0
DA:171,0
DA:173,0
DA:175,0
DA:182,0
DA:183,0
DA:184,0
DA:190,0
DA:191,0
DA:192,0
DA:196,0
DA:197,0
DA:198,0
DA:204,0
DA:205,0
DA:206,0
DA:207,0
DA:209,0
DA:210,0
DA:212,0
DA:213,0
DA:218,0
DA:223,0
DA:225,0
DA:231,0
DA:232,0
DA:242,0
DA:243,0
DA:244,0
DA:246,0
DA:247,0
DA:254,0
DA:255,0
DA:262,0
DA:264,0
DA:265,0
DA:269,0
DA:270,0
DA:271,0
DA:277,0
DA:278,0
DA:279,0
DA:280,0
DA:282,0
DA:283,0
DA:285,0
DA:286,0
DA:291,0
DA:296,0
DA:301,0
DA:307,0
DA:308,0
DA:318,0
DA:319,0
DA:320,0
DA:322,0
DA:323,0
DA:330,0
DA:331,0
DA:337,0
DA:339,0
DA:344,0
DA:345,0
DA:355,0
DA:356,0
DA:357,0
DA:358,0
DA:359,0
DA:361,0
DA:362,0
DA:363,0
DA:370,0
DA:371,0
DA:378,0
DA:379,0
DA:382,0
DA:383,0
DA:390,0
DA:391,0
DA:392,0
DA:397,0
DA:398,0
DA:406,0
DA:415,0
DA:418,0
DA:419,0
DA:420,0
DA:422,0
DA:423,0
DA:435,0
DA:439,0
DA:444,0
DA:445,0
DA:455,0
DA:456,0
DA:457,0
DA:460,0
DA:461,0
DA:468,0
DA:469,0
DA:475,0
DA:477,0
DA:480,0
DA:481,0
DA:485,0
DA:486,0
DA:488,0
DA:497,0
DA:498,0
DA:508,0
DA:509,0
DA:510,0
DA:511,0
DA:513,0
DA:514,0
DA:515,0
DA:522,0
DA:523,0
DA:529,0
DA:530,0
DA:531,0
DA:537,0
DA:538,0
DA:539,0
DA:542,0
DA:545,0
DA:546,0
DA:547,0
DA:548,0
DA:559,0
DA:562,0
DA:568,0
DA:569,0
DA:579,0
DA:580,0
DA:581,0
DA:582,0
DA:584,0
DA:585,0
DA:586,0
DA:589,0
DA:595,0
DA:596,0
DA:597,0
DA:598,0
DA:600,0
DA:601,0
DA:619,0
DA:620,0
DA:624,0
DA:625,0
DA:627,0
DA:636,0
DA:637,0
DA:647,0
DA:648,0
DA:649,0
DA:650,0
DA:652,0
DA:653,0
DA:655,0
DA:657,0
DA:663,0
DA:665,0
DA:674,0
DA:675,0
DA:685,0
DA:686,0
DA:687,0
DA:688,0
DA:694,0
DA:695,0
DA:696,0
DA:703,0
DA:704,0
DA:711,0
DA:716,0
DA:717,0
DA:725,0
DA:730,0
DA:732,0
DA:738,0
DA:739,0
DA:749,0
DA:750,0
DA:751,0
DA:753,0
DA:754,0
DA:761,0
DA:762,0
DA:768,0
DA:773,0
DA:774,0
DA:775,0
DA:776,0
DA:777,0
DA:778,0
DA:782,0
DA:783,0
DA:788,0
DA:793,0
DA:794,0
DA:804,0
DA:805,0
DA:819,0
DA:821,0
DA:833,0
DA:839,0
DA:845,0
DA:854,0
DA:855,0
DA:862,0
LF:273
LH:0
BRDA:37,0,0,0
BRDA:38,1,0,0
BRDA:39,2,0,0
BRDA:40,3,0,0
BRDA:46,4,0,0
BRDA:46,4,1,0
BRDA:53,5,0,0
BRDA:53,5,1,0
BRDA:55,6,0,0
BRDA:55,6,1,0
BRDA:60,7,0,0
BRDA:60,7,1,0
BRDA:62,8,0,0
BRDA:62,8,1,0
BRDA:67,9,0,0
BRDA:67,9,1,0
BRDA:67,10,0,0
BRDA:67,10,1,0
BRDA:67,10,2,0
BRDA:79,11,0,0
BRDA:79,11,1,0
BRDA:84,12,0,0
BRDA:84,12,1,0
BRDA:85,13,0,0
BRDA:85,13,1,0
BRDA:86,14,0,0
BRDA:86,14,1,0
BRDA:87,15,0,0
BRDA:87,15,1,0
BRDA:90,16,0,0
BRDA:90,16,1,0
BRDA:97,17,0,0
BRDA:97,17,1,0
BRDA:102,18,0,0
BRDA:102,18,1,0
BRDA:102,19,0,0
BRDA:102,19,1,0
BRDA:104,20,0,0
BRDA:104,20,1,0
BRDA:105,21,0,0
BRDA:105,21,1,0
BRDA:109,22,0,0
BRDA:109,22,1,0
BRDA:114,23,0,0
BRDA:114,23,1,0
BRDA:121,24,0,0
BRDA:121,24,1,0
BRDA:121,25,0,0
BRDA:121,25,1,0
BRDA:124,26,0,0
BRDA:124,26,1,0
BRDA:152,27,0,0
BRDA:152,27,1,0
BRDA:165,28,0,0
BRDA:165,28,1,0
BRDA:170,29,0,0
BRDA:170,29,1,0
BRDA:190,30,0,0
BRDA:190,30,1,0
BRDA:196,31,0,0
BRDA:196,31,1,0
BRDA:196,32,0,0
BRDA:196,32,1,0
BRDA:206,33,0,0
BRDA:206,33,1,0
BRDA:209,34,0,0
BRDA:209,34,1,0
BRDA:212,35,0,0
BRDA:212,35,1,0
BRDA:246,36,0,0
BRDA:246,36,1,0
BRDA:254,37,0,0
BRDA:254,37,1,0
BRDA:254,38,0,0
BRDA:254,38,1,0
BRDA:262,39,0,0
BRDA:262,39,1,0
BRDA:262,40,0,0
BRDA:262,40,1,0
BRDA:269,41,0,0
BRDA:269,41,1,0
BRDA:269,42,0,0
BRDA:269,42,1,0
BRDA:279,43,0,0
BRDA:279,43,1,0
BRDA:282,44,0,0
BRDA:282,44,1,0
BRDA:285,45,0,0
BRDA:285,45,1,0
BRDA:322,46,0,0
BRDA:322,46,1,0
BRDA:330,47,0,0
BRDA:330,47,1,0
BRDA:330,48,0,0
BRDA:330,48,1,0
BRDA:362,49,0,0
BRDA:362,49,1,0
BRDA:370,50,0,0
BRDA:370,50,1,0
BRDA:382,51,0,0
BRDA:382,51,1,0
BRDA:391,52,0,0
BRDA:391,52,1,0
BRDA:391,53,0,0
BRDA:391,53,1,0
BRDA:397,54,0,0
BRDA:397,54,1,0
BRDA:409,55,0,0
BRDA:409,55,1,0
BRDA:410,56,0,0
BRDA:410,56,1,0
BRDA:422,57,0,0
BRDA:422,57,1,0
BRDA:460,58,0,0
BRDA:460,58,1,0
BRDA:468,59,0,0
BRDA:468,59,1,0
BRDA:468,60,0,0
BRDA:468,60,1,0
BRDA:475,61,0,0
BRDA:475,62,0,0
BRDA:480,63,0,0
BRDA:480,63,1,0
BRDA:514,64,0,0
BRDA:514,64,1,0
BRDA:522,65,0,0
BRDA:522,65,1,0
BRDA:522,66,0,0
BRDA:522,66,1,0
BRDA:530,67,0,0
BRDA:530,67,1,0
BRDA:538,68,0,0
BRDA:538,68,1,0
BRDA:547,69,0,0
BRDA:547,69,1,0
BRDA:581,70,0,0
BRDA:581,71,0,0
BRDA:585,72,0,0
BRDA:585,72,1,0
BRDA:600,73,0,0
BRDA:600,73,1,0
BRDA:619,74,0,0
BRDA:619,74,1,0
BRDA:649,75,0,0
BRDA:649,76,0,0
BRDA:653,77,0,0
BRDA:653,77,1,0
BRDA:687,78,0,0
BRDA:687,78,1,0
BRDA:687,79,0,0
BRDA:687,79,1,0
BRDA:695,80,0,0
BRDA:695,80,1,0
BRDA:703,81,0,0
BRDA:703,81,1,0
BRDA:703,82,0,0
BRDA:703,82,1,0
BRDA:716,83,0,0
BRDA:716,83,1,0
BRDA:753,84,0,0
BRDA:753,84,1,0
BRDA:761,85,0,0
BRDA:761,85,1,0
BRDA:761,86,0,0
BRDA:761,86,1,0
BRDA:780,87,0,0
BRDA:780,87,1,0
BRDA:817,88,0,0
BRDA:818,89,0,0
BRDA:828,90,0,0
BRDA:828,90,1,0
BRDA:829,91,0,0
BRDA:829,91,1,0
BRF:173
BRH:0
end_of_record
TN:
SF:src\controllers\localproPlusController.js
FN:10,(anonymous_0)
FN:32,(anonymous_1)
FN:59,(anonymous_2)
FN:80,(anonymous_3)
FN:112,(anonymous_4)
FN:139,(anonymous_5)
FN:233,(anonymous_6)
FN:234,(anonymous_7)
FN:235,(anonymous_8)
FN:236,(anonymous_9)
FN:237,(anonymous_10)
FN:267,(anonymous_11)
FN:375,(anonymous_12)
FN:428,(anonymous_13)
FN:458,(anonymous_14)
FN:499,(anonymous_15)
FN:561,(anonymous_16)
FN:675,(anonymous_17)
FNF:18
FNH:0
FNDA:0,(anonymous_0)
FNDA:0,(anonymous_1)
FNDA:0,(anonymous_2)
FNDA:0,(anonymous_3)
FNDA:0,(anonymous_4)
FNDA:0,(anonymous_5)
FNDA:0,(anonymous_6)
FNDA:0,(anonymous_7)
FNDA:0,(anonymous_8)
FNDA:0,(anonymous_9)
FNDA:0,(anonymous_10)
FNDA:0,(anonymous_11)
FNDA:0,(anonymous_12)
FNDA:0,(anonymous_13)
FNDA:0,(anonymous_14)
FNDA:0,(anonymous_15)
FNDA:0,(anonymous_16)
FNDA:0,(anonymous_17)
DA:1,0
DA:2,0
DA:3,0
DA:4,0
DA:5,0
DA:10,0
DA:11,0
DA:12,0
DA:15,0
DA:21,0
DA:22,0
DA:32,0
DA:33,0
DA:34,0
DA:36,0
DA:37,0
DA:43,0
DA:48,0
DA:49,0
DA:59,0
DA:60,0
DA:61,0
DA:63,0
DA:69,0
DA:70,0
DA:80,0
DA:81,0
DA:82,0
DA:88,0
DA:89,0
DA:95,0
DA:101,0
DA:102,0
DA:112,0
DA:113,0
DA:114,0
DA:116,0
DA:117,0
DA:123,0
DA:128,0
DA:129,0
DA:139,0
DA:140,0
DA:141,0
DA:143,0
DA:144,0
DA:150,0
DA:152,0
DA:153,0
DA:159,0
DA:160,0
DA:167,0
DA:168,0
DA:169,0
DA:176,0
DA:177,0
DA:182,0
DA:183,0
DA:189,0
DA:190,0
DA:196,0
DA:202,0
DA:203,0
DA:211,0
DA:233,0
DA:234,0
DA:235,0
DA:236,0
DA:237,0
DA:241,0
DA:244,0
DA:245,0
DA:247,0
DA:256,0
DA:257,0
DA:267,0
DA:268,0
DA:269,0
DA:271,0
DA:272,0
DA:278,0
DA:279,0
DA:281,0
DA:282,0
DA:288,0
DA:289,0
DA:298,0
DA:299,0
DA:300,0
DA:301,0
DA:303,0
DA:309,0
DA:310,0
DA:318,0
DA:319,0
DA:320,0
DA:321,0
DA:324,0
DA:340,0
DA:343,0
DA:344,0
DA:345,0
DA:358,0
DA:364,0
DA:365,0
DA:375,0
DA:376,0
DA:377,0
DA:379,0
DA:380,0
DA:382,0
DA:383,0
DA:389,0
DA:390,0
DA:397,0
DA:400,0
DA:411,0
DA:417,0
DA:418,0
DA:428,0
DA:429,0
DA:430,0
DA:431,0
DA:433,0
DA:434,0
DA:440,0
DA:442,0
DA:447,0
DA:448,0
DA:458,0
DA:459,0
DA:460,0
DA:462,0
DA:463,0
DA:465,0
DA:466,0
DA:473,0
DA:474,0
DA:476,0
DA:477,0
DA:480,0
DA:482,0
DA:488,0
DA:489,0
DA:499,0
DA:500,0
DA:501,0
DA:502,0
DA:504,0
DA:505,0
DA:511,0
DA:512,0
DA:514,0
DA:515,0
DA:521,0
DA:545,0
DA:550,0
DA:551,0
DA:561,0
DA:562,0
DA:563,0
DA:565,0
DA:566,0
DA:572,0
DA:573,0
DA:575,0
DA:576,0
DA:582,0
DA:583,0
DA:589,0
DA:590,0
DA:592,0
DA:593,0
DA:600,0
DA:601,0
DA:606,0
DA:607,0
DA:612,0
DA:613,0
DA:619,0
DA:625,0
DA:626,0
DA:634,0
DA:637,0
DA:653,0
DA:655,0
DA:664,0
DA:665,0
DA:675,0
DA:676,0
DA:678,0
DA:682,0
DA:686,0
DA:690,0
DA:695,0
DA:727,0
DA:748,0
DA:771,0
DA:780,0
DA:794,0
DA:795,0
DA:802,0
LF:202
LH:0
BRDA:36,0,0,0
BRDA:36,0,1,0
BRDA:88,1,0,0
BRDA:88,1,1,0
BRDA:116,2,0,0
BRDA:116,2,1,0
BRDA:141,3,0,0
BRDA:143,4,0,0
BRDA:143,4,1,0
BRDA:143,5,0,0
BRDA:143,5,1,0
BRDA:152,6,0,0
BRDA:152,6,1,0
BRDA:159,7,0,0
BRDA:159,7,1,0
BRDA:168,8,0,0
BRDA:168,8,1,0
BRDA:168,9,0,0
BRDA:168,9,1,0
BRDA:176,10,0,0
BRDA:176,10,1,0
BRDA:177,11,0,0
BRDA:177,11,1,0
BRDA:182,12,0,0
BRDA:182,12,1,0
BRDA:189,13,0,0
BRDA:189,13,1,0
BRDA:192,14,0,0
BRDA:192,14,1,0
BRDA:202,15,0,0
BRDA:202,15,1,0
BRDA:224,16,0,0
BRDA:224,16,1,0
BRDA:225,17,0,0
BRDA:225,17,1,0
BRDA:271,18,0,0
BRDA:271,18,1,0
BRDA:271,19,0,0
BRDA:271,19,1,0
BRDA:281,20,0,0
BRDA:281,20,1,0
BRDA:288,21,0,0
BRDA:288,21,1,0
BRDA:298,22,0,0
BRDA:298,22,1,0
BRDA:300,23,0,0
BRDA:300,23,1,0
BRDA:309,24,0,0
BRDA:309,24,1,0
BRDA:328,25,0,0
BRDA:328,25,1,0
BRDA:344,26,0,0
BRDA:344,26,1,0
BRDA:382,27,0,0
BRDA:382,27,1,0
BRDA:389,28,0,0
BRDA:389,28,1,0
BRDA:433,29,0,0
BRDA:433,29,1,0
BRDA:465,30,0,0
BRDA:465,30,1,0
BRDA:473,31,0,0
BRDA:473,31,1,0
BRDA:476,32,0,0
BRDA:476,32,1,0
BRDA:504,33,0,0
BRDA:504,33,1,0
BRDA:514,34,0,0
BRDA:514,34,1,0
BRDA:533,35,0,0
BRDA:533,35,1,0
BRDA:534,36,0,0
BRDA:534,36,1,0
BRDA:535,37,0,0
BRDA:535,37,1,0
BRDA:536,38,0,0
BRDA:536,38,1,0
BRDA:565,39,0,0
BRDA:565,39,1,0
BRDA:575,40,0,0
BRDA:575,40,1,0
BRDA:582,41,0,0
BRDA:582,41,1,0
BRDA:592,42,0,0
BRDA:592,42,1,0
BRDA:600,43,0,0
BRDA:600,43,1,0
BRDA:601,44,0,0
BRDA:601,44,1,0
BRDA:606,45,0,0
BRDA:606,45,1,0
BRDA:612,46,0,0
BRDA:612,46,1,0
BRDA:615,47,0,0
BRDA:615,47,1,0
BRDA:625,48,0,0
BRDA:625,48,1,0
BRF:97
BRH:0
end_of_record
TN:
SF:src\controllers\mapsController.js
FN:6,(anonymous_0)
FN:36,(anonymous_1)
FN:73,(anonymous_2)
FN:111,(anonymous_3)
FN:155,(anonymous_4)
FN:192,(anonymous_5)
FN:229,(anonymous_6)
FN:273,(anonymous_7)
FN:310,(anonymous_8)
FN:347,(anonymous_9)
FNF:10
FNH:0
FNDA:0,(anonymous_0)
FNDA:0,(anonymous_1)
FNDA:0,(anonymous_2)
FNDA:0,(anonymous_3)
FNDA:0,(anonymous_4)
FNDA:0,(anonymous_5)
FNDA:0,(anonymous_6)
FNDA:0,(anonymous_7)
FNDA:0,(anonymous_8)
FNDA:0,(anonymous_9)
DA:1,0
DA:6,0
DA:7,0
DA:8,0
DA:25,0
DA:26,0
DA:36,0
DA:37,0
DA:38,0
DA:40,0
DA:41,0
DA:47,0
DA:49,0
DA:50,0
DA:57,0
DA:62,0
DA:63,0
DA:73,0
DA:74,0
DA:75,0
DA:77,0
DA:78,0
DA:84,0
DA:85,0
DA:87,0
DA:88,0
DA:95,0
DA:100,0
DA:101,0
DA:111,0
DA:112,0
DA:113,0
DA:115,0
DA:116,0
DA:122,0
DA:129,0
DA:131,0
DA:132,0
DA:139,0
DA:144,0
DA:145,0
DA:155,0
DA:156,0
DA:157,0
DA:159,0
DA:160,0
DA:166,0
DA:168,0
DA:169,0
DA:176,0
DA:181,0
DA:182,0
DA:192,0
DA:193,0
DA:194,0
DA:196,0
DA:197,0
DA:203,0
DA:205,0
DA:206,0
DA:213,0
DA:218,0
DA:219,0
DA:229,0
DA:230,0
DA:231,0
DA:233,0
DA:234,0
DA:240,0
DA:247,0
DA:249,0
DA:250,0
DA:257,0
DA:262,0
DA:263,0
DA:273,0
DA:274,0
DA:275,0
DA:277,0
DA:278,0
DA:284,0
DA:286,0
DA:287,0
DA:294,0
DA:299,0
DA:300,0
DA:310,0
DA:311,0
DA:312,0
DA:314,0
DA:315,0
DA:321,0
DA:323,0
DA:324,0
DA:331,0
DA:336,0
DA:337,0
DA:347,0
DA:348,0
DA:349,0
DA:351,0
DA:352,0
DA:359,0
DA:365,0
DA:366,0
DA:373,0
LF:106
LH:0
BRDA:40,0,0,0
BRDA:40,0,1,0
BRDA:49,1,0,0
BRDA:49,1,1,0
BRDA:77,2,0,0
BRDA:77,2,1,0
BRDA:77,3,0,0
BRDA:77,3,1,0
BRDA:87,4,0,0
BRDA:87,4,1,0
BRDA:115,5,0,0
BRDA:115,5,1,0
BRDA:125,6,0,0
BRDA:125,6,1,0
BRDA:131,7,0,0
BRDA:131,7,1,0
BRDA:159,8,0,0
BRDA:159,8,1,0
BRDA:168,9,0,0
BRDA:168,9,1,0
BRDA:194,10,0,0
BRDA:196,11,0,0
BRDA:196,11,1,0
BRDA:196,12,0,0
BRDA:196,12,1,0
BRDA:205,13,0,0
BRDA:205,13,1,0
BRDA:233,14,0,0
BRDA:233,14,1,0
BRDA:242,15,0,0
BRDA:242,15,1,0
BRDA:249,16,0,0
BRDA:249,16,1,0
BRDA:277,17,0,0
BRDA:277,17,1,0
BRDA:277,18,0,0
BRDA:277,18,1,0
BRDA:286,19,0,0
BRDA:286,19,1,0
BRDA:312,20,0,0
BRDA:314,21,0,0
BRDA:314,21,1,0
BRDA:323,22,0,0
BRDA:323,22,1,0
BRDA:351,23,0,0
BRDA:351,23,1,0
BRF:46
BRH:0
end_of_record
TN:
SF:src\controllers\marketplaceController.js
FN:23,(anonymous_0)
FN:89,(anonymous_1)
FN:125,(anonymous_2)
FN:151,(anonymous_3)
FN:192,(anonymous_4)
FN:229,(anonymous_5)
FN:339,(anonymous_6)
FN:386,(anonymous_7)
FN:425,(anonymous_8)
FN:470,(anonymous_9)
FN:512,(anonymous_10)
FN:539,(anonymous_11)
FN:589,(anonymous_12)
FN:620,(anonymous_13)
FN:664,(anonymous_14)
FN:708,(anonymous_15)
FN:754,(anonymous_16)
FN:778,(anonymous_17)
FN:806,(anonymous_18)
FN:873,(anonymous_19)
FN:920,(anonymous_20)
FN:1011,(anonymous_21)
FN:1126,(anonymous_22)
FNF:23
FNH:0
FNDA:0,(anonymous_0)
FNDA:0,(anonymous_1)
FNDA:0,(anonymous_2)
FNDA:0,(anonymous_3)
FNDA:0,(anonymous_4)
FNDA:0,(anonymous_5)
FNDA:0,(anonymous_6)
FNDA:0,(anonymous_7)
FNDA:0,(anonymous_8)
FNDA:0,(anonymous_9)
FNDA:0,(anonymous_10)
FNDA:0,(anonymous_11)
FNDA:0,(anonymous_12)
FNDA:0,(anonymous_13)
FNDA:0,(anonymous_14)
FNDA:0,(anonymous_15)
FNDA:0,(anonymous_16)
FNDA:0,(anonymous_17)
FNDA:0,(anonymous_18)
FNDA:0,(anonymous_19)
FNDA:0,(anonymous_20)
FNDA:0,(anonymous_21)
FNDA:0,(anonymous_22)
DA:1,0
DA:2,0
DA:3,0
DA:4,0
DA:5,0
DA:6,0
DA:7,0
DA:8,0
DA:18,0
DA:23,0
DA:24,0
DA:36,0
DA:39,0
DA:41,0
DA:42,0
DA:43,0
DA:45,0
DA:47,0
DA:48,0
DA:51,0
DA:53,0
DA:56,0
DA:57,0
DA:58,0
DA:59,0
DA:61,0
DA:64,0
DA:65,0
DA:67,0
DA:69,0
DA:77,0
DA:78,0
DA:80,0
DA:82,0
DA:89,0
DA:90,0
DA:92,0
DA:93,0
DA:99,0
DA:102,0
DA:103,0
DA:109,0
DA:114,0
DA:115,0
DA:125,0
DA:126,0
DA:127,0
DA:132,0
DA:134,0
DA:140,0
DA:141,0
DA:151,0
DA:152,0
DA:153,0
DA:155,0
DA:156,0
DA:163,0
DA:164,0
DA:170,0
DA:175,0
DA:181,0
DA:182,0
DA:192,0
DA:193,0
DA:194,0
DA:196,0
DA:197,0
DA:204,0
DA:205,0
DA:211,0
DA:213,0
DA:218,0
DA:219,0
DA:229,0
DA:230,0
DA:231,0
DA:233,0
DA:234,0
DA:235,0
DA:242,0
DA:243,0
DA:244,0
DA:246,0
DA:250,0
DA:251,0
DA:256,0
DA:257,0
DA:266,0
DA:285,0
DA:288,0
DA:289,0
DA:291,0
DA:294,0
DA:317,0
DA:319,0
DA:320,0
DA:324,0
DA:325,0
DA:328,0
DA:334,0
DA:339,0
DA:342,0
DA:344,0
DA:346,0
DA:347,0
DA:352,0
DA:359,0
DA:360,0
DA:361,0
DA:362,0
DA:364,0
DA:369,0
DA:375,0
DA:376,0
DA:386,0
DA:387,0
DA:388,0
DA:389,0
DA:391,0
DA:392,0
DA:393,0
DA:394,0
DA:395,0
DA:397,0
DA:400,0
DA:402,0
DA:408,0
DA:414,0
DA:415,0
DA:425,0
DA:426,0
DA:427,0
DA:428,0
DA:430,0
DA:431,0
DA:432,0
DA:439,0
DA:440,0
DA:446,0
DA:447,0
DA:448,0
DA:451,0
DA:453,0
DA:459,0
DA:460,0
DA:470,0
DA:471,0
DA:472,0
DA:473,0
DA:479,0
DA:480,0
DA:482,0
DA:483,0
DA:490,0
DA:491,0
DA:498,0
DA:503,0
DA:504,0
DA:512,0
DA:519,0
DA:520,0
DA:522,0
DA:528,0
DA:529,0
DA:539,0
DA:540,0
DA:541,0
DA:542,0
DA:548,0
DA:549,0
DA:551,0
DA:552,0
DA:558,0
DA:559,0
DA:560,0
DA:567,0
DA:568,0
DA:575,0
DA:580,0
DA:581,0
DA:589,0
DA:595,0
DA:596,0
DA:598,0
DA:601,0
DA:603,0
DA:609,0
DA:610,0
DA:620,0
DA:621,0
DA:622,0
DA:623,0
DA:625,0
DA:626,0
DA:627,0
DA:634,0
DA:635,0
DA:641,0
DA:642,0
DA:648,0
DA:649,0
DA:656,0
DA:657,0
DA:658,0
DA:663,0
DA:664,0
DA:672,0
DA:680,0
DA:683,0
DA:684,0
DA:685,0
DA:686,0
DA:687,0
DA:688,0
DA:691,0
DA:697,0
DA:698,0
DA:708,0
DA:709,0
DA:721,0
DA:723,0
DA:724,0
DA:730,0
DA:733,0
DA:735,0
DA:736,0
DA:737,0
DA:738,0
DA:739,0
DA:740,0
DA:742,0
DA:744,0
DA:746,0
DA:753,0
DA:755,0
DA:758,0
DA:760,0
DA:761,0
DA:766,0
DA:767,0
DA:768,0
DA:769,0
DA:773,0
DA:778,0
DA:779,0
DA:782,0
DA:784,0
DA:795,0
DA:796,0
DA:806,0
DA:807,0
DA:808,0
DA:809,0
DA:812,0
DA:814,0
DA:815,0
DA:822,0
DA:827,0
DA:828,0
DA:835,0
DA:836,0
DA:837,0
DA:838,0
DA:841,0
DA:847,0
DA:848,0
DA:849,0
DA:850,0
DA:852,0
DA:856,0
DA:862,0
DA:863,0
DA:873,0
DA:874,0
DA:875,0
DA:876,0
DA:879,0
DA:884,0
DA:885,0
DA:892,0
DA:894,0
DA:895,0
DA:901,0
DA:909,0
DA:910,0
DA:920,0
DA:921,0
DA:929,0
DA:931,0
DA:934,0
DA:936,0
DA:938,0
DA:939,0
DA:940,0
DA:941,0
DA:946,0
DA:947,0
DA:949,0
DA:951,0
DA:957,0
DA:960,0
DA:978,0
DA:986,0
DA:1000,0
DA:1001,0
DA:1011,0
DA:1012,0
DA:1023,0
DA:1025,0
DA:1028,0
DA:1030,0
DA:1031,0
DA:1032,0
DA:1033,0
DA:1036,0
DA:1039,0
DA:1040,0
DA:1042,0
DA:1043,0
DA:1044,0
DA:1045,0
DA:1049,0
DA:1050,0
DA:1052,0
DA:1054,0
DA:1062,0
DA:1065,0
DA:1112,0
DA:1126,0
DA:1127,0
DA:1128,0
DA:1129,0
DA:1132,0
DA:1146,0
DA:1147,0
DA:1154,0
LF:336
LH:0
BRDA:32,0,0,0
BRDA:33,1,0,0
BRDA:34,2,0,0
BRDA:35,3,0,0
BRDA:41,4,0,0
BRDA:41,4,1,0
BRDA:42,5,0,0
BRDA:42,5,1,0
BRDA:43,6,0,0
BRDA:43,6,1,0
BRDA:45,7,0,0
BRDA:45,7,1,0
BRDA:48,8,0,0
BRDA:48,8,1,0
BRDA:56,9,0,0
BRDA:56,9,1,0
BRDA:56,10,0,0
BRDA:56,10,1,0
BRDA:58,11,0,0
BRDA:58,11,1,0
BRDA:59,12,0,0
BRDA:59,12,1,0
BRDA:61,13,0,0
BRDA:61,13,1,0
BRDA:65,14,0,0
BRDA:65,14,1,0
BRDA:92,15,0,0
BRDA:92,15,1,0
BRDA:102,16,0,0
BRDA:102,16,1,0
BRDA:155,17,0,0
BRDA:155,17,1,0
BRDA:163,18,0,0
BRDA:163,18,1,0
BRDA:196,19,0,0
BRDA:196,19,1,0
BRDA:204,20,0,0
BRDA:204,20,1,0
BRDA:234,21,0,0
BRDA:234,21,1,0
BRDA:243,22,0,0
BRDA:243,22,1,0
BRDA:250,23,0,0
BRDA:250,23,1,0
BRDA:256,24,0,0
BRDA:256,24,1,0
BRDA:256,25,0,0
BRDA:256,25,1,0
BRDA:280,26,0,0
BRDA:280,26,1,0
BRDA:281,27,0,0
BRDA:281,27,1,0
BRDA:288,28,0,0
BRDA:288,28,1,0
BRDA:307,29,0,0
BRDA:307,29,1,0
BRDA:313,30,0,0
BRDA:313,30,1,0
BRDA:319,31,0,0
BRDA:319,31,1,0
BRDA:359,32,0,0
BRDA:359,32,1,0
BRDA:388,33,0,0
BRDA:392,34,0,0
BRDA:392,34,1,0
BRDA:394,35,0,0
BRDA:394,35,1,0
BRDA:400,36,0,0
BRDA:400,36,1,0
BRDA:431,37,0,0
BRDA:431,37,1,0
BRDA:439,38,0,0
BRDA:439,38,1,0
BRDA:439,39,0,0
BRDA:439,39,1,0
BRDA:447,40,0,0
BRDA:447,40,1,0
BRDA:472,41,0,0
BRDA:472,41,1,0
BRDA:472,42,0,0
BRDA:472,42,1,0
BRDA:482,43,0,0
BRDA:482,43,1,0
BRDA:490,44,0,0
BRDA:490,44,1,0
BRDA:503,45,0,0
BRDA:503,45,1,0
BRDA:541,46,0,0
BRDA:541,46,1,0
BRDA:541,47,0,0
BRDA:541,47,1,0
BRDA:551,48,0,0
BRDA:551,48,1,0
BRDA:551,49,0,0
BRDA:551,49,1,0
BRDA:559,50,0,0
BRDA:559,50,1,0
BRDA:567,51,0,0
BRDA:567,51,1,0
BRDA:567,52,0,0
BRDA:567,52,1,0
BRDA:580,53,0,0
BRDA:580,53,1,0
BRDA:595,54,0,0
BRDA:595,54,1,0
BRDA:626,55,0,0
BRDA:626,55,1,0
BRDA:634,56,0,0
BRDA:634,56,1,0
BRDA:641,57,0,0
BRDA:641,57,1,0
BRDA:648,58,0,0
BRDA:648,58,1,0
BRDA:657,59,0,0
BRDA:657,59,1,0
BRDA:657,60,0,0
BRDA:657,60,1,0
BRDA:663,61,0,0
BRDA:663,61,1,0
BRDA:684,62,0,0
BRDA:684,62,1,0
BRDA:713,63,0,0
BRDA:719,64,0,0
BRDA:720,65,0,0
BRDA:723,66,0,0
BRDA:723,66,1,0
BRDA:723,67,0,0
BRDA:723,67,1,0
BRDA:735,68,0,0
BRDA:735,68,1,0
BRDA:736,69,0,0
BRDA:736,69,1,0
BRDA:737,70,0,0
BRDA:737,70,1,0
BRDA:737,71,0,0
BRDA:737,71,1,0
BRDA:739,72,0,0
BRDA:739,72,1,0
BRDA:740,73,0,0
BRDA:740,73,1,0
BRDA:742,74,0,0
BRDA:742,74,1,0
BRDA:760,75,0,0
BRDA:760,75,1,0
BRDA:766,76,0,0
BRDA:766,76,1,0
BRDA:814,77,0,0
BRDA:814,77,1,0
BRDA:827,78,0,0
BRDA:827,78,1,0
BRDA:847,79,0,0
BRDA:847,79,1,0
BRDA:884,80,0,0
BRDA:884,80,1,0
BRDA:894,81,0,0
BRDA:894,81,1,0
BRDA:924,82,0,0
BRDA:925,83,0,0
BRDA:926,84,0,0
BRDA:927,85,0,0
BRDA:928,86,0,0
BRDA:936,87,0,0
BRDA:936,87,1,0
BRDA:938,88,0,0
BRDA:938,88,1,0
BRDA:940,89,0,0
BRDA:940,89,1,0
BRDA:947,90,0,0
BRDA:947,90,1,0
BRDA:978,91,0,0
BRDA:978,91,1,0
BRDA:1015,92,0,0
BRDA:1017,93,0,0
BRDA:1018,94,0,0
BRDA:1019,95,0,0
BRDA:1020,96,0,0
BRDA:1030,97,0,0
BRDA:1030,97,1,0
BRDA:1032,98,0,0
BRDA:1032,98,1,0
BRDA:1039,99,0,0
BRDA:1039,99,1,0
BRDA:1040,100,0,0
BRDA:1040,100,1,0
BRDA:1042,101,0,0
BRDA:1042,101,1,0
BRDA:1042,102,0,0
BRDA:1042,102,1,0
BRDA:1044,103,0,0
BRDA:1044,103,1,0
BRDA:1045,104,0,0
BRDA:1045,104,1,0
BRDA:1050,105,0,0
BRDA:1050,105,1,0
BRDA:1112,106,0,0
BRDA:1112,106,1,0
BRDA:1128,107,0,0
BRDA:1128,107,1,0
BRF:198
BRH:0
end_of_record
TN:
SF:src\controllers\paymayaController.js
FN:12,(anonymous_0)
FN:88,(anonymous_1)
FN:125,(anonymous_2)
FN:193,(anonymous_3)
FN:230,(anonymous_4)
FN:298,(anonymous_5)
FN:335,(anonymous_6)
FN:382,(anonymous_7)
FN:415,(anonymous_8)
FN:435,(anonymous_9)
FN:455,(anonymous_10)
FN:475,(anonymous_11)
FN:495,(anonymous_12)
FN:515,(anonymous_13)
FN:535,(anonymous_14)
FN:597,(anonymous_15)
FN:618,(anonymous_16)
FNF:17
FNH:10
FNDA:4,(anonymous_0)
FNDA:3,(anonymous_1)
FNDA:2,(anonymous_2)
FNDA:0,(anonymous_3)
FNDA:1,(anonymous_4)
FNDA:0,(anonymous_5)
FNDA:7,(anonymous_6)
FNDA:5,(anonymous_7)
FNDA:4,(anonymous_8)
FNDA:0,(anonymous_9)
FNDA:1,(anonymous_10)
FNDA:0,(anonymous_11)
FNDA:0,(anonymous_12)
FNDA:0,(anonymous_13)
FNDA:5,(anonymous_14)
FNDA:0,(anonymous_15)
FNDA:1,(anonymous_16)
DA:1,1
DA:2,1
DA:3,1
DA:4,1
DA:5,1
DA:6,1
DA:7,1
DA:12,1
DA:13,4
DA:15,4
DA:16,4
DA:17,0
DA:32,4
DA:35,4
DA:36,1
DA:43,3
DA:44,1
DA:50,2
DA:60,2
DA:62,2
DA:63,1
DA:71,1
DA:77,0
DA:78,0
DA:88,1
DA:89,3
DA:90,3
DA:92,3
DA:93,1
DA:99,2
DA:101,2
DA:102,1
DA:109,1
DA:114,0
DA:115,0
DA:125,1
DA:126,2
DA:128,2
DA:129,2
DA:130,0
DA:145,2
DA:148,2
DA:149,1
DA:155,1
DA:165,1
DA:167,1
DA:168,0
DA:176,1
DA:182,0
DA:183,0
DA:193,1
DA:194,0
DA:195,0
DA:197,0
DA:198,0
DA:204,0
DA:206,0
DA:207,0
DA:214,0
DA:219,0
DA:220,0
DA:230,1
DA:231,1
DA:233,1
DA:234,1
DA:235,0
DA:250,1
DA:253,1
DA:254,0
DA:260,1
DA:270,1
DA:272,1
DA:273,0
DA:281,1
DA:287,0
DA:288,0
DA:298,1
DA:299,0
DA:300,0
DA:302,0
DA:303,0
DA:309,0
DA:311,0
DA:312,0
DA:319,0
DA:324,0
DA:325,0
DA:335,1
DA:336,7
DA:337,7
DA:338,7
DA:341,7
DA:346,7
DA:347,1
DA:348,1
DA:355,6
DA:357,6
DA:358,1
DA:359,1
DA:366,5
DA:368,5
DA:373,0
DA:374,0
DA:382,1
DA:383,5
DA:384,5
DA:386,5
DA:387,5
DA:389,4
DA:390,4
DA:392,0
DA:393,0
DA:395,1
DA:396,1
DA:398,0
DA:399,0
DA:401,0
DA:402,0
DA:404,0
DA:405,0
DA:407,0
DA:410,0
DA:415,1
DA:416,4
DA:417,4
DA:418,4
DA:420,4
DA:421,0
DA:422,0
DA:426,4
DA:428,4
DA:430,0
DA:435,1
DA:436,0
DA:437,0
DA:438,0
DA:440,0
DA:441,0
DA:442,0
DA:446,0
DA:448,0
DA:450,0
DA:455,1
DA:456,1
DA:457,1
DA:458,1
DA:460,1
DA:461,0
DA:462,0
DA:466,1
DA:468,1
DA:470,0
DA:475,1
DA:476,0
DA:477,0
DA:478,0
DA:480,0
DA:481,0
DA:482,0
DA:486,0
DA:488,0
DA:490,0
DA:495,1
DA:496,0
DA:497,0
DA:498,0
DA:500,0
DA:501,0
DA:502,0
DA:506,0
DA:508,0
DA:510,0
DA:515,1
DA:516,0
DA:517,0
DA:518,0
DA:520,0
DA:521,0
DA:522,0
DA:526,0
DA:528,0
DA:530,0
DA:535,1
DA:536,5
DA:538,5
DA:539,0
DA:540,0
DA:541,0
DA:542,0
DA:544,0
DA:545,0
DA:549,0
DA:550,0
DA:551,0
DA:552,0
DA:553,0
DA:555,0
DA:556,0
DA:560,0
DA:561,0
DA:562,0
DA:563,0
DA:564,0
DA:566,0
DA:567,0
DA:569,0
DA:570,0
DA:574,0
DA:575,0
DA:576,0
DA:577,0
DA:578,0
DA:580,0
DA:581,0
DA:582,0
DA:584,0
DA:585,0
DA:588,0
DA:590,5
DA:597,1
DA:598,0
DA:601,0
DA:607,0
DA:608,0
DA:618,1
DA:619,1
DA:620,1
DA:622,1
DA:633,0
DA:634,0
DA:641,1
LF:231
LH:104
BRDA:16,0,0,0
BRDA:16,0,1,4
BRDA:26,1,0,2
BRDA:35,2,0,1
BRDA:35,2,1,3
BRDA:35,3,0,4
BRDA:35,3,1,4
BRDA:35,3,2,3
BRDA:35,3,3,3
BRDA:43,4,0,1
BRDA:43,4,1,2
BRDA:43,5,0,3
BRDA:43,5,1,3
BRDA:43,5,2,2
BRDA:62,6,0,1
BRDA:62,6,1,1
BRDA:92,7,0,1
BRDA:92,7,1,2
BRDA:101,8,0,1
BRDA:101,8,1,1
BRDA:129,9,0,0
BRDA:129,9,1,2
BRDA:140,10,0,1
BRDA:148,11,0,1
BRDA:148,11,1,1
BRDA:148,12,0,2
BRDA:148,12,1,1
BRDA:148,12,2,1
BRDA:148,12,3,1
BRDA:167,13,0,0
BRDA:167,13,1,1
BRDA:197,14,0,0
BRDA:197,14,1,0
BRDA:206,15,0,0
BRDA:206,15,1,0
BRDA:234,16,0,0
BRDA:234,16,1,1
BRDA:244,17,0,0
BRDA:253,18,0,0
BRDA:253,18,1,1
BRDA:253,19,0,1
BRDA:253,19,1,1
BRDA:253,19,2,1
BRDA:253,19,3,1
BRDA:272,20,0,0
BRDA:272,20,1,1
BRDA:302,21,0,0
BRDA:302,21,1,0
BRDA:311,22,0,0
BRDA:311,22,1,0
BRDA:346,23,0,1
BRDA:346,23,1,6
BRDA:357,24,0,1
BRDA:357,24,1,5
BRDA:387,25,0,4
BRDA:387,25,1,0
BRDA:387,25,2,1
BRDA:387,25,3,0
BRDA:387,25,4,0
BRDA:387,25,5,0
BRDA:387,25,6,0
BRDA:420,26,0,0
BRDA:420,26,1,4
BRDA:440,27,0,0
BRDA:440,27,1,0
BRDA:460,28,0,0
BRDA:460,28,1,1
BRDA:480,29,0,0
BRDA:480,29,1,0
BRDA:500,30,0,0
BRDA:500,30,1,0
BRDA:520,31,0,0
BRDA:520,31,1,0
BRDA:535,32,0,0
BRDA:539,33,0,0
BRDA:539,33,1,0
BRDA:541,34,0,0
BRDA:541,34,1,0
BRDA:550,35,0,0
BRDA:550,35,1,0
BRDA:552,36,0,0
BRDA:552,36,1,0
BRDA:561,37,0,0
BRDA:561,37,1,0
BRDA:563,38,0,0
BRDA:563,38,1,0
BRDA:566,39,0,0
BRDA:566,39,1,0
BRDA:575,40,0,0
BRDA:575,40,1,0
BRDA:577,41,0,0
BRDA:577,41,1,0
BRDA:580,42,0,0
BRDA:580,42,1,0
BRDA:626,43,0,1
BRDA:626,43,1,0
BRF:96
BRH:44
end_of_record
TN:
SF:src\controllers\paypalController.js
FN:12,(anonymous_0)
FN:56,(anonymous_1)
FN:95,(anonymous_2)
FN:115,(anonymous_3)
FN:134,(anonymous_4)
FN:179,(anonymous_5)
FN:208,(anonymous_6)
FN:258,(anonymous_7)
FN:296,(anonymous_8)
FN:358,(anonymous_9)
FN:377,(anonymous_10)
FN:395,(anonymous_11)
FNF:12
FNH:4
FNDA:3,(anonymous_0)
FNDA:1,(anonymous_1)
FNDA:0,(anonymous_2)
FNDA:0,(anonymous_3)
FNDA:0,(anonymous_4)
FNDA:0,(anonymous_5)
FNDA:0,(anonymous_6)
FNDA:1,(anonymous_7)
FNDA:0,(anonymous_8)
FNDA:1,(anonymous_9)
FNDA:0,(anonymous_10)
FNDA:0,(anonymous_11)
DA:1,1
DA:2,1
DA:3,1
DA:4,1
DA:5,1
DA:6,1
DA:7,1
DA:12,1
DA:13,3
DA:14,3
DA:15,3
DA:18,3
DA:20,3
DA:21,1
DA:22,1
DA:29,2
DA:31,2
DA:32,1
DA:33,1
DA:40,1
DA:42,1
DA:47,0
DA:48,0
DA:56,1
DA:57,1
DA:58,1
DA:60,1
DA:61,1
DA:63,0
DA:64,0
DA:66,0
DA:67,0
DA:69,0
DA:70,0
DA:72,0
DA:73,0
DA:75,0
DA:76,0
DA:78,0
DA:79,0
DA:81,1
DA:82,1
DA:84,0
DA:85,0
DA:87,0
DA:90,0
DA:95,1
DA:96,0
DA:97,0
DA:98,0
DA:100,0
DA:101,0
DA:102,0
DA:106,0
DA:108,0
DA:110,0
DA:115,1
DA:116,0
DA:117,0
DA:119,0
DA:120,0
DA:121,0
DA:125,0
DA:127,0
DA:129,0
DA:134,1
DA:135,0
DA:136,0
DA:137,0
DA:139,0
DA:140,0
DA:141,0
DA:145,0
DA:146,0
DA:147,0
DA:148,0
DA:149,0
DA:150,0
DA:153,0
DA:158,0
DA:159,0
DA:160,0
DA:161,0
DA:165,0
DA:166,0
DA:167,0
DA:168,0
DA:172,0
DA:174,0
DA:179,1
DA:180,0
DA:181,0
DA:182,0
DA:184,0
DA:185,0
DA:186,0
DA:190,0
DA:191,0
DA:192,0
DA:193,0
DA:198,0
DA:201,0
DA:203,0
DA:208,1
DA:209,0
DA:210,0
DA:211,0
DA:213,0
DA:214,0
DA:215,0
DA:219,0
DA:220,0
DA:221,0
DA:238,0
DA:239,0
DA:240,0
DA:242,0
DA:244,0
DA:245,0
DA:246,0
DA:247,0
DA:248,0
DA:251,0
DA:253,0
DA:258,1
DA:259,1
DA:260,1
DA:261,1
DA:263,1
DA:264,1
DA:265,1
DA:269,0
DA:270,0
DA:271,0
DA:285,0
DA:286,0
DA:289,0
DA:291,0
DA:296,1
DA:297,0
DA:299,0
DA:300,0
DA:301,0
DA:302,0
DA:303,0
DA:305,0
DA:306,0
DA:310,0
DA:311,0
DA:312,0
DA:313,0
DA:314,0
DA:316,0
DA:317,0
DA:321,0
DA:322,0
DA:323,0
DA:324,0
DA:325,0
DA:327,0
DA:328,0
DA:330,0
DA:331,0
DA:335,0
DA:336,0
DA:337,0
DA:338,0
DA:339,0
DA:341,0
DA:342,0
DA:343,0
DA:345,0
DA:346,0
DA:349,0
DA:351,0
DA:358,1
DA:359,1
DA:362,1
DA:368,0
DA:369,0
DA:377,1
DA:378,0
DA:379,0
DA:380,0
DA:381,0
DA:384,0
DA:385,0
DA:386,0
DA:387,0
DA:390,0
DA:395,1
DA:396,0
DA:397,0
DA:398,0
DA:399,0
DA:402,0
DA:403,0
DA:404,0
DA:405,0
DA:408,0
DA:412,1
LF:201
LH:47
BRDA:20,0,0,1
BRDA:20,0,1,2
BRDA:31,1,0,1
BRDA:31,1,1,1
BRDA:61,2,0,0
BRDA:61,2,1,0
BRDA:61,2,2,0
BRDA:61,2,3,0
BRDA:61,2,4,0
BRDA:61,2,5,0
BRDA:61,2,6,1
BRDA:61,2,7,0
BRDA:61,2,8,0
BRDA:100,3,0,0
BRDA:100,3,1,0
BRDA:119,4,0,0
BRDA:119,4,1,0
BRDA:139,5,0,0
BRDA:139,5,1,0
BRDA:146,6,0,0
BRDA:146,6,1,0
BRDA:149,7,0,0
BRDA:149,7,1,0
BRDA:158,8,0,0
BRDA:158,8,1,0
BRDA:166,9,0,0
BRDA:166,9,1,0
BRDA:184,10,0,0
BRDA:184,10,1,0
BRDA:191,11,0,0
BRDA:191,11,1,0
BRDA:213,12,0,0
BRDA:213,12,1,0
BRDA:220,13,0,0
BRDA:220,13,1,0
BRDA:239,14,0,0
BRDA:239,14,1,0
BRDA:263,15,0,1
BRDA:263,15,1,0
BRDA:270,16,0,0
BRDA:270,16,1,0
BRDA:296,17,0,0
BRDA:300,18,0,0
BRDA:300,18,1,0
BRDA:302,19,0,0
BRDA:302,19,1,0
BRDA:311,20,0,0
BRDA:311,20,1,0
BRDA:313,21,0,0
BRDA:313,21,1,0
BRDA:322,22,0,0
BRDA:322,22,1,0
BRDA:324,23,0,0
BRDA:324,23,1,0
BRDA:327,24,0,0
BRDA:327,24,1,0
BRDA:336,25,0,0
BRDA:336,25,1,0
BRDA:338,26,0,0
BRDA:338,26,1,0
BRDA:341,27,0,0
BRDA:341,27,1,0
BRDA:385,28,0,0
BRDA:385,28,1,0
BRDA:403,29,0,0
BRDA:403,29,1,0
BRF:66
BRH:6
end_of_record
TN:
SF:src\controllers\providerController.js
FN:8,(anonymous_0)
FN:99,(anonymous_1)
FN:150,(anonymous_2)
FN:185,(anonymous_3)
FN:285,(anonymous_4)
FN:347,(anonymous_5)
FN:360,(anonymous_6)
FN:375,(anonymous_7)
FN:417,(anonymous_8)
FN:437,(anonymous_9)
FN:512,(anonymous_10)
[...]
BRDA:390,26,0,0
BRDA:390,26,1,0
BRDA:419,27,0,0
BRDA:419,27,1,0
BRDA:459,28,0,0
BRDA:459,28,1,0
BRF:56
BRH:0
end_of_record
TN:
SF:src\services\twilioService.js
FN:25,(anonymous_0)
FN:69,(anonymous_1)
FN:113,(anonymous_2)
FN:147,(anonymous_3)
FN:182,(anonymous_4)
FN:188,(anonymous_5)
FN:194,(anonymous_6)
FNF:7
FNH:0
FNDA:0,(anonymous_0)
FNDA:0,(anonymous_1)
FNDA:0,(anonymous_2)
FNDA:0,(anonymous_3)
FNDA:0,(anonymous_4)
FNDA:0,(anonymous_5)
FNDA:0,(anonymous_6)
DA:1,0
DA:2,0
DA:4,0
DA:5,0
DA:6,0
DA:9,0
DA:10,0
DA:12,0
DA:13,0
DA:14,0
DA:15,0
DA:16,0
DA:18,0
DA:21,0
DA:26,0
DA:28,0
DA:29,0
DA:33,0
DA:34,0
DA:37,0
DA:45,0
DA:47,0
DA:53,0
DA:56,0
DA:57,0
DA:58,0
DA:61,0
DA:70,0
DA:72,0
DA:73,0
DA:77,0
DA:78,0
DA:81,0
DA:89,0
DA:90,0
DA:92,0
DA:97,0
DA:100,0
DA:101,0
DA:102,0
DA:105,0
DA:114,0
DA:115,0
DA:116,0
DA:117,0
DA:119,0
DA:126,0
DA:132,0
DA:138,0
DA:139,0
DA:148,0
DA:150,0
DA:151,0
DA:152,0
DA:154,0
DA:161,0
DA:163,0
DA:164,0
DA:165,0
DA:171,0
DA:172,0
DA:184,0
DA:185,0
DA:190,0
DA:195,0
DA:196,0
DA:197,0
DA:206,0
DA:208,0
DA:215,0
DA:227,0
LF:71
LH:0
BRDA:12,0,0,0
BRDA:12,0,1,0
BRDA:12,1,0,0
BRDA:12,1,1,0
BRDA:12,1,2,0
BRDA:12,1,3,0
BRDA:28,2,0,0
BRDA:28,2,1,0
BRDA:28,3,0,0
BRDA:28,3,1,0
BRDA:28,3,2,0
BRDA:33,4,0,0
BRDA:33,4,1,0
BRDA:56,5,0,0
BRDA:56,5,1,0
BRDA:64,6,0,0
BRDA:64,6,1,0
BRDA:72,7,0,0
BRDA:72,7,1,0
BRDA:72,8,0,0
BRDA:72,8,1,0
BRDA:72,8,2,0
BRDA:77,9,0,0
BRDA:77,9,1,0
BRDA:90,10,0,0
BRDA:90,10,1,0
BRDA:100,11,0,0
BRDA:100,11,1,0
BRDA:108,12,0,0
BRDA:108,12,1,0
BRDA:115,13,0,0
BRDA:115,13,1,0
BRDA:115,14,0,0
BRDA:115,14,1,0
BRDA:147,15,0,0
BRDA:150,16,0,0
BRDA:150,16,1,0
BRDA:161,17,0,0
BRDA:161,17,1,0
BRDA:163,18,0,0
BRDA:163,18,1,0
BRDA:163,19,0,0
BRDA:163,19,1,0
BRDA:163,19,2,0
BRDA:190,20,0,0
BRDA:190,20,1,0
BRDA:190,20,2,0
BRDA:196,21,0,0
BRDA:196,21,1,0
BRDA:196,22,0,0
BRDA:196,22,1,0
BRDA:196,22,2,0
BRF:52
BRH:0
end_of_record
TN:
SF:src\services\usageTrackingService.js
FN:11,(anonymous_0)
FN:64,(anonymous_1)
FN:146,(anonymous_2)
FN:203,(anonymous_3)
FN:215,(anonymous_4)
FN:240,(anonymous_5)
FNF:6
FNH:0
FNDA:0,(anonymous_0)
FNDA:0,(anonymous_1)
FNDA:0,(anonymous_2)
FNDA:0,(anonymous_3)
FNDA:0,(anonymous_4)
FNDA:0,(anonymous_5)
DA:1,0
DA:12,0
DA:13,0
DA:15,0
DA:16,0
DA:20,0
DA:21,0
DA:25,0
DA:26,0
DA:30,0
DA:33,0
DA:43,0
DA:45,0
DA:51,0
DA:52,0
DA:65,0
DA:66,0
DA:68,0
DA:69,0
DA:75,0
DA:78,0
DA:80,0
DA:81,0
DA:83,0
DA:84,0
DA:86,0
DA:87,0
DA:89,0
DA:90,0
DA:92,0
DA:96,0
DA:116,0
DA:132,0
DA:133,0
DA:147,0
DA:148,0
DA:150,0
DA:151,0
DA:157,0
DA:158,0
DA:164,0
DA:165,0
DA:171,0
DA:172,0
DA:174,0
DA:175,0
DA:184,0
DA:191,0
DA:192,0
DA:204,0
DA:205,0
DA:207,0
DA:208,0
DA:215,0
DA:216,0
DA:217,0
DA:221,0
DA:223,0
DA:228,0
DA:229,0
DA:241,0
DA:248,0
DA:250,0
DA:252,0
DA:253,0
DA:254,0
DA:259,0
DA:260,0
DA:261,0
DA:264,0
DA:286,0
DA:306,0
DA:321,0
DA:322,0
DA:330,0
LF:75
LH:0
BRDA:11,0,0,0
BRDA:11,1,0,0
BRDA:15,2,0,0
BRDA:15,2,1,0
BRDA:20,3,0,0
BRDA:20,3,1,0
BRDA:25,4,0,0
BRDA:25,4,1,0
BRDA:47,5,0,0
BRDA:47,5,1,0
BRDA:48,6,0,0
BRDA:48,6,1,0
BRDA:64,7,0,0
BRDA:68,8,0,0
BRDA:68,8,1,0
BRDA:78,9,0,0
BRDA:78,9,1,0
BRDA:78,9,2,0
BRDA:78,9,3,0
BRDA:78,9,4,0
BRDA:146,10,0,0
BRDA:150,11,0,0
BRDA:150,11,1,0
BRDA:157,12,0,0
BRDA:157,12,1,0
BRDA:164,13,0,0
BRDA:164,13,1,0
BRDA:171,14,0,0
BRDA:171,14,1,0
BRDA:174,15,0,0
BRDA:174,15,1,0
BRDA:174,16,0,0
BRDA:174,16,1,0
BRDA:188,17,0,0
BRDA:188,17,1,0
BRDA:207,18,0,0
BRDA:207,18,1,0
BRDA:216,19,0,0
BRDA:216,19,1,0
BRDA:240,20,0,0
BRDA:252,21,0,0
BRDA:252,21,1,0
BRDA:253,22,0,0
BRDA:253,22,1,0
BRDA:259,23,0,0
BRDA:259,23,1,0
BRDA:260,24,0,0
BRDA:260,24,1,0
BRDA:261,25,0,0
BRDA:261,25,1,0
BRF:50
BRH:0
end_of_record
TN:
SF:src\utils\auditLogger.js
FN:8,(anonymous_0)
FN:13,(anonymous_1)
FN:18,(anonymous_2)
FN:38,(anonymous_3)
FN:59,(anonymous_4)
FN:80,(anonymous_5)
FN:101,(anonymous_6)
FN:122,(anonymous_7)
FN:143,(anonymous_8)
FN:178,(anonymous_9)
FN:190,(anonymous_10)
FN:202,(anonymous_11)
FN:214,(anonymous_12)
FN:226,(anonymous_13)
FN:238,(anonymous_14)
FN:250,(anonymous_15)
FN:262,(anonymous_16)
FN:274,(anonymous_17)
FN:286,(anonymous_18)
FN:298,(anonymous_19)
FN:317,(anonymous_20)
FN:318,(anonymous_21)
FN:319,(anonymous_22)
FN:320,(anonymous_23)
FN:321,(anonymous_24)
FN:322,(anonymous_25)
FN:323,(anonymous_26)
FN:324,(anonymous_27)
FN:325,(anonymous_28)
FN:326,(anonymous_29)
FN:327,(anonymous_30)
FN:328,(anonymous_31)
FN:329,(anonymous_32)
FN:330,(anonymous_33)
FN:331,(anonymous_34)
FN:332,(anonymous_35)
FN:333,(anonymous_36)
FN:334,(anonymous_37)
FNF:38
FNH:0
FNDA:0,(anonymous_0)
FNDA:0,(anonymous_1)
FNDA:0,(anonymous_2)
FNDA:0,(anonymous_3)
FNDA:0,(anonymous_4)
FNDA:0,(anonymous_5)
FNDA:0,(anonymous_6)
FNDA:0,(anonymous_7)
FNDA:0,(anonymous_8)
FNDA:0,(anonymous_9)
FNDA:0,(anonymous_10)
FNDA:0,(anonymous_11)
FNDA:0,(anonymous_12)
FNDA:0,(anonymous_13)
FNDA:0,(anonymous_14)
FNDA:0,(anonymous_15)
FNDA:0,(anonymous_16)
FNDA:0,(anonymous_17)
FNDA:0,(anonymous_18)
FNDA:0,(anonymous_19)
FNDA:0,(anonymous_20)
FNDA:0,(anonymous_21)
FNDA:0,(anonymous_22)
FNDA:0,(anonymous_23)
FNDA:0,(anonymous_24)
FNDA:0,(anonymous_25)
FNDA:0,(anonymous_26)
FNDA:0,(anonymous_27)
FNDA:0,(anonymous_28)
FNDA:0,(anonymous_29)
FNDA:0,(anonymous_30)
FNDA:0,(anonymous_31)
FNDA:0,(anonymous_32)
FNDA:0,(anonymous_33)
FNDA:0,(anonymous_34)
FNDA:0,(anonymous_35)
FNDA:0,(anonymous_36)
FNDA:0,(anonymous_37)
DA:1,0
DA:2,0
DA:9,0
DA:14,0
DA:19,0
DA:20,0
DA:29,0
DA:39,0
DA:40,0
DA:48,0
DA:50,0
DA:60,0
DA:61,0
DA:69,0
DA:71,0
DA:81,0
DA:82,0
DA:90,0
DA:92,0
DA:102,0
DA:103,0
DA:111,0
DA:113,0
DA:123,0
DA:124,0
DA:132,0
DA:134,0
DA:144,0
DA:145,0
DA:153,0
DA:168,0
DA:179,0
DA:191,0
DA:203,0
DA:215,0
DA:227,0
DA:239,0
DA:251,0
DA:263,0
DA:275,0
DA:287,0
DA:299,0
DA:310,0
DA:313,0
DA:317,0
DA:318,0
DA:319,0
DA:320,0
DA:321,0
DA:322,0
DA:323,0
DA:324,0
DA:325,0
DA:326,0
DA:327,0
DA:328,0
DA:329,0
DA:330,0
DA:331,0
DA:332,0
DA:333,0
DA:334,0
LF:62
LH:0
BRDA:8,0,0,0
BRDA:18,1,0,0
BRDA:24,2,0,0
BRDA:24,2,1,0
BRDA:38,3,0,0
BRDA:38,4,0,0
BRDA:44,5,0,0
BRDA:44,5,1,0
BRDA:59,6,0,0
BRDA:65,7,0,0
BRDA:65,7,1,0
BRDA:80,8,0,0
BRDA:86,9,0,0
BRDA:86,9,1,0
BRDA:101,10,0,0
BRDA:107,11,0,0
BRDA:107,11,1,0
BRDA:122,12,0,0
BRDA:128,13,0,0
BRDA:128,13,1,0
BRDA:143,14,0,0
BRDA:143,15,0,0
BRDA:149,16,0,0
BRDA:149,16,1,0
BRDA:178,17,0,0
BRDA:190,18,0,0
BRDA:202,19,0,0
BRDA:214,20,0,0
BRDA:226,21,0,0
BRDA:238,22,0,0
BRDA:250,23,0,0
BRDA:262,24,0,0
BRDA:274,25,0,0
BRDA:286,26,0,0
BRDA:298,27,0,0
BRDA:298,28,0,0
BRF:36
BRH:0
end_of_record
TN:
SF:src\utils\controllerValidation.js
FN:11,(anonymous_0)
FN:46,(anonymous_1)
FN:56,(anonymous_2)
FN:59,(anonymous_3)
FN:83,(anonymous_4)
FN:116,(anonymous_5)
FN:127,(anonymous_6)
FN:139,(anonymous_7)
FN:155,(anonymous_8)
FN:170,(anonymous_9)
FN:186,(anonymous_10)
FNF:11
FNH:11
FNDA:12,(anonymous_0)
FNDA:11,(anonymous_1)
FNDA:5,(anonymous_2)
FNDA:12,(anonymous_3)
FNDA:10,(anonymous_4)
FNDA:19,(anonymous_5)
FNDA:22,(anonymous_6)
FNDA:1,(anonymous_7)
FNDA:2,(anonymous_8)
FNDA:2,(anonymous_9)
FNDA:3,(anonymous_10)
DA:11,1
DA:12,12
DA:13,12
DA:14,12
DA:16,12
DA:18,12
DA:19,5
DA:26,12
DA:27,6
DA:34,12
DA:46,1
DA:47,11
DA:56,1
DA:57,5
DA:59,5
DA:60,12
DA:61,6
DA:69,5
DA:83,1
DA:84,10
DA:86,10
DA:87,1
DA:97,9
DA:98,2
DA:108,7
DA:116,1
DA:117,19
DA:118,16
DA:119,16
DA:127,1
DA:128,22
DA:129,19
DA:130,19
DA:139,1
DA:140,1
DA:155,1
DA:156,2
DA:170,1
DA:171,2
DA:186,1
DA:187,3
DA:189,3
DA:197,1
LF:43
LH:43
BRDA:12,0,0,1
BRDA:12,1,0,1
BRDA:18,2,0,5
BRDA:18,2,1,7
BRDA:18,3,0,12
BRDA:18,3,1,11
BRDA:18,3,2,8
BRDA:26,4,0,6
BRDA:26,4,1,6
BRDA:26,5,0,12
BRDA:26,5,1,11
BRDA:26,5,2,9
BRDA:26,5,3,7
BRDA:47,6,0,11
BRDA:47,6,1,8
BRDA:60,7,0,6
BRDA:60,7,1,6
BRDA:60,8,0,12
BRDA:60,8,1,7
BRDA:60,8,2,7
BRDA:86,9,0,1
BRDA:86,9,1,9
BRDA:97,10,0,2
BRDA:97,10,1,7
BRDA:97,11,0,9
BRDA:97,11,1,8
BRDA:117,12,0,3
BRDA:117,12,1,16
BRDA:117,13,0,19
BRDA:117,13,1,16
BRDA:119,14,0,16
BRDA:119,14,1,11
BRDA:128,15,0,3
BRDA:128,15,1,19
BRDA:128,16,0,22
BRDA:128,16,1,19
BRDA:155,17,0,1
BRDA:155,18,0,1
BRDA:170,19,0,1
BRDA:170,20,0,1
BRDA:186,21,0,2
BRDA:186,22,0,2
BRDA:193,23,0,2
BRDA:193,23,1,1
BRDA:193,24,0,3
BRDA:193,24,1,1
BRF:46
BRH:46
end_of_record
TN:
SF:src\utils\helpers.js
FN:8,(anonymous_0)
FN:23,(anonymous_1)
FN:38,(anonymous_2)
FN:54,(anonymous_3)
FN:64,(anonymous_4)
FN:77,(anonymous_5)
FN:89,(anonymous_6)
FN:99,(anonymous_7)
FN:109,(anonymous_8)
FN:121,(anonymous_9)
FN:143,(anonymous_10)
FN:148,(anonymous_11)
FN:150,(anonymous_12)
FN:168,(anonymous_13)
FN:184,(anonymous_14)
FNF:15
FNH:15
FNDA:5,(anonymous_0)
FNDA:6,(anonymous_1)
FNDA:5,(anonymous_2)
FNDA:4,(anonymous_3)
FNDA:4,(anonymous_4)
FNDA:7,(anonymous_5)
FNDA:9,(anonymous_6)
FNDA:8,(anonymous_7)
FNDA:6,(anonymous_8)
FNDA:5,(anonymous_9)
FNDA:4,(anonymous_10)
FNDA:8,(anonymous_11)
FNDA:8,(anonymous_12)
FNDA:5,(anonymous_13)
FNDA:6,(anonymous_14)
DA:8,1
DA:9,5
DA:10,5
DA:11,5
DA:12,138
DA:14,5
DA:23,1
DA:24,6
DA:38,1
DA:39,5
DA:40,5
DA:41,5
DA:43,5
DA:46,5
DA:47,5
DA:54,1
DA:55,4
DA:56,4
DA:57,4
DA:64,1
DA:65,4
DA:66,4
DA:67,4
DA:77,1
DA:78,7
DA:79,7
DA:81,7
DA:89,1
DA:90,9
DA:91,9
DA:99,1
DA:100,8
DA:101,8
DA:109,1
DA:110,6
DA:111,3
DA:121,1
DA:122,5
DA:123,5
DA:124,5
DA:126,5
DA:143,1
DA:144,4
DA:145,2
DA:148,8
DA:149,2
DA:150,2
DA:151,8
DA:152,8
DA:155,2
DA:168,1
DA:169,5
DA:184,1
DA:185,6
DA:186,6
DA:189,1
LF:56
LH:56
BRDA:8,0,0,1
BRDA:23,1,0,1
BRDA:110,2,0,3
BRDA:110,2,1,3
BRDA:133,3,0,2
BRDA:133,3,1,3
BRDA:134,4,0,2
BRDA:134,4,1,3
BRDA:144,5,0,2
BRDA:144,5,1,2
BRDA:144,6,0,4
BRDA:144,6,1,3
BRDA:151,7,0,8
BRDA:151,7,1,6
BRDA:168,8,0,4
BRDA:184,9,0,5
BRDA:186,10,0,6
BRDA:186,10,1,5
BRF:18
BRH:18
end_of_record
TN:
SF:src\utils\logger.js
FN:7,(anonymous_0)
FN:12,(anonymous_1)
FN:17,(anonymous_2)
FN:26,(anonymous_3)
FN:35,(anonymous_4)
FN:44,(anonymous_5)
FN:63,(anonymous_6)
FN:72,(anonymous_7)
FN:80,(anonymous_8)
FN:88,(anonymous_9)
FN:96,(anonymous_10)
FN:105,(anonymous_11)
FN:115,(anonymous_12)
FN:124,(anonymous_13)
FN:132,(anonymous_14)
FN:142,(anonymous_15)
FN:151,(anonymous_16)
FN:160,(anonymous_17)
FN:170,(anonymous_18)
FN:180,(anonymous_19)
FN:189,(anonymous_20)
FN:205,(anonymous_21)
FN:206,(anonymous_22)
FN:207,(anonymous_23)
FN:208,(anonymous_24)
FN:209,(anonymous_25)
FN:210,(anonymous_26)
FN:211,(anonymous_27)
FN:212,(anonymous_28)
FN:213,(anonymous_29)
FN:214,(anonymous_30)
FN:215,(anonymous_31)
FN:216,(anonymous_32)
FN:217,(anonymous_33)
FN:218,(anonymous_34)
FN:219,(anonymous_35)
FN:220,(anonymous_36)
FN:221,(anonymous_37)
FN:222,(anonymous_38)
FN:223,(anonymous_39)
FNF:40
FNH:26
FNDA:27,(anonymous_0)
FNDA:1,(anonymous_1)
FNDA:3,(anonymous_2)
FNDA:2,(anonymous_3)
FNDA:2,(anonymous_4)
FNDA:3,(anonymous_5)
FNDA:2,(anonymous_6)
FNDA:9,(anonymous_7)
FNDA:2,(anonymous_8)
FNDA:3,(anonymous_9)
FNDA:1,(anonymous_10)
FNDA:1,(anonymous_11)
FNDA:1,(anonymous_12)
FNDA:1,(anonymous_13)
FNDA:1,(anonymous_14)
FNDA:1,(anonymous_15)
FNDA:1,(anonymous_16)
FNDA:1,(anonymous_17)
FNDA:1,(anonymous_18)
FNDA:1,(anonymous_19)
FNDA:1,(anonymous_20)
FNDA:1,(anonymous_21)
FNDA:1,(anonymous_22)
FNDA:1,(anonymous_23)
FNDA:1,(anonymous_24)
FNDA:1,(anonymous_25)
FNDA:0,(anonymous_26)
FNDA:0,(anonymous_27)
FNDA:0,(anonymous_28)
FNDA:0,(anonymous_29)
FNDA:0,(anonymous_30)
FNDA:0,(anonymous_31)
FNDA:0,(anonymous_32)
FNDA:0,(anonymous_33)
FNDA:0,(anonymous_34)
FNDA:0,(anonymous_35)
FNDA:0,(anonymous_36)
FNDA:0,(anonymous_37)
FNDA:0,(anonymous_38)
FNDA:0,(anonymous_39)
DA:1,1
DA:8,27
DA:13,1
DA:18,3
DA:27,2
DA:36,2
DA:45,3
DA:51,3
DA:52,2
DA:59,3
DA:64,2
DA:73,9
DA:81,2
DA:89,3
DA:97,1
DA:106,1
DA:116,1
DA:125,1
DA:133,1
DA:143,1
DA:152,1
DA:161,1
DA:171,1
DA:181,1
DA:190,1
DA:198,1
DA:201,1
DA:205,1
DA:206,1
DA:207,1
DA:208,1
DA:209,1
DA:210,0
DA:211,0
DA:212,0
DA:213,0
DA:214,0
DA:215,0
DA:216,0
DA:217,0
DA:218,0
DA:219,0
DA:220,0
DA:221,0
DA:222,0
DA:223,0
LF:46
LH:32
BRDA:7,0,0,2
BRDA:17,1,0,1
BRDA:26,2,0,1
BRDA:35,3,0,1
BRDA:44,4,0,0
BRDA:44,5,0,1
BRDA:51,6,0,2
BRDA:51,6,1,1
BRDA:63,7,0,0
BRDA:72,8,0,0
BRDA:80,9,0,0
BRDA:88,10,0,0
BRDA:96,11,0,0
BRDA:105,12,0,0
BRDA:115,13,0,0
BRDA:124,14,0,0
BRDA:132,15,0,0
BRDA:142,16,0,0
BRDA:151,17,0,0
BRDA:160,18,0,0
BRDA:170,19,0,0
BRDA:180,20,0,0
BRDA:189,21,0,0
BRF:23
BRH:7
end_of_record
TN:
SF:src\utils\responseHelper.js
FN:15,(anonymous_0)
FN:37,(anonymous_1)
FN:56,(anonymous_2)
FN:67,(anonymous_3)
FN:77,(anonymous_4)
FN:88,(anonymous_5)
FN:104,(anonymous_6)
FN:119,(anonymous_7)
FN:134,(anonymous_8)
FN:150,(anonymous_9)
FN:168,(anonymous_10)
FN:183,(anonymous_11)
FN:198,(anonymous_12)
FN:203,(anonymous_13)
FN:212,(anonymous_14)
FNF:15
FNH:15
FNDA:9,(anonymous_0)
FNDA:1,(anonymous_1)
FNDA:2,(anonymous_2)
FNDA:1,(anonymous_3)
FNDA:2,(anonymous_4)
FNDA:2,(anonymous_5)
FNDA:2,(anonymous_6)
FNDA:1,(anonymous_7)
FNDA:1,(anonymous_8)
FNDA:2,(anonymous_9)
FNDA:1,(anonymous_10)
FNDA:2,(anonymous_11)
FNDA:8,(anonymous_12)
FNDA:2,(anonymous_13)
FNDA:3,(anonymous_14)
DA:15,1
DA:16,9
DA:22,9
DA:23,5
DA:26,9
DA:37,1
DA:38,1
DA:56,1
DA:57,2
DA:67,1
DA:68,1
DA:77,1
DA:78,2
DA:88,1
DA:89,2
DA:104,1
DA:105,2
DA:119,1
DA:120,1
DA:134,1
DA:135,1
DA:150,1
DA:151,2
DA:153,2
DA:168,1
DA:169,1
DA:183,1
DA:184,2
DA:198,1
DA:199,8
DA:202,7
DA:203,2
DA:207,6
DA:208,4
DA:211,4
DA:212,3
DA:213,3
DA:218,4
DA:219,1
DA:222,4
DA:225,2
DA:228,1
LF:42
LH:42
BRDA:15,0,0,1
BRDA:15,1,0,1
BRDA:15,2,0,2
BRDA:15,3,0,7
BRDA:22,4,0,5
BRDA:22,4,1,4
BRDA:37,5,0,0
BRDA:56,6,0,1
BRDA:67,7,0,0
BRDA:77,8,0,1
BRDA:88,9,0,1
BRDA:104,10,0,1
BRDA:104,11,0,1
BRDA:119,12,0,0
BRDA:119,13,0,0
BRDA:134,14,0,0
BRDA:134,15,0,0
BRDA:150,16,0,1
BRDA:150,17,0,1
BRDA:157,18,0,1
BRDA:157,18,1,1
BRDA:168,19,0,0
BRDA:168,20,0,0
BRDA:198,21,0,4
BRDA:199,22,0,1
BRDA:199,22,1,7
BRDA:202,23,0,1
BRDA:202,23,1,6
BRDA:207,24,0,4
BRDA:207,24,1,2
BRDA:207,25,0,6
BRDA:207,25,1,4
BRDA:211,26,0,3
BRDA:211,26,1,1
BRDA:218,27,0,1
BRDA:218,27,1,3
BRF:36
BRH:28
end_of_record
TN:
SF:src\utils\startupValidation.js
FN:10,(anonymous_0)
FN:18,(anonymous_1)
FN:30,(anonymous_2)
FN:38,(anonymous_3)
FN:44,(anonymous_4)
FN:56,(anonymous_5)
FN:71,(anonymous_6)
FN:97,(anonymous_7)
FN:127,(anonymous_8)
FN:228,(anonymous_9)
FN:311,(anonymous_10)
FN:330,(anonymous_11)
FN:337,(anonymous_12)
FN:343,(anonymous_13)
FN:367,(anonymous_14)
FNF:15
FNH:14
FNDA:19,(anonymous_0)
FNDA:4,(anonymous_1)
FNDA:8,(anonymous_2)
FNDA:2,(anonymous_3)
FNDA:1,(anonymous_4)
FNDA:0,(anonymous_5)
FNDA:6,(anonymous_6)
FNDA:6,(anonymous_7)
FNDA:5,(anonymous_8)
FNDA:5,(anonymous_9)
FNDA:3,(anonymous_10)
FNDA:2,(anonymous_11)
FNDA:12,(anonymous_12)
FNDA:1,(anonymous_13)
FNDA:1,(anonymous_14)
DA:1,1
DA:2,1
DA:11,19
DA:12,19
DA:19,4
DA:31,8
DA:33,8
DA:34,8
DA:36,7
DA:37,2
DA:38,2
DA:39,2
DA:42,2
DA:43,1
DA:44,1
DA:45,1
DA:49,2
DA:52,5
DA:54,5
DA:55,0
DA:56,0
DA:57,0
DA:61,5
DA:63,1
DA:64,1
DA:72,6
DA:74,6
DA:75,6
DA:78,6
DA:86,4
DA:87,4
DA:89,2
DA:90,2
DA:98,6
DA:99,1
DA:100,1
DA:103,5
DA:105,5
DA:106,5
DA:107,5
DA:111,5
DA:112,1
DA:113,1
DA:115,1
DA:116,1
DA:118,4
DA:119,4
DA:120,4
DA:128,5
DA:130,5
DA:140,5
DA:141,5
DA:142,5
DA:145,5
DA:146,1
DA:147,1
DA:148,4
DA:149,0
DA:150,0
DA:151,4
DA:153,0
DA:154,0
DA:156,4
DA:159,0
DA:163,5
DA:164,5
DA:165,1
DA:166,1
DA:168,4
DA:171,0
DA:175,5
DA:176,5
DA:177,1
DA:178,1
DA:180,4
DA:183,0
DA:187,5
DA:188,5
DA:189,5
DA:190,5
DA:192,0
DA:195,0
DA:199,5
DA:200,5
DA:201,5
DA:202,5
DA:204,0
DA:207,0
DA:211,5
DA:212,5
DA:213,5
DA:214,5
DA:216,0
DA:219,0
DA:222,5
DA:229,5
DA:231,5
DA:232,5
DA:242,5
DA:243,5
DA:244,1
DA:245,1
DA:246,1
DA:250,4
DA:251,4
DA:252,1
DA:253,1
DA:254,1
DA:258,3
DA:261,3
DA:264,3
DA:265,2
DA:266,2
DA:267,2
DA:269,2
DA:270,1
DA:272,1
DA:275,2
DA:280,2
DA:281,1
DA:282,1
DA:285,0
DA:286,0
DA:292,0
DA:293,0
DA:294,0
DA:299,2
DA:300,2
DA:302,2
DA:303,2
DA:305,2
DA:312,3
DA:313,3
DA:316,3
DA:319,3
DA:320,3
DA:323,3
DA:324,3
DA:331,2
DA:332,2
DA:333,2
DA:334,2
DA:336,2
DA:337,2
DA:338,12
DA:341,2
DA:342,1
DA:343,1
DA:344,1
DA:345,1
DA:346,1
DA:351,2
DA:352,2
DA:353,2
DA:354,2
DA:355,2
DA:356,2
DA:357,2
DA:358,2
DA:359,2
DA:360,2
DA:361,2
DA:368,1
DA:372,1
LF:164
LH:143
BRDA:18,0,0,1
BRDA:36,1,0,2
BRDA:36,1,1,5
BRDA:42,2,0,1
BRDA:42,2,1,1
BRDA:54,3,0,0
BRDA:54,3,1,5
BRDA:79,4,0,6
BRDA:79,4,1,0
BRDA:98,5,0,1
BRDA:98,5,1,5
BRDA:145,6,0,1
BRDA:145,6,1,4
BRDA:145,7,0,5
BRDA:145,7,1,5
BRDA:148,8,0,0
BRDA:148,8,1,4
BRDA:148,9,0,4
BRDA:148,9,1,0
BRDA:151,10,0,0
BRDA:151,10,1,4
BRDA:151,11,0,4
BRDA:151,11,1,4
BRDA:151,11,2,0
BRDA:151,11,3,0
BRDA:164,12,0,1
BRDA:164,12,1,4
BRDA:164,13,0,5
BRDA:164,13,1,1
BRDA:164,13,2,1
BRDA:176,14,0,1
BRDA:176,14,1,4
BRDA:188,15,0,5
BRDA:188,15,1,0
BRDA:188,16,0,5
BRDA:188,16,1,5
BRDA:200,17,0,5
BRDA:200,17,1,0
BRDA:200,18,0,5
BRDA:200,18,1,5
BRDA:212,19,0,5
BRDA:212,19,1,0
BRDA:212,20,0,5
BRDA:212,20,1,5
BRDA:243,21,0,1
BRDA:243,21,1,4
BRDA:251,22,0,1
BRDA:251,22,1,3
BRDA:269,23,0,1
BRDA:269,23,1,1
BRDA:280,24,0,1
BRDA:280,24,1,1
BRDA:280,25,0,2
BRDA:280,25,1,1
BRDA:292,26,0,0
BRDA:292,26,1,0
BRDA:332,27,0,2
BRDA:332,27,1,0
BRDA:333,28,0,2
BRDA:333,28,1,0
BRDA:334,29,0,0
BRDA:334,29,1,2
BRDA:338,30,0,6
BRDA:338,30,1,6
BRDA:341,31,0,1
BRDA:341,31,1,1
BRDA:344,32,0,1
BRDA:344,32,1,0
BRDA:345,33,0,0
BRDA:345,33,1,1
BRDA:355,34,0,2
BRDA:355,34,1,0
BRDA:356,35,0,2
BRDA:356,35,1,0
BRDA:357,36,0,2
BRDA:357,36,1,0
BRDA:358,37,0,2
BRDA:358,37,1,0
BRDA:359,38,0,2
BRDA:359,38,1,0
BRDA:359,39,0,2
BRDA:359,39,1,0
BRDA:360,40,0,2
BRDA:360,40,1,0
BRDA:361,41,0,2
BRDA:361,41,1,0
BRF:86
BRH:61
end_of_record
TN:
SF:src\utils\templateEngine.js
FN:5,(anonymous_0)
FN:14,(anonymous_1)
FN:18,(anonymous_2)
FN:42,(anonymous_3)
FN:129,(anonymous_4)
FN:140,(anonymous_5)
FN:155,(anonymous_6)
FN:165,(anonymous_7)
FN:174,(anonymous_8)
FN:179,(anonymous_9)
FN:184,(anonymous_10)
FN:203,(anonymous_11)
FN:204,(anonymous_12)
FN:218,(anonymous_13)
FN:219,(anonymous_14)
FN:221,(anonymous_15)
FN:226,(anonymous_16)
FN:240,(anonymous_17)
FN:249,(anonymous_18)
FN:258,(anonymous_19)
FN:266,(anonymous_20)
FN:273,(anonymous_21)
FNF:22
FNH:19
FNDA:1,(anonymous_0)
FNDA:19,(anonymous_1)
FNDA:171,(anonymous_2)
FNDA:0,(anonymous_3)
FNDA:0,(anonymous_4)
FNDA:13,(anonymous_5)
FNDA:1,(anonymous_6)
FNDA:12,(anonymous_7)
FNDA:72,(anonymous_8)
FNDA:8,(anonymous_9)
FNDA:0,(anonymous_10)
FNDA:12,(anonymous_11)
FNDA:3,(anonymous_12)
FNDA:12,(anonymous_13)
FNDA:2,(anonymous_14)
FNDA:2,(anonymous_15)
FNDA:4,(anonymous_16)
FNDA:5,(anonymous_17)
FNDA:11,(anonymous_18)
FNDA:6,(anonymous_19)
FNDA:1,(anonymous_20)
FNDA:1,(anonymous_21)
DA:1,1
DA:2,1
DA:6,1
DA:7,1
DA:8,1
DA:15,19
DA:16,19
DA:17,19
DA:18,19
DA:19,171
DA:20,171
DA:21,171
DA:22,171
DA:23,171
DA:28,0
DA:29,0
DA:33,0
DA:35,0
DA:43,0
DA:129,0
DA:130,0
DA:141,13
DA:142,13
DA:143,1
DA:146,12
DA:156,1
DA:167,12
DA:168,1
DA:171,12
DA:174,12
DA:175,72
DA:179,12
DA:180,8
DA:184,12
DA:185,0
DA:189,12
DA:192,12
DA:194,12
DA:204,12
DA:205,3
DA:206,1
DA:208,2
DA:219,12
DA:220,2
DA:221,2
DA:222,2
DA:224,2
DA:226,2
DA:227,4
DA:229,2
DA:232,0
DA:241,5
DA:250,11
DA:259,6
DA:267,1
DA:274,1
DA:275,1
DA:279,1
LF:58
LH:49
BRDA:16,0,0,19
BRDA:16,0,1,0
BRDA:19,1,0,171
BRDA:19,1,1,0
BRDA:28,2,0,0
BRDA:28,2,1,0
BRDA:28,3,0,0
BRDA:28,3,1,0
BRDA:140,4,0,1
BRDA:142,5,0,1
BRDA:142,5,1,12
BRDA:155,6,0,0
BRDA:167,7,0,1
BRDA:167,7,1,11
BRDA:167,8,0,12
BRDA:167,8,1,11
BRDA:175,9,0,14
BRDA:175,9,1,58
BRDA:180,10,0,0
BRDA:180,10,1,8
BRDA:180,11,0,8
BRDA:180,11,1,0
BRDA:185,12,0,0
BRDA:185,12,1,0
BRDA:185,13,0,0
BRDA:185,13,1,0
BRDA:205,14,0,1
BRDA:205,14,1,2
BRDA:220,15,0,2
BRDA:220,15,1,0
BRDA:227,16,0,4
BRDA:227,16,1,0
BRF:32
BRH:17
end_of_record
TN:
SF:src\utils\validation.js
FN:118,(anonymous_0)
FN:123,(anonymous_1)
FN:124,(anonymous_2)
FN:137,(anonymous_3)
FN:138,(anonymous_4)
FN:146,(anonymous_5)
FNF:6
FNH:6
FNDA:14,(anonymous_0)
FNDA:3,(anonymous_1)
FNDA:3,(anonymous_2)
FNDA:3,(anonymous_3)
FNDA:3,(anonymous_4)
FNDA:1,(anonymous_5)
DA:1,1
DA:4,1
DA:11,1
DA:19,1
DA:23,1
DA:40,1
DA:56,1
DA:71,1
DA:102,1
DA:118,1
DA:119,14
DA:123,1
DA:124,3
DA:125,3
DA:126,3
DA:127,2
DA:132,1
DA:137,1
DA:138,3
DA:139,3
DA:145,3
DA:146,1
DA:147,1
DA:154,2
DA:155,2
DA:159,1
LF:26
LH:26
BRDA:119,0,0,14
BRDA:119,0,1,11
BRDA:123,1,0,0
BRDA:126,2,0,2
BRDA:126,2,1,1
BRDA:137,3,0,2
BRDA:145,4,0,1
BRDA:145,4,1,2
BRF:8
BRH:7
end_of_record
